                 :-) GROMACS - gmx mdrun, 2020.4-UNCHECKED (-:

                            GROMACS is written by:
     Emile Apol      Rossen Apostolov      Paul Bauer     Herman J.C. Berendsen
    Par Bjelkmar      Christian Blau   Viacheslav Bolnykh     Kevin Boyd    
 Aldert van Buuren   Rudi van Drunen     Anton Feenstra       Alan Gray     
  Gerrit Groenhof     Anca Hamuraru    Vincent Hindriksen  M. Eric Irrgang  
  Aleksei Iupinov   Christoph Junghans     Joe Jordan     Dimitrios Karkoulis
    Peter Kasson        Jiri Kraus      Carsten Kutzner      Per Larsson    
  Justin A. Lemkul    Viveca Lindahl    Magnus Lundborg     Erik Marklund   
    Pascal Merz     Pieter Meulenhoff    Teemu Murtola       Szilard Pall   
    Sander Pronk      Roland Schulz      Michael Shirts    Alexey Shvetsov  
   Alfons Sijbers     Peter Tieleman      Jon Vincent      Teemu Virolainen 
 Christian Wennberg    Maarten Wolf      Artem Zhmurov   
                           and the project leaders:
        Mark Abraham, Berk Hess, Erik Lindahl, and David van der Spoel

Copyright (c) 1991-2000, University of Groningen, The Netherlands.
Copyright (c) 2001-2019, The GROMACS development team at
Uppsala University, Stockholm University and
the Royal Institute of Technology, Sweden.
check out http://www.gromacs.org for more information.

GROMACS is free software; you can redistribute it and/or modify it
under the terms of the GNU Lesser General Public License
as published by the Free Software Foundation; either version 2.1
of the License, or (at your option) any later version.

GROMACS:      gmx mdrun, version 2020.4-UNCHECKED
Executable:   /mnt/exports/shared/home/ccuser/gromacs2020/bin/gmx_mpi
Data prefix:  /mnt/exports/shared/home/ccuser/gromacs2020
Working dir:  /mnt/exports/shared/home/ccuser/gmxresullt
Process ID:   11097
Command line:
  gmx_mpi mdrun -pin on -ntomp 2 -s benchMEM.tpr

GROMACS version:    2020.4-UNCHECKED
The source code this program was compiled from has not been verified because the reference checksum was missing during compilation. This means you have an incomplete GROMACS distribution, please make sure to download an intact source distribution and compile that before proceeding.
Computed checksum: NoChecksumFile
Precision:          single
Memory model:       64 bit
MPI library:        MPI
OpenMP support:     enabled (GMX_OPENMP_MAX_THREADS = 64)
GPU support:        CUDA
SIMD instructions:  AVX2_256
FFT library:        fftw-3.3.8-sse2-avx-avx2-avx2_128
RDTSCP usage:       enabled
TNG support:        enabled
Hwloc support:      hwloc-2.1.0
Tracing support:    disabled
C compiler:         /opt/intel/compilers_and_libraries_2018.5.274/linux/mpi/intel64/bin/mpicc GNU 9.2.0
C compiler flags:   -mavx2 -mfma -fexcess-precision=fast -funroll-all-loops -O2 -DNDEBUG
C++ compiler:       /opt/intel/compilers_and_libraries_2018.5.274/linux/mpi/intel64/bin/mpicxx GNU 9.2.0
C++ compiler flags: -mavx2 -mfma -fexcess-precision=fast -funroll-all-loops -fopenmp -O2 -DNDEBUG
CUDA compiler:      /usr/local/cuda-11.0/bin/nvcc nvcc: NVIDIA (R) Cuda compiler driver;Copyright (c) 2005-2020 NVIDIA Corporation;Built on Thu_Jun_11_22:26:38_PDT_2020;Cuda compilation tools, release 11.0, V11.0.194;Build cuda_11.0_bu.TC445_37.28540450_0
CUDA compiler flags:-gencode;arch=compute_35,code=sm_35;-gencode;arch=compute_37,code=sm_37;-gencode;arch=compute_50,code=sm_50;-gencode;arch=compute_52,code=sm_52;-gencode;arch=compute_60,code=sm_60;-gencode;arch=compute_61,code=sm_61;-gencode;arch=compute_70,code=sm_70;-Wno-deprecated-gpu-targets;-gencode;arch=compute_35,code=compute_35;-gencode;arch=compute_50,code=compute_50;-gencode;arch=compute_52,code=compute_52;-gencode;arch=compute_60,code=compute_60;-gencode;arch=compute_61,code=compute_61;-gencode;arch=compute_70,code=compute_70;-gencode;arch=compute_75,code=compute_75;-gencode;arch=compute_80,code=compute_80;-use_fast_math;;-mavx2 -mfma -fexcess-precision=fast -funroll-all-loops -fopenmp -O2 -DNDEBUG
CUDA driver:        11.0
CUDA runtime:       11.0


Running on 1 node with total 24 cores, 24 logical cores, 4 compatible GPUs
Hardware detected on host ip-0A000007 (the node of MPI rank 0):
  CPU info:
    Vendor: Intel
    Brand:  Intel(R) Xeon(R) CPU E5-2690 v4 @ 2.60GHz
    Family: 6   Model: 79   Stepping: 1
    Features: aes apic avx avx2 clfsh cmov cx8 cx16 f16c fma hle intel lahf mmx msr pcid pclmuldq pdpe1gb popcnt pse rdrnd rdtscp rtm sse2 sse3 sse4.1 sse4.2 ssse3
  Hardware topology: Full, with devices
    Sockets, cores, and logical processors:
      Socket  0: [   0] [   1] [   2] [   3] [   4] [   5] [   6] [   7] [   8] [   9] [  10] [  11]
      Socket  1: [  12] [  13] [  14] [  15] [  16] [  17] [  18] [  19] [  20] [  21] [  22] [  23]
    Numa nodes:
      Node  0 (236689903616 bytes mem):   0   1   2   3   4   5   6   7   8   9  10  11
      Node  1 (236738875392 bytes mem):  12  13  14  15  16  17  18  19  20  21  22  23
      Latency:
               0     1
         0  1.00  2.00
         1  2.00  1.00
    Caches:
      L1: 32768 bytes, linesize 64 bytes, assoc. 8, shared 1 ways
      L2: 262144 bytes, linesize 64 bytes, assoc. 8, shared 1 ways
      L3: 36700160 bytes, linesize 64 bytes, assoc. 20, shared 12 ways
    PCI devices:
      0000:00:07.1  Id: 8086:7111  Class: 0x0101  Numa: -1
      0000:00:08.0  Id: 1414:5353  Class: 0x0300  Numa: -1
      0001:00:00.0  Id: 10de:1db4  Class: 0x0302  Numa: -1
      0002:00:00.0  Id: 10de:1db4  Class: 0x0302  Numa: -1
      0003:00:00.0  Id: 10de:1db4  Class: 0x0302  Numa: -1
      0004:00:00.0  Id: 10de:1db4  Class: 0x0302  Numa: -1
  GPU info:
    Number of GPUs detected: 4
    #0: NVIDIA Tesla V100-PCIE-16GB, compute cap.: 7.0, ECC: yes, stat: compatible
    #1: NVIDIA Tesla V100-PCIE-16GB, compute cap.: 7.0, ECC: yes, stat: compatible
    #2: NVIDIA Tesla V100-PCIE-16GB, compute cap.: 7.0, ECC: yes, stat: compatible
    #3: NVIDIA Tesla V100-PCIE-16GB, compute cap.: 7.0, ECC: yes, stat: compatible


++++ PLEASE READ AND CITE THE FOLLOWING REFERENCE ++++
M. J. Abraham, T. Murtola, R. Schulz, S. Páll, J. C. Smith, B. Hess, E.
Lindahl
GROMACS: High performance molecular simulations through multi-level
parallelism from laptops to supercomputers
SoftwareX 1 (2015) pp. 19-25
-------- -------- --- Thank You --- -------- --------


++++ PLEASE READ AND CITE THE FOLLOWING REFERENCE ++++
S. Páll, M. J. Abraham, C. Kutzner, B. Hess, E. Lindahl
Tackling Exascale Software Challenges in Molecular Dynamics Simulations with
GROMACS
In S. Markidis & E. Laure (Eds.), Solving Software Challenges for Exascale 8759 (2015) pp. 3-27
-------- -------- --- Thank You --- -------- --------


++++ PLEASE READ AND CITE THE FOLLOWING REFERENCE ++++
S. Pronk, S. Páll, R. Schulz, P. Larsson, P. Bjelkmar, R. Apostolov, M. R.
Shirts, J. C. Smith, P. M. Kasson, D. van der Spoel, B. Hess, and E. Lindahl
GROMACS 4.5: a high-throughput and highly parallel open source molecular
simulation toolkit
Bioinformatics 29 (2013) pp. 845-54
-------- -------- --- Thank You --- -------- --------


++++ PLEASE READ AND CITE THE FOLLOWING REFERENCE ++++
B. Hess and C. Kutzner and D. van der Spoel and E. Lindahl
GROMACS 4: Algorithms for highly efficient, load-balanced, and scalable
molecular simulation
J. Chem. Theory Comput. 4 (2008) pp. 435-447
-------- -------- --- Thank You --- -------- --------


++++ PLEASE READ AND CITE THE FOLLOWING REFERENCE ++++
D. van der Spoel, E. Lindahl, B. Hess, G. Groenhof, A. E. Mark and H. J. C.
Berendsen
GROMACS: Fast, Flexible and Free
J. Comp. Chem. 26 (2005) pp. 1701-1719
-------- -------- --- Thank You --- -------- --------


++++ PLEASE READ AND CITE THE FOLLOWING REFERENCE ++++
E. Lindahl and B. Hess and D. van der Spoel
GROMACS 3.0: A package for molecular simulation and trajectory analysis
J. Mol. Mod. 7 (2001) pp. 306-317
-------- -------- --- Thank You --- -------- --------


++++ PLEASE READ AND CITE THE FOLLOWING REFERENCE ++++
H. J. C. Berendsen, D. van der Spoel and R. van Drunen
GROMACS: A message-passing parallel molecular dynamics implementation
Comp. Phys. Comm. 91 (1995) pp. 43-56
-------- -------- --- Thank You --- -------- --------


++++ PLEASE CITE THE DOI FOR THIS VERSION OF GROMACS ++++
https://doi.org/10.5281/zenodo.4054979
-------- -------- --- Thank You --- -------- --------

Input Parameters:
   integrator                     = md
   tinit                          = 0
   dt                             = 0.002
   nsteps                         = 10000
   init-step                      = 0
   simulation-part                = 1
   comm-mode                      = Linear
   nstcomm                        = 100
   bd-fric                        = 0
   ld-seed                        = 1993
   emtol                          = 1e-06
   emstep                         = 0.01
   niter                          = 100
   fcstep                         = 0
   nstcgsteep                     = 1000
   nbfgscorr                      = 10
   rtpi                           = 0.05
   nstxout                        = 0
   nstvout                        = 0
   nstfout                        = 0
   nstlog                         = 0
   nstcalcenergy                  = 100
   nstenergy                      = 0
   nstxout-compressed             = 0
   compressed-x-precision         = 1000
   cutoff-scheme                  = Verlet
   nstlist                        = 10
   pbc                            = xyz
   periodic-molecules             = false
   verlet-buffer-tolerance        = 0.005
   rlist                          = 1
   coulombtype                    = PME
   coulomb-modifier               = Potential-shift
   rcoulomb-switch                = 0
   rcoulomb                       = 1
   epsilon-r                      = 1
   epsilon-rf                     = 1
   vdw-type                       = Cut-off
   vdw-modifier                   = Potential-shift
   rvdw-switch                    = 1.2
   rvdw                           = 1
   DispCorr                       = No
   table-extension                = 1
   fourierspacing                 = 0.12
   fourier-nx                     = 96
   fourier-ny                     = 96
   fourier-nz                     = 80
   pme-order                      = 4
   ewald-rtol                     = 1e-05
   ewald-rtol-lj                  = 1e-05
   lj-pme-comb-rule               = Geometric
   ewald-geometry                 = 0
   epsilon-surface                = 0
   tcoupl                         = Berendsen
   nsttcouple                     = 10
   nh-chain-length                = 0
   print-nose-hoover-chain-variables = false
   pcoupl                         = Berendsen
   pcoupltype                     = Isotropic
   nstpcouple                     = 10
   tau-p                          = 1
   compressibility (3x3):
      compressibility[    0]={ 4.50000e-05,  0.00000e+00,  0.00000e+00}
      compressibility[    1]={ 0.00000e+00,  4.50000e-05,  0.00000e+00}
      compressibility[    2]={ 0.00000e+00,  0.00000e+00,  4.50000e-05}
   ref-p (3x3):
      ref-p[    0]={ 1.00000e+00,  0.00000e+00,  0.00000e+00}
      ref-p[    1]={ 0.00000e+00,  1.00000e+00,  0.00000e+00}
      ref-p[    2]={ 0.00000e+00,  0.00000e+00,  1.00000e+00}
   refcoord-scaling               = No
   posres-com (3):
      posres-com[0]= 0.00000e+00
      posres-com[1]= 0.00000e+00
      posres-com[2]= 0.00000e+00
   posres-comB (3):
      posres-comB[0]= 0.00000e+00
      posres-comB[1]= 0.00000e+00
      posres-comB[2]= 0.00000e+00
   QMMM                           = false
   QMconstraints                  = 0
   QMMMscheme                     = 0
   MMChargeScaleFactor            = 1
qm-opts:
   ngQM                           = 0
   constraint-algorithm           = Lincs
   continuation                   = false
   Shake-SOR                      = false
   shake-tol                      = 0.0001
   lincs-order                    = 4
   lincs-iter                     = 1
   lincs-warnangle                = 30
   nwall                          = 0
   wall-type                      = 9-3
   wall-r-linpot                  = -1
   wall-atomtype[0]               = -1
   wall-atomtype[1]               = -1
   wall-density[0]                = 0
   wall-density[1]                = 0
   wall-ewald-zfac                = 3
   pull                           = false
   awh                            = false
   rotation                       = false
   interactiveMD                  = false
   disre                          = No
   disre-weighting                = Equal
   disre-mixed                    = false
   dr-fc                          = 1000
   dr-tau                         = 1.25
   nstdisreout                    = 100
   orire-fc                       = 0
   orire-tau                      = 0
   nstorireout                    = 100
   free-energy                    = no
   cos-acceleration               = 0
   deform (3x3):
      deform[    0]={ 0.00000e+00,  0.00000e+00,  0.00000e+00}
      deform[    1]={ 0.00000e+00,  0.00000e+00,  0.00000e+00}
      deform[    2]={ 0.00000e+00,  0.00000e+00,  0.00000e+00}
   simulated-tempering            = false
   swapcoords                     = no
   userint1                       = 0
   userint2                       = 0
   userint3                       = 0
   userint4                       = 0
   userreal1                      = 0
   userreal2                      = 0
   userreal3                      = 0
   userreal4                      = 0
   applied-forces:
     electric-field:
grpopts:
   nrdf:      163634
   ref-t:         300
   tau-t:         0.1
annealing:          No
annealing-npoints:           0
   acc:	           0           0           0
   nfreeze:           N           N           N
   energygrp-flags[  0]: 0

Changing nstlist from 10 to 100, rlist from 1 to 1.125


Initializing Domain Decomposition on 12 ranks
Dynamic load balancing: auto
Minimum cell size due to atom displacement: 0.730 nm
Initial maximum distances in bonded interactions:
    two-body bonded interactions: 0.424 nm, LJ-14, atoms 4910 4912
  multi-body bonded interactions: 0.416 nm, Proper Dih., atoms 3727 3731
Minimum cell size due to bonded interactions: 0.457 nm
Maximum distance for 5 constraints, at 120 deg. angles, all-trans: 0.820 nm
Estimated maximum distance required for P-LINCS: 0.820 nm
This distance will limit the DD cell size, you can override this with -rcon
Scaling the initial minimum size with 1/0.8 (option -dds) = 1.25
Using 0 separate PME ranks
Optimizing the DD grid for 12 cells with a minimum initial size of 1.025 nm
The maximum allowed number of cells is: X 10 Y 9 Z 9
Domain decomposition grid 6 x 1 x 2, separate PME ranks 0
PME domain decomposition: 12 x 1 x 1
Domain decomposition rank 0, coordinates 0 0 0

The initial number of communication pulses is: X 1 Z 1
The initial domain decomposition cell size is: X 1.80 nm Z 4.78 nm

The maximum allowed distance for atoms involved in interactions is:
                 non-bonded interactions           1.125 nm
(the following are initial values, they could change due to box deformation)
            two-body bonded interactions  (-rdd)   1.125 nm
          multi-body bonded interactions  (-rdd)   1.125 nm
  atoms separated by up to 5 constraints  (-rcon)  1.798 nm

When dynamic load balancing gets turned on, these settings will change to:
The maximum number of communication pulses is: X 1 Z 1
The minimum size for domain decomposition cells is 1.125 nm
The requested allowed shrink of DD cells (option -dds) is: 0.80
The allowed shrink of domain decomposition cells is: X 0.63 Z 0.24
The maximum allowed distance for atoms involved in interactions is:
                 non-bonded interactions           1.125 nm
            two-body bonded interactions  (-rdd)   1.125 nm
          multi-body bonded interactions  (-rdd)   1.125 nm
  atoms separated by up to 5 constraints  (-rcon)  1.125 nm

On host ip-0A000007 4 GPUs selected for this run.
Mapping of GPU IDs to the 12 GPU tasks in the 12 ranks on this node:
  PP:0,PP:0,PP:0,PP:1,PP:1,PP:1,PP:2,PP:2,PP:2,PP:3,PP:3,PP:3
PP tasks will do (non-perturbed) short-ranged and most bonded interactions on the GPU
PP task will update and constrain coordinates on the CPU
Using 12 MPI processes
Using 2 OpenMP threads per MPI process


Overriding thread affinity set outside gmx mdrun

Pinning threads with an auto-selected logical core stride of 1
System total charge: 0.000
Will do PME sum in reciprocal space for electrostatic interactions.

++++ PLEASE READ AND CITE THE FOLLOWING REFERENCE ++++
U. Essmann, L. Perera, M. L. Berkowitz, T. Darden, H. Lee and L. G. Pedersen 
A smooth particle mesh Ewald method
J. Chem. Phys. 103 (1995) pp. 8577-8592
-------- -------- --- Thank You --- -------- --------

Using a Gaussian width (1/beta) of 0.320163 nm for Ewald
Potential shift: LJ r^-12: -1.000e+00 r^-6: -1.000e+00, Ewald -1.000e-05
Initialized non-bonded Ewald tables, spacing: 9.33e-04 size: 1073

Generated table with 1062 data points for 1-4 COUL.
Tabscale = 500 points/nm
Generated table with 1062 data points for 1-4 LJ6.
Tabscale = 500 points/nm
Generated table with 1062 data points for 1-4 LJ12.
Tabscale = 500 points/nm

Using GPU 8x8 nonbonded short-range kernels

Using a dual 8x8 pair-list setup updated with dynamic, rolling pruning:
  outer list: updated every 100 steps, buffer 0.125 nm, rlist 1.125 nm
  inner list: updated every  16 steps, buffer 0.004 nm, rlist 1.004 nm
At tolerance 0.005 kJ/mol/ps per atom, equivalent classical 1x1 list would be:
  outer list: updated every 100 steps, buffer 0.276 nm, rlist 1.276 nm
  inner list: updated every  16 steps, buffer 0.064 nm, rlist 1.064 nm

Using full Lennard-Jones parameter combination matrix

Removing pbc first time

Initializing Parallel LINear Constraint Solver

++++ PLEASE READ AND CITE THE FOLLOWING REFERENCE ++++
B. Hess
P-LINCS: A Parallel Linear Constraint Solver for molecular simulation
J. Chem. Theory Comput. 4 (2008) pp. 116-122
-------- -------- --- Thank You --- -------- --------

The number of constraints is 22285
There are constraints between atoms in different decomposition domains,
will communicate selected coordinates each lincs iteration

++++ PLEASE READ AND CITE THE FOLLOWING REFERENCE ++++
S. Miyamoto and P. A. Kollman
SETTLE: An Analytical Version of the SHAKE and RATTLE Algorithms for Rigid
Water Models
J. Comp. Chem. 13 (1992) pp. 952-962
-------- -------- --- Thank You --- -------- --------


Linking all bonded interactions to atoms


Intra-simulation communication will occur every 10 steps.

++++ PLEASE READ AND CITE THE FOLLOWING REFERENCE ++++
H. J. C. Berendsen, J. P. M. Postma, A. DiNola and J. R. Haak
Molecular dynamics with coupling to an external bath
J. Chem. Phys. 81 (1984) pp. 3684-3690
-------- -------- --- Thank You --- -------- --------

There are: 81743 Atoms
Atom distribution over 12 domains: av 6811 stddev 295 min 6374 max 7230

NOTE: DLB will not turn on during the first phase of PME tuning

Constraining the starting coordinates (step 0)

Constraining the coordinates at t0-dt (step 0)
Center of mass motion removal mode is Linear
We have the following groups for center of mass motion removal:
  0:  rest
RMS relative constraint deviation after constraining: 3.22e-06
Initial temperature: 301.849 K

Started mdrun on rank 0 Sat Oct 31 10:07:48 2020

           Step           Time
              0        0.00000

   Energies (kJ/mol)
          Angle    Proper Dih. Ryckaert-Bell.  Improper Dih.          LJ-14
    5.36318e+04    1.72954e+04    1.37537e+04    5.80913e+03    2.73783e+04
     Coulomb-14        LJ (SR)   Coulomb (SR)   Coul. recip.      Potential
    9.80264e+04    4.92496e+04   -1.56493e+06    1.19681e+04   -1.28781e+06
    Kinetic En.   Total Energy  Conserved En.    Temperature Pressure (bar)
    2.05439e+05   -1.08238e+06   -1.08242e+06    3.01998e+02    4.12158e+02
   Constr. rmsd
    1.53726e-05


DD  step 99 load imb.: force  6.1%
step 2400: timed with pme grid 96 96 80, coulomb cutoff 1.000: 476.5 M-cycles
step 2600: timed with pme grid 84 80 80, coulomb cutoff 1.070: 459.0 M-cycles
step 2800: timed with pme grid 80 72 72, coulomb cutoff 1.179: 465.8 M-cycles
step 3000: timed with pme grid 72 64 60, coulomb cutoff 1.327: 418.9 M-cycles
step 3200: timed with pme grid 64 60 56, coulomb cutoff 1.421: 408.4 M-cycles
step 3400: timed with pme grid 56 52 52, coulomb cutoff 1.632: 465.8 M-cycles
step 3600: timed with pme grid 56 56 52, coulomb cutoff 1.605: 396.5 M-cycles
step 3800: timed with pme grid 60 56 52, coulomb cutoff 1.531: 422.9 M-cycles
step 4000: timed with pme grid 60 56 56, coulomb cutoff 1.515: 371.2 M-cycles
step 4200: timed with pme grid 60 60 56, coulomb cutoff 1.498: 367.4 M-cycles
step 4400: timed with pme grid 64 60 56, coulomb cutoff 1.421: 394.2 M-cycles
step 4600: timed with pme grid 64 60 60, coulomb cutoff 1.414: 373.9 M-cycles
step 4800: timed with pme grid 64 64 60, coulomb cutoff 1.405: 420.6 M-cycles
step 5000: timed with pme grid 72 64 60, coulomb cutoff 1.327: 394.2 M-cycles
step 5200: timed with pme grid 72 72 64, coulomb cutoff 1.249: 419.5 M-cycles
step 5400: timed with pme grid 56 56 52, coulomb cutoff 1.605: 428.6 M-cycles
step 5600: timed with pme grid 60 56 56, coulomb cutoff 1.515: 390.8 M-cycles
step 5800: timed with pme grid 60 60 56, coulomb cutoff 1.498: 488.1 M-cycles
step 6000: timed with pme grid 64 60 56, coulomb cutoff 1.421: 370.0 M-cycles
step 6200: timed with pme grid 64 60 60, coulomb cutoff 1.414: 410.8 M-cycles
step 6400: timed with pme grid 64 64 60, coulomb cutoff 1.405: 390.9 M-cycles
step 6600: timed with pme grid 72 64 60, coulomb cutoff 1.327: 376.6 M-cycles
step 6800: timed with pme grid 72 72 64, coulomb cutoff 1.249: 439.5 M-cycles
step 7000: timed with pme grid 56 56 52, coulomb cutoff 1.605: 536.6 M-cycles
step 7200: timed with pme grid 60 56 56, coulomb cutoff 1.515: 399.3 M-cycles
step 7400: timed with pme grid 60 60 56, coulomb cutoff 1.498: 397.0 M-cycles
step 7600: timed with pme grid 64 60 56, coulomb cutoff 1.421: 374.1 M-cycles
step 7800: timed with pme grid 64 60 60, coulomb cutoff 1.414: 365.5 M-cycles
step 8000: timed with pme grid 64 64 60, coulomb cutoff 1.405: 367.9 M-cycles
step 8200: timed with pme grid 72 64 60, coulomb cutoff 1.327: 499.8 M-cycles
step 8400: timed with pme grid 72 72 64, coulomb cutoff 1.249: 419.7 M-cycles
step 8600: timed with pme grid 56 56 52, coulomb cutoff 1.605: 391.4 M-cycles
step 8800: timed with pme grid 60 56 56, coulomb cutoff 1.515: 387.9 M-cycles
step 9000: timed with pme grid 60 60 56, coulomb cutoff 1.498: 417.3 M-cycles
step 9200: timed with pme grid 64 60 56, coulomb cutoff 1.421: 372.9 M-cycles
step 9400: timed with pme grid 64 60 60, coulomb cutoff 1.414: 391.2 M-cycles
step 9600: timed with pme grid 64 64 60, coulomb cutoff 1.405: 458.3 M-cycles
step 9800: timed with pme grid 72 64 60, coulomb cutoff 1.327: 392.5 M-cycles
              optimal pme grid 64 60 60, coulomb cutoff 1.414

NOTE: DLB can now turn on, when beneficial

DD  step 9999 load imb.: force  1.8%
           Step           Time
          10000       20.00000

Writing checkpoint, step 10000 at Sat Oct 31 10:08:15 2020


   Energies (kJ/mol)
          Angle    Proper Dih. Ryckaert-Bell.  Improper Dih.          LJ-14
    5.26085e+04    1.78689e+04    1.35179e+04    5.77814e+03    2.65384e+04
     Coulomb-14        LJ (SR)   Coulomb (SR)   Coul. recip.      Potential
    9.73732e+04    4.83424e+04   -1.55653e+06    3.60250e+03   -1.29090e+06
    Kinetic En.   Total Energy  Conserved En.    Temperature Pressure (bar)
    2.02836e+05   -1.08807e+06   -1.08333e+06    2.98173e+02    1.32885e+02
   Constr. rmsd
    1.55463e-05


	<======  ###############  ==>
	<====  A V E R A G E S  ====>
	<==  ###############  ======>

	Statistics over 10001 steps using 101 frames

   Energies (kJ/mol)
          Angle    Proper Dih. Ryckaert-Bell.  Improper Dih.          LJ-14
    5.24747e+04    1.80449e+04    1.36836e+04    5.86489e+03    2.63597e+04
     Coulomb-14        LJ (SR)   Coulomb (SR)   Coul. recip.      Potential
    9.74607e+04    4.78175e+04   -1.55881e+06    5.68303e+03   -1.29142e+06
    Kinetic En.   Total Energy  Conserved En.    Temperature Pressure (bar)
    2.04058e+05   -1.08736e+06   -1.08287e+06    2.99968e+02   -4.57740e+00
   Constr. rmsd
    0.00000e+00

          Box-X          Box-Y          Box-Z
    1.07924e+01    1.01878e+01    9.55545e+00

   Total Virial (kJ/mol)
    6.86459e+04   -2.12599e+02   -1.49387e+02
   -2.09679e+02    6.89324e+04    1.96443e+02
   -1.45791e+02    1.93598e+02    6.69145e+04

   Pressure (bar)
    7.59715e+00    7.47612e+00    5.95394e+00
    7.38370e+00   -2.87187e+00   -5.09382e+00
    5.84024e+00   -5.00370e+00   -1.84575e+01


       P P   -   P M E   L O A D   B A L A N C I N G

 PP/PME load balancing changed the cut-off and PME settings:
           particle-particle                    PME
            rcoulomb  rlist            grid      spacing   1/beta
   initial  1.000 nm  1.004 nm      96  96  80   0.119 nm  0.320 nm
   final    1.414 nm  1.418 nm      64  60  60   0.170 nm  0.453 nm
 cost-ratio           2.82             0.31
 (note that these numbers concern only part of the total PP and PME load)


	M E G A - F L O P S   A C C O U N T I N G

 NB=Group-cutoff nonbonded kernels    NxN=N-by-N cluster Verlet kernels
 RF=Reaction-Field  VdW=Van der Waals  QSTab=quadratic-spline table
 W3=SPC/TIP3p  W4=TIP4p (single or pairs)
 V&F=Potential and force  V=Potential only  F=Force only

 Computing:                               M-Number         M-Flops  % Flops
-----------------------------------------------------------------------------
 Pair Search distance check            1319.526416       11875.738     0.0
 NxN Ewald Elec. + LJ [F]           1212163.774272    80002809.102    96.3
 NxN Ewald Elec. + LJ [V&F]           12380.217792     1324683.304     1.6
 Calc Weights                          2452.535229       88291.268     0.1
 Spread Q Bspline                     52320.751552      104641.503     0.1
 Gather F Bspline                     52320.751552      313924.509     0.4
 3D-FFT                              134079.926590     1072639.413     1.3
 Solve PME                               52.624640        3367.977     0.0
 Reset In Box                             8.256043          24.768     0.0
 CG-CoM                                   8.337786          25.013     0.0
 Virial                                  82.365283        1482.575     0.0
 Stop-CM                                  8.337786          83.378     0.0
 P-Coupling                              81.824743         490.948     0.0
 Calc-Ekin                              163.649486        4418.536     0.0
 Lincs                                  302.439077       18146.345     0.0
 Lincs-Mat                             4577.887116       18311.548     0.0
 Constraint-V                          1237.838232        9902.706     0.0
 Constraint-Vir                          93.617764        2246.826     0.0
 Settle                                 211.027875       68162.004     0.1
-----------------------------------------------------------------------------
 Total                                                83045527.462   100.0
-----------------------------------------------------------------------------


    D O M A I N   D E C O M P O S I T I O N   S T A T I S T I C S

 av. #atoms communicated per step for force:  2 x 102337.1
 av. #atoms communicated per step for LINCS:  2 x 12493.3


Dynamic load balancing report:
 DLB was off during the run due to low measured imbalance.
 Average load imbalance: 4.4%.
 The balanceable part of the MD step is 30%, load imbalance is computed from this.
 Part of the total run time spent waiting due to load imbalance: 1.3%.


     R E A L   C Y C L E   A N D   T I M E   A C C O U N T I N G

On 12 MPI ranks, each using 2 OpenMP threads

 Computing:          Num   Num      Call    Wall time         Giga-Cycles
                     Ranks Threads  Count      (s)         total sum    %
-----------------------------------------------------------------------------
 Domain decomp.        12    2        101       1.419         88.325   5.3
 DD comm. load         12    2          2       0.000          0.002   0.0
 Neighbor search       12    2        101       0.566         35.242   2.1
 Launch GPU ops.       12    2      20002       0.756         47.048   2.8
 Comm. coord.          12    2       9900       0.717         44.660   2.7
 Force                 12    2      10001       0.157          9.791   0.6
 Wait + Comm. F        12    2      10001       0.947         58.935   3.6
 PME mesh              12    2      10001      10.249        638.110  38.5
 Wait Bonded GPU       12    2        101       0.000          0.015   0.0
 Wait GPU NB nonloc.   12    2      10001       0.189         11.765   0.7
 Wait GPU NB local     12    2      10001       0.038          2.347   0.1
 NB X/F buffer ops.    12    2      39802       0.559         34.831   2.1
 Write traj.           12    2          1       0.018          1.130   0.1
 Update                12    2      10001       0.169         10.533   0.6
 Constraints           12    2      10003       2.666        166.002  10.0
 Comm. energies        12    2       1001       0.110          6.817   0.4
 Rest                                           8.048        501.040  30.2
-----------------------------------------------------------------------------
 Total                                         26.608       1656.592 100.0
-----------------------------------------------------------------------------
 Breakdown of PME mesh computation
-----------------------------------------------------------------------------
 PME redist. X/F       12    2      20002       2.180        135.716   8.2
 PME spread            12    2      10001       2.563        159.550   9.6
 PME gather            12    2      10001       1.608        100.099   6.0
 PME 3D-FFT            12    2      20002       1.838        114.451   6.9
 PME 3D-FFT Comm.      12    2      20002       1.609        100.158   6.0
 PME solve Elec        12    2      10001       0.426         26.523   1.6
-----------------------------------------------------------------------------

               Core t (s)   Wall t (s)        (%)
       Time:      638.596       26.608     2400.0
                 (ns/day)    (hour/ns)
Performance:       64.949        0.370
Finished mdrun on rank 0 Sat Oct 31 10:08:16 2020

