                 :-) GROMACS - gmx mdrun, 2020.4-UNCHECKED (-:

                            GROMACS is written by:
     Emile Apol      Rossen Apostolov      Paul Bauer     Herman J.C. Berendsen
    Par Bjelkmar      Christian Blau   Viacheslav Bolnykh     Kevin Boyd    
 Aldert van Buuren   Rudi van Drunen     Anton Feenstra       Alan Gray     
  Gerrit Groenhof     Anca Hamuraru    Vincent Hindriksen  M. Eric Irrgang  
  Aleksei Iupinov   Christoph Junghans     Joe Jordan     Dimitrios Karkoulis
    Peter Kasson        Jiri Kraus      Carsten Kutzner      Per Larsson    
  Justin A. Lemkul    Viveca Lindahl    Magnus Lundborg     Erik Marklund   
    Pascal Merz     Pieter Meulenhoff    Teemu Murtola       Szilard Pall   
    Sander Pronk      Roland Schulz      Michael Shirts    Alexey Shvetsov  
   Alfons Sijbers     Peter Tieleman      Jon Vincent      Teemu Virolainen 
 Christian Wennberg    Maarten Wolf      Artem Zhmurov   
                           and the project leaders:
        Mark Abraham, Berk Hess, Erik Lindahl, and David van der Spoel

Copyright (c) 1991-2000, University of Groningen, The Netherlands.
Copyright (c) 2001-2019, The GROMACS development team at
Uppsala University, Stockholm University and
the Royal Institute of Technology, Sweden.
check out http://www.gromacs.org for more information.

GROMACS is free software; you can redistribute it and/or modify it
under the terms of the GNU Lesser General Public License
as published by the Free Software Foundation; either version 2.1
of the License, or (at your option) any later version.

GROMACS:      gmx mdrun, version 2020.4-UNCHECKED
Executable:   /mnt/exports/shared/home/ccuser/gromacs2020/bin/gmx_mpi
Data prefix:  /mnt/exports/shared/home/ccuser/gromacs2020
Working dir:  /mnt/exports/shared/home/ccuser/gmxresullt
Process ID:   10657
Command line:
  gmx_mpi mdrun -ntomp 6 -s benchMEM.tpr

GROMACS version:    2020.4-UNCHECKED
The source code this program was compiled from has not been verified because the reference checksum was missing during compilation. This means you have an incomplete GROMACS distribution, please make sure to download an intact source distribution and compile that before proceeding.
Computed checksum: NoChecksumFile
Precision:          single
Memory model:       64 bit
MPI library:        MPI
OpenMP support:     enabled (GMX_OPENMP_MAX_THREADS = 64)
GPU support:        CUDA
SIMD instructions:  AVX2_256
FFT library:        fftw-3.3.8-sse2-avx-avx2-avx2_128
RDTSCP usage:       enabled
TNG support:        enabled
Hwloc support:      hwloc-2.1.0
Tracing support:    disabled
C compiler:         /opt/intel/compilers_and_libraries_2018.5.274/linux/mpi/intel64/bin/mpicc GNU 9.2.0
C compiler flags:   -mavx2 -mfma -fexcess-precision=fast -funroll-all-loops -O2 -DNDEBUG
C++ compiler:       /opt/intel/compilers_and_libraries_2018.5.274/linux/mpi/intel64/bin/mpicxx GNU 9.2.0
C++ compiler flags: -mavx2 -mfma -fexcess-precision=fast -funroll-all-loops -fopenmp -O2 -DNDEBUG
CUDA compiler:      /usr/local/cuda-11.0/bin/nvcc nvcc: NVIDIA (R) Cuda compiler driver;Copyright (c) 2005-2020 NVIDIA Corporation;Built on Thu_Jun_11_22:26:38_PDT_2020;Cuda compilation tools, release 11.0, V11.0.194;Build cuda_11.0_bu.TC445_37.28540450_0
CUDA compiler flags:-gencode;arch=compute_35,code=sm_35;-gencode;arch=compute_37,code=sm_37;-gencode;arch=compute_50,code=sm_50;-gencode;arch=compute_52,code=sm_52;-gencode;arch=compute_60,code=sm_60;-gencode;arch=compute_61,code=sm_61;-gencode;arch=compute_70,code=sm_70;-Wno-deprecated-gpu-targets;-gencode;arch=compute_35,code=compute_35;-gencode;arch=compute_50,code=compute_50;-gencode;arch=compute_52,code=compute_52;-gencode;arch=compute_60,code=compute_60;-gencode;arch=compute_61,code=compute_61;-gencode;arch=compute_70,code=compute_70;-gencode;arch=compute_75,code=compute_75;-gencode;arch=compute_80,code=compute_80;-use_fast_math;;-mavx2 -mfma -fexcess-precision=fast -funroll-all-loops -fopenmp -O2 -DNDEBUG
CUDA driver:        11.0
CUDA runtime:       11.0


Running on 1 node with total 24 cores, 24 logical cores, 4 compatible GPUs
Hardware detected on host ip-0A000007 (the node of MPI rank 0):
  CPU info:
    Vendor: Intel
    Brand:  Intel(R) Xeon(R) CPU E5-2690 v4 @ 2.60GHz
    Family: 6   Model: 79   Stepping: 1
    Features: aes apic avx avx2 clfsh cmov cx8 cx16 f16c fma hle intel lahf mmx msr pcid pclmuldq pdpe1gb popcnt pse rdrnd rdtscp rtm sse2 sse3 sse4.1 sse4.2 ssse3
  Hardware topology: Full, with devices
    Sockets, cores, and logical processors:
      Socket  0: [   0] [   1] [   2] [   3] [   4] [   5] [   6] [   7] [   8] [   9] [  10] [  11]
      Socket  1: [  12] [  13] [  14] [  15] [  16] [  17] [  18] [  19] [  20] [  21] [  22] [  23]
    Numa nodes:
      Node  0 (236689903616 bytes mem):   0   1   2   3   4   5   6   7   8   9  10  11
      Node  1 (236738875392 bytes mem):  12  13  14  15  16  17  18  19  20  21  22  23
      Latency:
               0     1
         0  1.00  2.00
         1  2.00  1.00
    Caches:
      L1: 32768 bytes, linesize 64 bytes, assoc. 8, shared 1 ways
      L2: 262144 bytes, linesize 64 bytes, assoc. 8, shared 1 ways
      L3: 36700160 bytes, linesize 64 bytes, assoc. 20, shared 12 ways
    PCI devices:
      0000:00:07.1  Id: 8086:7111  Class: 0x0101  Numa: -1
      0000:00:08.0  Id: 1414:5353  Class: 0x0300  Numa: -1
      0001:00:00.0  Id: 10de:1db4  Class: 0x0302  Numa: -1
      0002:00:00.0  Id: 10de:1db4  Class: 0x0302  Numa: -1
      0003:00:00.0  Id: 10de:1db4  Class: 0x0302  Numa: -1
      0004:00:00.0  Id: 10de:1db4  Class: 0x0302  Numa: -1
  GPU info:
    Number of GPUs detected: 4
    #0: NVIDIA Tesla V100-PCIE-16GB, compute cap.: 7.0, ECC: yes, stat: compatible
    #1: NVIDIA Tesla V100-PCIE-16GB, compute cap.: 7.0, ECC: yes, stat: compatible
    #2: NVIDIA Tesla V100-PCIE-16GB, compute cap.: 7.0, ECC: yes, stat: compatible
    #3: NVIDIA Tesla V100-PCIE-16GB, compute cap.: 7.0, ECC: yes, stat: compatible


++++ PLEASE READ AND CITE THE FOLLOWING REFERENCE ++++
M. J. Abraham, T. Murtola, R. Schulz, S. Páll, J. C. Smith, B. Hess, E.
Lindahl
GROMACS: High performance molecular simulations through multi-level
parallelism from laptops to supercomputers
SoftwareX 1 (2015) pp. 19-25
-------- -------- --- Thank You --- -------- --------


++++ PLEASE READ AND CITE THE FOLLOWING REFERENCE ++++
S. Páll, M. J. Abraham, C. Kutzner, B. Hess, E. Lindahl
Tackling Exascale Software Challenges in Molecular Dynamics Simulations with
GROMACS
In S. Markidis & E. Laure (Eds.), Solving Software Challenges for Exascale 8759 (2015) pp. 3-27
-------- -------- --- Thank You --- -------- --------


++++ PLEASE READ AND CITE THE FOLLOWING REFERENCE ++++
S. Pronk, S. Páll, R. Schulz, P. Larsson, P. Bjelkmar, R. Apostolov, M. R.
Shirts, J. C. Smith, P. M. Kasson, D. van der Spoel, B. Hess, and E. Lindahl
GROMACS 4.5: a high-throughput and highly parallel open source molecular
simulation toolkit
Bioinformatics 29 (2013) pp. 845-54
-------- -------- --- Thank You --- -------- --------


++++ PLEASE READ AND CITE THE FOLLOWING REFERENCE ++++
B. Hess and C. Kutzner and D. van der Spoel and E. Lindahl
GROMACS 4: Algorithms for highly efficient, load-balanced, and scalable
molecular simulation
J. Chem. Theory Comput. 4 (2008) pp. 435-447
-------- -------- --- Thank You --- -------- --------


++++ PLEASE READ AND CITE THE FOLLOWING REFERENCE ++++
D. van der Spoel, E. Lindahl, B. Hess, G. Groenhof, A. E. Mark and H. J. C.
Berendsen
GROMACS: Fast, Flexible and Free
J. Comp. Chem. 26 (2005) pp. 1701-1719
-------- -------- --- Thank You --- -------- --------


++++ PLEASE READ AND CITE THE FOLLOWING REFERENCE ++++
E. Lindahl and B. Hess and D. van der Spoel
GROMACS 3.0: A package for molecular simulation and trajectory analysis
J. Mol. Mod. 7 (2001) pp. 306-317
-------- -------- --- Thank You --- -------- --------


++++ PLEASE READ AND CITE THE FOLLOWING REFERENCE ++++
H. J. C. Berendsen, D. van der Spoel and R. van Drunen
GROMACS: A message-passing parallel molecular dynamics implementation
Comp. Phys. Comm. 91 (1995) pp. 43-56
-------- -------- --- Thank You --- -------- --------


++++ PLEASE CITE THE DOI FOR THIS VERSION OF GROMACS ++++
https://doi.org/10.5281/zenodo.4054979
-------- -------- --- Thank You --- -------- --------

Input Parameters:
   integrator                     = md
   tinit                          = 0
   dt                             = 0.002
   nsteps                         = 10000
   init-step                      = 0
   simulation-part                = 1
   comm-mode                      = Linear
   nstcomm                        = 100
   bd-fric                        = 0
   ld-seed                        = 1993
   emtol                          = 1e-06
   emstep                         = 0.01
   niter                          = 100
   fcstep                         = 0
   nstcgsteep                     = 1000
   nbfgscorr                      = 10
   rtpi                           = 0.05
   nstxout                        = 0
   nstvout                        = 0
   nstfout                        = 0
   nstlog                         = 0
   nstcalcenergy                  = 100
   nstenergy                      = 0
   nstxout-compressed             = 0
   compressed-x-precision         = 1000
   cutoff-scheme                  = Verlet
   nstlist                        = 10
   pbc                            = xyz
   periodic-molecules             = false
   verlet-buffer-tolerance        = 0.005
   rlist                          = 1
   coulombtype                    = PME
   coulomb-modifier               = Potential-shift
   rcoulomb-switch                = 0
   rcoulomb                       = 1
   epsilon-r                      = 1
   epsilon-rf                     = 1
   vdw-type                       = Cut-off
   vdw-modifier                   = Potential-shift
   rvdw-switch                    = 1.2
   rvdw                           = 1
   DispCorr                       = No
   table-extension                = 1
   fourierspacing                 = 0.12
   fourier-nx                     = 96
   fourier-ny                     = 96
   fourier-nz                     = 80
   pme-order                      = 4
   ewald-rtol                     = 1e-05
   ewald-rtol-lj                  = 1e-05
   lj-pme-comb-rule               = Geometric
   ewald-geometry                 = 0
   epsilon-surface                = 0
   tcoupl                         = Berendsen
   nsttcouple                     = 10
   nh-chain-length                = 0
   print-nose-hoover-chain-variables = false
   pcoupl                         = Berendsen
   pcoupltype                     = Isotropic
   nstpcouple                     = 10
   tau-p                          = 1
   compressibility (3x3):
      compressibility[    0]={ 4.50000e-05,  0.00000e+00,  0.00000e+00}
      compressibility[    1]={ 0.00000e+00,  4.50000e-05,  0.00000e+00}
      compressibility[    2]={ 0.00000e+00,  0.00000e+00,  4.50000e-05}
   ref-p (3x3):
      ref-p[    0]={ 1.00000e+00,  0.00000e+00,  0.00000e+00}
      ref-p[    1]={ 0.00000e+00,  1.00000e+00,  0.00000e+00}
      ref-p[    2]={ 0.00000e+00,  0.00000e+00,  1.00000e+00}
   refcoord-scaling               = No
   posres-com (3):
      posres-com[0]= 0.00000e+00
      posres-com[1]= 0.00000e+00
      posres-com[2]= 0.00000e+00
   posres-comB (3):
      posres-comB[0]= 0.00000e+00
      posres-comB[1]= 0.00000e+00
      posres-comB[2]= 0.00000e+00
   QMMM                           = false
   QMconstraints                  = 0
   QMMMscheme                     = 0
   MMChargeScaleFactor            = 1
qm-opts:
   ngQM                           = 0
   constraint-algorithm           = Lincs
   continuation                   = false
   Shake-SOR                      = false
   shake-tol                      = 0.0001
   lincs-order                    = 4
   lincs-iter                     = 1
   lincs-warnangle                = 30
   nwall                          = 0
   wall-type                      = 9-3
   wall-r-linpot                  = -1
   wall-atomtype[0]               = -1
   wall-atomtype[1]               = -1
   wall-density[0]                = 0
   wall-density[1]                = 0
   wall-ewald-zfac                = 3
   pull                           = false
   awh                            = false
   rotation                       = false
   interactiveMD                  = false
   disre                          = No
   disre-weighting                = Equal
   disre-mixed                    = false
   dr-fc                          = 1000
   dr-tau                         = 1.25
   nstdisreout                    = 100
   orire-fc                       = 0
   orire-tau                      = 0
   nstorireout                    = 100
   free-energy                    = no
   cos-acceleration               = 0
   deform (3x3):
      deform[    0]={ 0.00000e+00,  0.00000e+00,  0.00000e+00}
      deform[    1]={ 0.00000e+00,  0.00000e+00,  0.00000e+00}
      deform[    2]={ 0.00000e+00,  0.00000e+00,  0.00000e+00}
   simulated-tempering            = false
   swapcoords                     = no
   userint1                       = 0
   userint2                       = 0
   userint3                       = 0
   userint4                       = 0
   userreal1                      = 0
   userreal2                      = 0
   userreal3                      = 0
   userreal4                      = 0
   applied-forces:
     electric-field:
grpopts:
   nrdf:      163634
   ref-t:         300
   tau-t:         0.1
annealing:          No
annealing-npoints:           0
   acc:	           0           0           0
   nfreeze:           N           N           N
   energygrp-flags[  0]: 0

Changing nstlist from 10 to 100, rlist from 1 to 1.125


Initializing Domain Decomposition on 4 ranks
Dynamic load balancing: auto
Minimum cell size due to atom displacement: 0.730 nm
Initial maximum distances in bonded interactions:
    two-body bonded interactions: 0.424 nm, LJ-14, atoms 4910 4912
  multi-body bonded interactions: 0.416 nm, Proper Dih., atoms 3727 3731
Minimum cell size due to bonded interactions: 0.457 nm
Maximum distance for 5 constraints, at 120 deg. angles, all-trans: 0.820 nm
Estimated maximum distance required for P-LINCS: 0.820 nm
This distance will limit the DD cell size, you can override this with -rcon
Scaling the initial minimum size with 1/0.8 (option -dds) = 1.25
Using 0 separate PME ranks
Optimizing the DD grid for 4 cells with a minimum initial size of 1.025 nm
The maximum allowed number of cells is: X 10 Y 9 Z 9
Domain decomposition grid 4 x 1 x 1, separate PME ranks 0
PME domain decomposition: 4 x 1 x 1
Domain decomposition rank 0, coordinates 0 0 0

The initial number of communication pulses is: X 1
The initial domain decomposition cell size is: X 2.70 nm

The maximum allowed distance for atoms involved in interactions is:
                 non-bonded interactions           1.125 nm
(the following are initial values, they could change due to box deformation)
            two-body bonded interactions  (-rdd)   1.125 nm
          multi-body bonded interactions  (-rdd)   1.125 nm
  atoms separated by up to 5 constraints  (-rcon)  2.697 nm

When dynamic load balancing gets turned on, these settings will change to:
The maximum number of communication pulses is: X 1
The minimum size for domain decomposition cells is 1.125 nm
The requested allowed shrink of DD cells (option -dds) is: 0.80
The allowed shrink of domain decomposition cells is: X 0.42
The maximum allowed distance for atoms involved in interactions is:
                 non-bonded interactions           1.125 nm
            two-body bonded interactions  (-rdd)   1.125 nm
          multi-body bonded interactions  (-rdd)   1.125 nm
  atoms separated by up to 5 constraints  (-rcon)  1.125 nm

On host ip-0A000007 4 GPUs selected for this run.
Mapping of GPU IDs to the 4 GPU tasks in the 4 ranks on this node:
  PP:0,PP:1,PP:2,PP:3
PP tasks will do (non-perturbed) short-ranged and most bonded interactions on the GPU
PP task will update and constrain coordinates on the CPU
Using 4 MPI processes

Non-default thread affinity set, disabling internal thread affinity

Using 6 OpenMP threads per MPI process

System total charge: 0.000
Will do PME sum in reciprocal space for electrostatic interactions.

++++ PLEASE READ AND CITE THE FOLLOWING REFERENCE ++++
U. Essmann, L. Perera, M. L. Berkowitz, T. Darden, H. Lee and L. G. Pedersen 
A smooth particle mesh Ewald method
J. Chem. Phys. 103 (1995) pp. 8577-8592
-------- -------- --- Thank You --- -------- --------

Using a Gaussian width (1/beta) of 0.320163 nm for Ewald
Potential shift: LJ r^-12: -1.000e+00 r^-6: -1.000e+00, Ewald -1.000e-05
Initialized non-bonded Ewald tables, spacing: 9.33e-04 size: 1073

Generated table with 1062 data points for 1-4 COUL.
Tabscale = 500 points/nm
Generated table with 1062 data points for 1-4 LJ6.
Tabscale = 500 points/nm
Generated table with 1062 data points for 1-4 LJ12.
Tabscale = 500 points/nm

Using GPU 8x8 nonbonded short-range kernels

Using a dual 8x8 pair-list setup updated with dynamic, rolling pruning:
  outer list: updated every 100 steps, buffer 0.125 nm, rlist 1.125 nm
  inner list: updated every  16 steps, buffer 0.004 nm, rlist 1.004 nm
At tolerance 0.005 kJ/mol/ps per atom, equivalent classical 1x1 list would be:
  outer list: updated every 100 steps, buffer 0.276 nm, rlist 1.276 nm
  inner list: updated every  16 steps, buffer 0.064 nm, rlist 1.064 nm

Using full Lennard-Jones parameter combination matrix

Removing pbc first time

Initializing Parallel LINear Constraint Solver

++++ PLEASE READ AND CITE THE FOLLOWING REFERENCE ++++
B. Hess
P-LINCS: A Parallel Linear Constraint Solver for molecular simulation
J. Chem. Theory Comput. 4 (2008) pp. 116-122
-------- -------- --- Thank You --- -------- --------

The number of constraints is 22285
There are constraints between atoms in different decomposition domains,
will communicate selected coordinates each lincs iteration

++++ PLEASE READ AND CITE THE FOLLOWING REFERENCE ++++
S. Miyamoto and P. A. Kollman
SETTLE: An Analytical Version of the SHAKE and RATTLE Algorithms for Rigid
Water Models
J. Comp. Chem. 13 (1992) pp. 952-962
-------- -------- --- Thank You --- -------- --------


Linking all bonded interactions to atoms


Intra-simulation communication will occur every 10 steps.

++++ PLEASE READ AND CITE THE FOLLOWING REFERENCE ++++
H. J. C. Berendsen, J. P. M. Postma, A. DiNola and J. R. Haak
Molecular dynamics with coupling to an external bath
J. Chem. Phys. 81 (1984) pp. 3684-3690
-------- -------- --- Thank You --- -------- --------

There are: 81743 Atoms
Atom distribution over 4 domains: av 20435 stddev 799 min 19633 max 21216

NOTE: DLB will not turn on during the first phase of PME tuning

Constraining the starting coordinates (step 0)

Constraining the coordinates at t0-dt (step 0)
Center of mass motion removal mode is Linear
We have the following groups for center of mass motion removal:
  0:  rest
RMS relative constraint deviation after constraining: 3.31e-06
Initial temperature: 301.849 K

Started mdrun on rank 0 Sat Oct 31 10:01:25 2020

           Step           Time
              0        0.00000

   Energies (kJ/mol)
          Angle    Proper Dih. Ryckaert-Bell.  Improper Dih.          LJ-14
    5.36319e+04    1.72954e+04    1.37537e+04    5.80913e+03    2.73783e+04
     Coulomb-14        LJ (SR)   Coulomb (SR)   Coul. recip.      Potential
    9.80264e+04    4.92497e+04   -1.56493e+06    1.19681e+04   -1.28781e+06
    Kinetic En.   Total Energy  Conserved En.    Temperature Pressure (bar)
    2.05439e+05   -1.08238e+06   -1.08242e+06    3.01998e+02    4.12160e+02
   Constr. rmsd
    1.53733e-05


DD  step 99 load imb.: force  1.5%
step 2100: timed with pme grid 96 96 80, coulomb cutoff 1.000: 622.8 M-cycles
step 2300: timed with pme grid 84 80 80, coulomb cutoff 1.070: 513.8 M-cycles
step 2500: timed with pme grid 80 72 72, coulomb cutoff 1.179: 480.7 M-cycles
step 2700: timed with pme grid 72 64 60, coulomb cutoff 1.327: 431.1 M-cycles
step 2900: timed with pme grid 64 60 56, coulomb cutoff 1.421: 395.1 M-cycles
step 3100: timed with pme grid 56 52 52, coulomb cutoff 1.632: 428.1 M-cycles
step 3100: the maximum allowed grid scaling limits the PME load balancing to a coulomb cut-off of 1.658
step 3300: timed with pme grid 56 52 48, coulomb cutoff 1.658: 492.5 M-cycles
step 3500: timed with pme grid 56 52 52, coulomb cutoff 1.632: 362.1 M-cycles
step 3700: timed with pme grid 56 56 52, coulomb cutoff 1.605: 410.7 M-cycles
step 3900: timed with pme grid 60 56 52, coulomb cutoff 1.531: 453.0 M-cycles
step 4100: timed with pme grid 60 56 56, coulomb cutoff 1.515: 578.0 M-cycles
step 4300: timed with pme grid 60 60 56, coulomb cutoff 1.498: 399.3 M-cycles
step 4500: timed with pme grid 64 60 56, coulomb cutoff 1.421: 388.2 M-cycles
step 4700: timed with pme grid 64 60 60, coulomb cutoff 1.414: 388.2 M-cycles
step 4900: timed with pme grid 64 64 60, coulomb cutoff 1.405: 443.3 M-cycles
step 5100: timed with pme grid 72 64 60, coulomb cutoff 1.327: 460.9 M-cycles
step 5300: timed with pme grid 72 72 64, coulomb cutoff 1.249: 523.6 M-cycles
step 5500: timed with pme grid 56 52 52, coulomb cutoff 1.632: 468.1 M-cycles
step 5700: timed with pme grid 60 60 56, coulomb cutoff 1.498: 400.5 M-cycles
step 5900: timed with pme grid 64 60 56, coulomb cutoff 1.421: 402.7 M-cycles
step 6100: timed with pme grid 64 60 60, coulomb cutoff 1.414: 455.9 M-cycles
              optimal pme grid 56 52 52, coulomb cutoff 1.632

NOTE: DLB can now turn on, when beneficial

DD  step 9999 load imb.: force  1.5%
           Step           Time
          10000       20.00000

Writing checkpoint, step 10000 at Sat Oct 31 10:01:54 2020


   Energies (kJ/mol)
          Angle    Proper Dih. Ryckaert-Bell.  Improper Dih.          LJ-14
    5.27035e+04    1.78173e+04    1.38338e+04    5.85631e+03    2.60899e+04
     Coulomb-14        LJ (SR)   Coulomb (SR)   Coul. recip.      Potential
    9.73991e+04    4.79982e+04   -1.55600e+06    2.49214e+03   -1.29181e+06
    Kinetic En.   Total Energy  Conserved En.    Temperature Pressure (bar)
    2.04100e+05   -1.08771e+06   -1.08328e+06    3.00031e+02   -1.46834e+02
   Constr. rmsd
    1.62068e-05


	<======  ###############  ==>
	<====  A V E R A G E S  ====>
	<==  ###############  ======>

	Statistics over 10001 steps using 101 frames

   Energies (kJ/mol)
          Angle    Proper Dih. Ryckaert-Bell.  Improper Dih.          LJ-14
    5.24423e+04    1.79438e+04    1.37299e+04    5.81989e+03    2.63691e+04
     Coulomb-14        LJ (SR)   Coulomb (SR)   Coul. recip.      Potential
    9.75714e+04    4.75115e+04   -1.55776e+06    4.88002e+03   -1.29149e+06
    Kinetic En.   Total Energy  Conserved En.    Temperature Pressure (bar)
    2.04104e+05   -1.08739e+06   -1.08286e+06    3.00036e+02    4.92494e+00
   Constr. rmsd
    0.00000e+00

          Box-X          Box-Y          Box-Z
    1.07905e+01    1.01861e+01    9.55384e+00

   Total Virial (kJ/mol)
    6.83381e+04   -4.69551e+02   -5.38290e+02
   -4.72016e+02    6.87076e+04   -3.45513e+01
   -5.32478e+02   -3.02828e+01    6.65920e+04

   Pressure (bar)
    1.58276e+01    1.64208e+01    1.76738e+01
    1.64988e+01    4.69407e+00    4.76261e+00
    1.74899e+01    4.62754e+00   -5.74685e+00


       P P   -   P M E   L O A D   B A L A N C I N G

 PP/PME load balancing changed the cut-off and PME settings:
           particle-particle                    PME
            rcoulomb  rlist            grid      spacing   1/beta
   initial  1.000 nm  1.004 nm      96  96  80   0.119 nm  0.320 nm
   final    1.632 nm  1.636 nm      56  52  52   0.196 nm  0.522 nm
 cost-ratio           4.33             0.21
 (note that these numbers concern only part of the total PP and PME load)


	M E G A - F L O P S   A C C O U N T I N G

 NB=Group-cutoff nonbonded kernels    NxN=N-by-N cluster Verlet kernels
 RF=Reaction-Field  VdW=Van der Waals  QSTab=quadratic-spline table
 W3=SPC/TIP3p  W4=TIP4p (single or pairs)
 V&F=Potential and force  V=Potential only  F=Force only

 Computing:                               M-Number         M-Flops  % Flops
-----------------------------------------------------------------------------
 Pair Search distance check            1205.754576       10851.791     0.0
 NxN Ewald Elec. + LJ [F]           1397660.470272    92245591.038    96.8
 NxN Ewald Elec. + LJ [V&F]           14299.767488     1530075.121     1.6
 Calc Weights                          2452.535229       88291.268     0.1
 Spread Q Bspline                     52320.751552      104641.503     0.1
 Gather F Bspline                     52320.751552      313924.509     0.3
 3D-FFT                              114514.106678      916112.853     1.0
 Solve PME                               46.489312        2975.316     0.0
 Reset In Box                             8.256043          24.768     0.0
 CG-CoM                                   8.337786          25.013     0.0
 Virial                                  82.004923        1476.089     0.0
 Stop-CM                                  8.337786          83.378     0.0
 P-Coupling                              81.824743         490.948     0.0
 Calc-Ekin                              163.649486        4418.536     0.0
 Lincs                                  261.867351       15712.041     0.0
 Lincs-Mat                             3990.893208       15963.573     0.0
 Constraint-V                          1137.018843        9096.151     0.0
 Constraint-Vir                          87.587796        2102.107     0.0
 Settle                                 204.465897       66042.485     0.1
-----------------------------------------------------------------------------
 Total                                                95327898.489   100.0
-----------------------------------------------------------------------------


    D O M A I N   D E C O M P O S I T I O N   S T A T I S T I C S

 av. #atoms communicated per step for force:  2 x 46916.8
 av. #atoms communicated per step for LINCS:  2 x 6084.9


Dynamic load balancing report:
 DLB was off during the run due to low measured imbalance.
 Average load imbalance: 1.3%.
 The balanceable part of the MD step is 45%, load imbalance is computed from this.
 Part of the total run time spent waiting due to load imbalance: 0.6%.


     R E A L   C Y C L E   A N D   T I M E   A C C O U N T I N G

On 4 MPI ranks, each using 6 OpenMP threads

 Computing:          Num   Num      Call    Wall time         Giga-Cycles
                     Ranks Threads  Count      (s)         total sum    %
-----------------------------------------------------------------------------
 Domain decomp.         4    6        101       0.586         36.479   2.0
 DD comm. load          4    6          3       0.000          0.002   0.0
 Neighbor search        4    6        101       0.442         27.495   1.5
 Launch GPU ops.        4    6      20002       0.725         45.143   2.5
 Comm. coord.           4    6       9900       0.819         50.962   2.8
 Force                  4    6      10001       0.143          8.876   0.5
 Wait + Comm. F         4    6      10001       0.884         55.040   3.0
 PME mesh               4    6      10001      11.441        712.285  38.7
 Wait Bonded GPU        4    6        101       0.000          0.014   0.0
 Wait GPU NB nonloc.    4    6      10001       0.062          3.836   0.2
 Wait GPU NB local      4    6      10001       0.039          2.405   0.1
 NB X/F buffer ops.     4    6      39802       0.493         30.665   1.7
 Write traj.            4    6          1       0.052          3.246   0.2
 Update                 4    6      10001       0.199         12.387   0.7
 Constraints            4    6      10003       2.641        164.424   8.9
 Comm. energies         4    6       1001       0.045          2.806   0.2
 Rest                                          11.018        685.959  37.2
-----------------------------------------------------------------------------
 Total                                         29.587       1842.023 100.0
-----------------------------------------------------------------------------
 Breakdown of PME mesh computation
-----------------------------------------------------------------------------
 PME redist. X/F        4    6      20002       2.399        149.346   8.1
 PME spread             4    6      10001       2.862        178.166   9.7
 PME gather             4    6      10001       1.825        113.599   6.2
 PME 3D-FFT             4    6      20002       2.008        125.033   6.8
 PME 3D-FFT Comm.       4    6      20002       1.951        121.437   6.6
 PME solve Elec         4    6      10001       0.365         22.726   1.2
-----------------------------------------------------------------------------

               Core t (s)   Wall t (s)        (%)
       Time:      710.079       29.587     2400.0
                 (ns/day)    (hour/ns)
Performance:       58.410        0.411
Finished mdrun on rank 0 Sat Oct 31 10:01:55 2020

