                 :-) GROMACS - gmx mdrun, 2020.4-UNCHECKED (-:

                            GROMACS is written by:
     Emile Apol      Rossen Apostolov      Paul Bauer     Herman J.C. Berendsen
    Par Bjelkmar      Christian Blau   Viacheslav Bolnykh     Kevin Boyd    
 Aldert van Buuren   Rudi van Drunen     Anton Feenstra       Alan Gray     
  Gerrit Groenhof     Anca Hamuraru    Vincent Hindriksen  M. Eric Irrgang  
  Aleksei Iupinov   Christoph Junghans     Joe Jordan     Dimitrios Karkoulis
    Peter Kasson        Jiri Kraus      Carsten Kutzner      Per Larsson    
  Justin A. Lemkul    Viveca Lindahl    Magnus Lundborg     Erik Marklund   
    Pascal Merz     Pieter Meulenhoff    Teemu Murtola       Szilard Pall   
    Sander Pronk      Roland Schulz      Michael Shirts    Alexey Shvetsov  
   Alfons Sijbers     Peter Tieleman      Jon Vincent      Teemu Virolainen 
 Christian Wennberg    Maarten Wolf      Artem Zhmurov   
                           and the project leaders:
        Mark Abraham, Berk Hess, Erik Lindahl, and David van der Spoel

Copyright (c) 1991-2000, University of Groningen, The Netherlands.
Copyright (c) 2001-2019, The GROMACS development team at
Uppsala University, Stockholm University and
the Royal Institute of Technology, Sweden.
check out http://www.gromacs.org for more information.

GROMACS is free software; you can redistribute it and/or modify it
under the terms of the GNU Lesser General Public License
as published by the Free Software Foundation; either version 2.1
of the License, or (at your option) any later version.

GROMACS:      gmx mdrun, version 2020.4-UNCHECKED
Executable:   /mnt/exports/shared/home/ccuser/gromacs2020/bin/gmx_mpi
Data prefix:  /mnt/exports/shared/home/ccuser/gromacs2020
Working dir:  /mnt/exports/shared/home/ccuser/GROMACS/gmxresullt
Process ID:   13554
Command line:
  gmx_mpi mdrun -gputasks 00112233 -nb gpu -pme gpu -npme 1 -s benchMEM.tpr

GROMACS version:    2020.4-UNCHECKED
The source code this program was compiled from has not been verified because the reference checksum was missing during compilation. This means you have an incomplete GROMACS distribution, please make sure to download an intact source distribution and compile that before proceeding.
Computed checksum: NoChecksumFile
Precision:          single
Memory model:       64 bit
MPI library:        MPI
OpenMP support:     enabled (GMX_OPENMP_MAX_THREADS = 64)
GPU support:        CUDA
SIMD instructions:  AVX2_256
FFT library:        fftw-3.3.8-sse2-avx-avx2-avx2_128
RDTSCP usage:       enabled
TNG support:        enabled
Hwloc support:      hwloc-2.1.0
Tracing support:    disabled
C compiler:         /opt/intel/compilers_and_libraries_2018.5.274/linux/mpi/intel64/bin/mpicc GNU 9.2.0
C compiler flags:   -mavx2 -mfma -fexcess-precision=fast -funroll-all-loops -O2 -DNDEBUG
C++ compiler:       /opt/intel/compilers_and_libraries_2018.5.274/linux/mpi/intel64/bin/mpicxx GNU 9.2.0
C++ compiler flags: -mavx2 -mfma -fexcess-precision=fast -funroll-all-loops -fopenmp -O2 -DNDEBUG
CUDA compiler:      /usr/local/cuda-11.0/bin/nvcc nvcc: NVIDIA (R) Cuda compiler driver;Copyright (c) 2005-2020 NVIDIA Corporation;Built on Thu_Jun_11_22:26:38_PDT_2020;Cuda compilation tools, release 11.0, V11.0.194;Build cuda_11.0_bu.TC445_37.28540450_0
CUDA compiler flags:-gencode;arch=compute_35,code=sm_35;-gencode;arch=compute_37,code=sm_37;-gencode;arch=compute_50,code=sm_50;-gencode;arch=compute_52,code=sm_52;-gencode;arch=compute_60,code=sm_60;-gencode;arch=compute_61,code=sm_61;-gencode;arch=compute_70,code=sm_70;-Wno-deprecated-gpu-targets;-gencode;arch=compute_35,code=compute_35;-gencode;arch=compute_50,code=compute_50;-gencode;arch=compute_52,code=compute_52;-gencode;arch=compute_60,code=compute_60;-gencode;arch=compute_61,code=compute_61;-gencode;arch=compute_70,code=compute_70;-gencode;arch=compute_75,code=compute_75;-gencode;arch=compute_80,code=compute_80;-use_fast_math;;-mavx2 -mfma -fexcess-precision=fast -funroll-all-loops -fopenmp -O2 -DNDEBUG
CUDA driver:        11.0
CUDA runtime:       11.0


Running on 1 node with total 24 cores, 24 logical cores, 4 compatible GPUs
Hardware detected on host ip-0A000007 (the node of MPI rank 0):
  CPU info:
    Vendor: Intel
    Brand:  Intel(R) Xeon(R) CPU E5-2690 v4 @ 2.60GHz
    Family: 6   Model: 79   Stepping: 1
    Features: aes apic avx avx2 clfsh cmov cx8 cx16 f16c fma hle intel lahf mmx msr pcid pclmuldq pdpe1gb popcnt pse rdrnd rdtscp rtm sse2 sse3 sse4.1 sse4.2 ssse3
  Hardware topology: Full, with devices
    Sockets, cores, and logical processors:
      Socket  0: [   0] [   1] [   2] [   3] [   4] [   5] [   6] [   7] [   8] [   9] [  10] [  11]
      Socket  1: [  12] [  13] [  14] [  15] [  16] [  17] [  18] [  19] [  20] [  21] [  22] [  23]
    Numa nodes:
      Node  0 (236689903616 bytes mem):   0   1   2   3   4   5   6   7   8   9  10  11
      Node  1 (236738875392 bytes mem):  12  13  14  15  16  17  18  19  20  21  22  23
      Latency:
               0     1
         0  1.00  2.00
         1  2.00  1.00
    Caches:
      L1: 32768 bytes, linesize 64 bytes, assoc. 8, shared 1 ways
      L2: 262144 bytes, linesize 64 bytes, assoc. 8, shared 1 ways
      L3: 36700160 bytes, linesize 64 bytes, assoc. 20, shared 12 ways
    PCI devices:
      0000:00:07.1  Id: 8086:7111  Class: 0x0101  Numa: -1
      0000:00:08.0  Id: 1414:5353  Class: 0x0300  Numa: -1
      0001:00:00.0  Id: 10de:1db4  Class: 0x0302  Numa: -1
      0002:00:00.0  Id: 10de:1db4  Class: 0x0302  Numa: -1
      0003:00:00.0  Id: 10de:1db4  Class: 0x0302  Numa: -1
      0004:00:00.0  Id: 10de:1db4  Class: 0x0302  Numa: -1
  GPU info:
    Number of GPUs detected: 4
    #0: NVIDIA Tesla V100-PCIE-16GB, compute cap.: 7.0, ECC: yes, stat: compatible
    #1: NVIDIA Tesla V100-PCIE-16GB, compute cap.: 7.0, ECC: yes, stat: compatible
    #2: NVIDIA Tesla V100-PCIE-16GB, compute cap.: 7.0, ECC: yes, stat: compatible
    #3: NVIDIA Tesla V100-PCIE-16GB, compute cap.: 7.0, ECC: yes, stat: compatible


++++ PLEASE READ AND CITE THE FOLLOWING REFERENCE ++++
M. J. Abraham, T. Murtola, R. Schulz, S. Páll, J. C. Smith, B. Hess, E.
Lindahl
GROMACS: High performance molecular simulations through multi-level
parallelism from laptops to supercomputers
SoftwareX 1 (2015) pp. 19-25
-------- -------- --- Thank You --- -------- --------


++++ PLEASE READ AND CITE THE FOLLOWING REFERENCE ++++
S. Páll, M. J. Abraham, C. Kutzner, B. Hess, E. Lindahl
Tackling Exascale Software Challenges in Molecular Dynamics Simulations with
GROMACS
In S. Markidis & E. Laure (Eds.), Solving Software Challenges for Exascale 8759 (2015) pp. 3-27
-------- -------- --- Thank You --- -------- --------


++++ PLEASE READ AND CITE THE FOLLOWING REFERENCE ++++
S. Pronk, S. Páll, R. Schulz, P. Larsson, P. Bjelkmar, R. Apostolov, M. R.
Shirts, J. C. Smith, P. M. Kasson, D. van der Spoel, B. Hess, and E. Lindahl
GROMACS 4.5: a high-throughput and highly parallel open source molecular
simulation toolkit
Bioinformatics 29 (2013) pp. 845-54
-------- -------- --- Thank You --- -------- --------


++++ PLEASE READ AND CITE THE FOLLOWING REFERENCE ++++
B. Hess and C. Kutzner and D. van der Spoel and E. Lindahl
GROMACS 4: Algorithms for highly efficient, load-balanced, and scalable
molecular simulation
J. Chem. Theory Comput. 4 (2008) pp. 435-447
-------- -------- --- Thank You --- -------- --------


++++ PLEASE READ AND CITE THE FOLLOWING REFERENCE ++++
D. van der Spoel, E. Lindahl, B. Hess, G. Groenhof, A. E. Mark and H. J. C.
Berendsen
GROMACS: Fast, Flexible and Free
J. Comp. Chem. 26 (2005) pp. 1701-1719
-------- -------- --- Thank You --- -------- --------


++++ PLEASE READ AND CITE THE FOLLOWING REFERENCE ++++
E. Lindahl and B. Hess and D. van der Spoel
GROMACS 3.0: A package for molecular simulation and trajectory analysis
J. Mol. Mod. 7 (2001) pp. 306-317
-------- -------- --- Thank You --- -------- --------


++++ PLEASE READ AND CITE THE FOLLOWING REFERENCE ++++
H. J. C. Berendsen, D. van der Spoel and R. van Drunen
GROMACS: A message-passing parallel molecular dynamics implementation
Comp. Phys. Comm. 91 (1995) pp. 43-56
-------- -------- --- Thank You --- -------- --------


++++ PLEASE CITE THE DOI FOR THIS VERSION OF GROMACS ++++
https://doi.org/10.5281/zenodo.4054979
-------- -------- --- Thank You --- -------- --------

Input Parameters:
   integrator                     = md
   tinit                          = 0
   dt                             = 0.002
   nsteps                         = 10000
   init-step                      = 0
   simulation-part                = 1
   comm-mode                      = Linear
   nstcomm                        = 100
   bd-fric                        = 0
   ld-seed                        = 1993
   emtol                          = 1e-06
   emstep                         = 0.01
   niter                          = 100
   fcstep                         = 0
   nstcgsteep                     = 1000
   nbfgscorr                      = 10
   rtpi                           = 0.05
   nstxout                        = 0
   nstvout                        = 0
   nstfout                        = 0
   nstlog                         = 0
   nstcalcenergy                  = 100
   nstenergy                      = 0
   nstxout-compressed             = 0
   compressed-x-precision         = 1000
   cutoff-scheme                  = Verlet
   nstlist                        = 10
   pbc                            = xyz
   periodic-molecules             = false
   verlet-buffer-tolerance        = 0.005
   rlist                          = 1
   coulombtype                    = PME
   coulomb-modifier               = Potential-shift
   rcoulomb-switch                = 0
   rcoulomb                       = 1
   epsilon-r                      = 1
   epsilon-rf                     = 1
   vdw-type                       = Cut-off
   vdw-modifier                   = Potential-shift
   rvdw-switch                    = 1.2
   rvdw                           = 1
   DispCorr                       = No
   table-extension                = 1
   fourierspacing                 = 0.12
   fourier-nx                     = 96
   fourier-ny                     = 96
   fourier-nz                     = 80
   pme-order                      = 4
   ewald-rtol                     = 1e-05
   ewald-rtol-lj                  = 1e-05
   lj-pme-comb-rule               = Geometric
   ewald-geometry                 = 0
   epsilon-surface                = 0
   tcoupl                         = Berendsen
   nsttcouple                     = 10
   nh-chain-length                = 0
   print-nose-hoover-chain-variables = false
   pcoupl                         = Berendsen
   pcoupltype                     = Isotropic
   nstpcouple                     = 10
   tau-p                          = 1
   compressibility (3x3):
      compressibility[    0]={ 4.50000e-05,  0.00000e+00,  0.00000e+00}
      compressibility[    1]={ 0.00000e+00,  4.50000e-05,  0.00000e+00}
      compressibility[    2]={ 0.00000e+00,  0.00000e+00,  4.50000e-05}
   ref-p (3x3):
      ref-p[    0]={ 1.00000e+00,  0.00000e+00,  0.00000e+00}
      ref-p[    1]={ 0.00000e+00,  1.00000e+00,  0.00000e+00}
      ref-p[    2]={ 0.00000e+00,  0.00000e+00,  1.00000e+00}
   refcoord-scaling               = No
   posres-com (3):
      posres-com[0]= 0.00000e+00
      posres-com[1]= 0.00000e+00
      posres-com[2]= 0.00000e+00
   posres-comB (3):
      posres-comB[0]= 0.00000e+00
      posres-comB[1]= 0.00000e+00
      posres-comB[2]= 0.00000e+00
   QMMM                           = false
   QMconstraints                  = 0
   QMMMscheme                     = 0
   MMChargeScaleFactor            = 1
qm-opts:
   ngQM                           = 0
   constraint-algorithm           = Lincs
   continuation                   = false
   Shake-SOR                      = false
   shake-tol                      = 0.0001
   lincs-order                    = 4
   lincs-iter                     = 1
   lincs-warnangle                = 30
   nwall                          = 0
   wall-type                      = 9-3
   wall-r-linpot                  = -1
   wall-atomtype[0]               = -1
   wall-atomtype[1]               = -1
   wall-density[0]                = 0
   wall-density[1]                = 0
   wall-ewald-zfac                = 3
   pull                           = false
   awh                            = false
   rotation                       = false
   interactiveMD                  = false
   disre                          = No
   disre-weighting                = Equal
   disre-mixed                    = false
   dr-fc                          = 1000
   dr-tau                         = 1.25
   nstdisreout                    = 100
   orire-fc                       = 0
   orire-tau                      = 0
   nstorireout                    = 100
   free-energy                    = no
   cos-acceleration               = 0
   deform (3x3):
      deform[    0]={ 0.00000e+00,  0.00000e+00,  0.00000e+00}
      deform[    1]={ 0.00000e+00,  0.00000e+00,  0.00000e+00}
      deform[    2]={ 0.00000e+00,  0.00000e+00,  0.00000e+00}
   simulated-tempering            = false
   swapcoords                     = no
   userint1                       = 0
   userint2                       = 0
   userint3                       = 0
   userint4                       = 0
   userreal1                      = 0
   userreal2                      = 0
   userreal3                      = 0
   userreal4                      = 0
   applied-forces:
     electric-field:
grpopts:
   nrdf:      163634
   ref-t:         300
   tau-t:         0.1
annealing:          No
annealing-npoints:           0
   acc:	           0           0           0
   nfreeze:           N           N           N
   energygrp-flags[  0]: 0

Changing nstlist from 10 to 100, rlist from 1 to 1.125


Initializing Domain Decomposition on 8 ranks
Dynamic load balancing: auto
Minimum cell size due to atom displacement: 0.730 nm
Initial maximum distances in bonded interactions:
    two-body bonded interactions: 0.424 nm, LJ-14, atoms 4910 4912
  multi-body bonded interactions: 0.416 nm, Proper Dih., atoms 3727 3731
Minimum cell size due to bonded interactions: 0.457 nm
Maximum distance for 5 constraints, at 120 deg. angles, all-trans: 0.820 nm
Estimated maximum distance required for P-LINCS: 0.820 nm
This distance will limit the DD cell size, you can override this with -rcon
Scaling the initial minimum size with 1/0.8 (option -dds) = 1.25
Using 1 separate PME ranks
Optimizing the DD grid for 7 cells with a minimum initial size of 1.025 nm
The maximum allowed number of cells is: X 10 Y 9 Z 9
Domain decomposition grid 7 x 1 x 1, separate PME ranks 1
PME domain decomposition: 1 x 1 x 1
Interleaving PP and PME ranks
This rank does only particle-particle work.
Domain decomposition rank 0, coordinates 0 0 0

The initial number of communication pulses is: X 1
The initial domain decomposition cell size is: X 1.54 nm

The maximum allowed distance for atoms involved in interactions is:
                 non-bonded interactions           1.125 nm
(the following are initial values, they could change due to box deformation)
            two-body bonded interactions  (-rdd)   1.125 nm
          multi-body bonded interactions  (-rdd)   1.125 nm
  atoms separated by up to 5 constraints  (-rcon)  1.541 nm

When dynamic load balancing gets turned on, these settings will change to:
The maximum number of communication pulses is: X 1
The minimum size for domain decomposition cells is 1.125 nm
The requested allowed shrink of DD cells (option -dds) is: 0.80
The allowed shrink of domain decomposition cells is: X 0.73
The maximum allowed distance for atoms involved in interactions is:
                 non-bonded interactions           1.125 nm
            two-body bonded interactions  (-rdd)   1.125 nm
          multi-body bonded interactions  (-rdd)   1.125 nm
  atoms separated by up to 5 constraints  (-rcon)  1.125 nm

On host ip-0A000007 4 GPUs selected for this run.
Mapping of GPU IDs to the 8 GPU tasks in the 8 ranks on this node:
  PP:0,PP:0,PP:1,PP:1,PP:2,PP:2,PP:3,PME:3
PP tasks will do (non-perturbed) short-ranged interactions on the GPU
PP task will update and constrain coordinates on the CPU
PME tasks will do all aspects on the GPU

NOTE: You assigned the same GPU ID(s) to multiple ranks, which is a good idea if you have measured the performance of alternatives.

Using 8 MPI processes

Non-default thread affinity set, disabling internal thread affinity

Using 3 OpenMP threads per MPI process

System total charge: 0.000
Will do PME sum in reciprocal space for electrostatic interactions.

++++ PLEASE READ AND CITE THE FOLLOWING REFERENCE ++++
U. Essmann, L. Perera, M. L. Berkowitz, T. Darden, H. Lee and L. G. Pedersen 
A smooth particle mesh Ewald method
J. Chem. Phys. 103 (1995) pp. 8577-8592
-------- -------- --- Thank You --- -------- --------

Using a Gaussian width (1/beta) of 0.320163 nm for Ewald
Potential shift: LJ r^-12: -1.000e+00 r^-6: -1.000e+00, Ewald -1.000e-05
Initialized non-bonded Ewald tables, spacing: 9.33e-04 size: 1073

Generated table with 1062 data points for 1-4 COUL.
Tabscale = 500 points/nm
Generated table with 1062 data points for 1-4 LJ6.
Tabscale = 500 points/nm
Generated table with 1062 data points for 1-4 LJ12.
Tabscale = 500 points/nm

Using GPU 8x8 nonbonded short-range kernels

Using a dual 8x8 pair-list setup updated with dynamic, rolling pruning:
  outer list: updated every 100 steps, buffer 0.125 nm, rlist 1.125 nm
  inner list: updated every  16 steps, buffer 0.004 nm, rlist 1.004 nm
At tolerance 0.005 kJ/mol/ps per atom, equivalent classical 1x1 list would be:
  outer list: updated every 100 steps, buffer 0.276 nm, rlist 1.276 nm
  inner list: updated every  16 steps, buffer 0.064 nm, rlist 1.064 nm

Using full Lennard-Jones parameter combination matrix

Removing pbc first time

Initializing Parallel LINear Constraint Solver

++++ PLEASE READ AND CITE THE FOLLOWING REFERENCE ++++
B. Hess
P-LINCS: A Parallel Linear Constraint Solver for molecular simulation
J. Chem. Theory Comput. 4 (2008) pp. 116-122
-------- -------- --- Thank You --- -------- --------

The number of constraints is 22285
There are constraints between atoms in different decomposition domains,
will communicate selected coordinates each lincs iteration

++++ PLEASE READ AND CITE THE FOLLOWING REFERENCE ++++
S. Miyamoto and P. A. Kollman
SETTLE: An Analytical Version of the SHAKE and RATTLE Algorithms for Rigid
Water Models
J. Comp. Chem. 13 (1992) pp. 952-962
-------- -------- --- Thank You --- -------- --------


Linking all bonded interactions to atoms


Intra-simulation communication will occur every 10 steps.

++++ PLEASE READ AND CITE THE FOLLOWING REFERENCE ++++
H. J. C. Berendsen, J. P. M. Postma, A. DiNola and J. R. Haak
Molecular dynamics with coupling to an external bath
J. Chem. Phys. 81 (1984) pp. 3684-3690
-------- -------- --- Thank You --- -------- --------

There are: 81743 Atoms
Atom distribution over 7 domains: av 11677 stddev 503 min 11009 max 12237

NOTE: DLB will not turn on during the first phase of PME tuning

Constraining the starting coordinates (step 0)

Constraining the coordinates at t0-dt (step 0)
Center of mass motion removal mode is Linear
We have the following groups for center of mass motion removal:
  0:  rest
RMS relative constraint deviation after constraining: 3.24e-06
Initial temperature: 301.849 K

Started mdrun on rank 0 Sat Oct 31 10:43:14 2020

           Step           Time
              0        0.00000

   Energies (kJ/mol)
          Angle    Proper Dih. Ryckaert-Bell.  Improper Dih.          LJ-14
    5.36318e+04    1.72954e+04    1.37537e+04    5.80913e+03    2.73783e+04
     Coulomb-14        LJ (SR)   Coulomb (SR)   Coul. recip.      Potential
    9.80264e+04    4.92495e+04   -1.56493e+06    1.19682e+04   -1.28781e+06
    Kinetic En.   Total Energy  Conserved En.    Temperature Pressure (bar)
    2.05439e+05   -1.08238e+06   -1.08242e+06    3.01998e+02    4.12211e+02
   Constr. rmsd
    1.53705e-05


DD  step 99 load imb.: force 22.6%  pme mesh/force 1.101
step 2200: timed with pme grid 96 96 80, coulomb cutoff 1.000: 294.7 M-cycles
step 2400: timed with pme grid 84 80 80, coulomb cutoff 1.070: 312.0 M-cycles
step 2600: timed with pme grid 80 72 72, coulomb cutoff 1.179: 341.1 M-cycles
step 2800: timed with pme grid 80 80 72, coulomb cutoff 1.124: 365.8 M-cycles
step 3000: timed with pme grid 84 80 72, coulomb cutoff 1.105: 312.5 M-cycles
step 3200: timed with pme grid 84 80 80, coulomb cutoff 1.070: 294.0 M-cycles
step 3400: timed with pme grid 96 80 80, coulomb cutoff 1.061: 294.9 M-cycles
step 3600: timed with pme grid 96 84 80, coulomb cutoff 1.010: 354.7 M-cycles
step 3800: timed with pme grid 96 96 80, coulomb cutoff 1.000: 318.5 M-cycles
step 4000: timed with pme grid 84 80 72, coulomb cutoff 1.105: 293.8 M-cycles
step 4200: timed with pme grid 84 80 80, coulomb cutoff 1.070: 306.9 M-cycles
step 4400: timed with pme grid 96 80 80, coulomb cutoff 1.061: 306.4 M-cycles
step 4600: timed with pme grid 96 84 80, coulomb cutoff 1.010: 311.3 M-cycles
step 4800: timed with pme grid 96 96 80, coulomb cutoff 1.000: 308.9 M-cycles
step 5000: timed with pme grid 84 80 72, coulomb cutoff 1.105: 329.1 M-cycles
step 5200: timed with pme grid 84 80 80, coulomb cutoff 1.070: 294.3 M-cycles
step 5400: timed with pme grid 96 80 80, coulomb cutoff 1.061: 308.2 M-cycles
step 5600: timed with pme grid 96 84 80, coulomb cutoff 1.010: 323.6 M-cycles
step 5800: timed with pme grid 96 96 80, coulomb cutoff 1.000: 312.9 M-cycles
              optimal pme grid 84 80 72, coulomb cutoff 1.105

NOTE: DLB can now turn on, when beneficial

DD  step 9999 load imb.: force 20.0%  pme mesh/force 1.188
           Step           Time
          10000       20.00000

Writing checkpoint, step 10000 at Sat Oct 31 10:43:39 2020


   Energies (kJ/mol)
          Angle    Proper Dih. Ryckaert-Bell.  Improper Dih.          LJ-14
    5.27064e+04    1.77557e+04    1.36793e+04    5.85301e+03    2.65064e+04
     Coulomb-14        LJ (SR)   Coulomb (SR)   Coul. recip.      Potential
    9.76128e+04    4.65742e+04   -1.56084e+06    8.30722e+03   -1.29185e+06
    Kinetic En.   Total Energy  Conserved En.    Temperature Pressure (bar)
    2.04380e+05   -1.08747e+06   -1.08332e+06    3.00443e+02   -3.89247e+01
   Constr. rmsd
    1.61476e-05


	<======  ###############  ==>
	<====  A V E R A G E S  ====>
	<==  ###############  ======>

	Statistics over 10001 steps using 101 frames

   Energies (kJ/mol)
          Angle    Proper Dih. Ryckaert-Bell.  Improper Dih.          LJ-14
    5.23170e+04    1.79595e+04    1.35762e+04    5.80267e+03    2.63761e+04
     Coulomb-14        LJ (SR)   Coulomb (SR)   Coul. recip.      Potential
    9.76496e+04    4.75747e+04   -1.56204e+06    9.47472e+03   -1.29131e+06
    Kinetic En.   Total Energy  Conserved En.    Temperature Pressure (bar)
    2.04075e+05   -1.08724e+06   -1.08288e+06    2.99994e+02    1.23617e+01
   Constr. rmsd
    0.00000e+00

          Box-X          Box-Y          Box-Z
    1.07899e+01    1.01855e+01    9.55326e+00

   Total Virial (kJ/mol)
    6.75864e+04   -2.74322e+02   -1.02771e+02
   -2.66842e+02    6.90494e+04    3.99392e+02
   -1.03997e+02    3.93444e+02    6.62671e+04

   Pressure (bar)
    4.05526e+01    8.26851e+00    6.29682e+00
    8.03201e+00   -6.46349e+00   -1.24208e+01
    6.33568e+00   -1.22327e+01    2.99598e+00


       P P   -   P M E   L O A D   B A L A N C I N G

 PP/PME load balancing changed the cut-off and PME settings:
           particle-particle                    PME
            rcoulomb  rlist            grid      spacing   1/beta
   initial  1.000 nm  1.004 nm      96  96  80   0.119 nm  0.320 nm
   final    1.105 nm  1.109 nm      84  80  72   0.133 nm  0.354 nm
 cost-ratio           1.35             0.66
 (note that these numbers concern only part of the total PP and PME load)


	M E G A - F L O P S   A C C O U N T I N G

 NB=Group-cutoff nonbonded kernels    NxN=N-by-N cluster Verlet kernels
 RF=Reaction-Field  VdW=Van der Waals  QSTab=quadratic-spline table
 W3=SPC/TIP3p  W4=TIP4p (single or pairs)
 V&F=Potential and force  V=Potential only  F=Force only

 Computing:                               M-Number         M-Flops  % Flops
-----------------------------------------------------------------------------
 Pair Search distance check             816.603664        7349.433     0.0
 NxN Ewald Elec. + LJ [F]            750760.648704    49550202.814    97.9
 NxN Ewald Elec. + LJ [V&F]            7664.800960      820133.703     1.6
 1,4 nonbonded interactions             231.583156       20842.484     0.0
 Reset In Box                             8.256043          24.768     0.0
 CG-CoM                                   8.337786          25.013     0.0
 Angles                                 283.638361       47651.245     0.1
 Propers                                111.121111       25446.734     0.1
 Impropers                               54.645464       11366.257     0.0
 RB-Dihedrals                            62.336233       15397.050     0.0
 Virial                                  82.140058        1478.521     0.0
 Stop-CM                                  8.337786          83.378     0.0
 P-Coupling                              81.824743         490.948     0.0
 Calc-Ekin                              163.649486        4418.536     0.0
 Lincs                                  290.966913       17458.015     0.0
 Lincs-Mat                             4423.986768       17695.947     0.0
 Constraint-V                          1210.002579        9680.021     0.0
 Constraint-Vir                          91.980024        2207.521     0.0
 Settle                                 209.396505       67635.071     0.1
-----------------------------------------------------------------------------
 Total                                                50619587.458   100.0
-----------------------------------------------------------------------------


    D O M A I N   D E C O M P O S I T I O N   S T A T I S T I C S

 av. #atoms communicated per step for force:  2 x 63206.5
 av. #atoms communicated per step for LINCS:  2 x 10628.9


Dynamic load balancing report:
 DLB was off during the run due to low measured imbalance.
 Average load imbalance: 22.0%.
 The balanceable part of the MD step is 9%, load imbalance is computed from this.
 Part of the total run time spent waiting due to load imbalance: 2.1%.
 Average PME mesh/force load: 1.145
 Part of the total run time spent waiting due to PP/PME imbalance: 1.0 %


     R E A L   C Y C L E   A N D   T I M E   A C C O U N T I N G

On 7 MPI ranks doing PP, each using 3 OpenMP threads, and
on 1 MPI rank doing PME, using 3 OpenMP threads

 Computing:          Num   Num      Call    Wall time         Giga-Cycles
                     Ranks Threads  Count      (s)         total sum    %
-----------------------------------------------------------------------------
 Domain decomp.         7    3        101       0.369         20.125   1.3
 DD comm. load          7    3          3       0.000          0.001   0.0
 Send X to PME          7    3      10001      12.054        656.666  42.3
 Neighbor search        7    3        101       0.403         21.932   1.4
 Launch GPU ops.        7    3      20002       0.688         37.472   2.4
 Comm. coord.           7    3       9900       0.953         51.922   3.3
 Force                  7    3      10001       1.484         80.849   5.2
 Wait + Comm. F         7    3      10001       1.924        104.814   6.8
 PME mesh *             1    3      10001       7.044         54.816   3.5
 PME wait for PP *                             16.139        125.598   8.1
 Wait + Recv. PME F     7    3      10001       1.801         98.101   6.3
 Wait PME GPU gather    7    3      10001       0.930         50.641   3.3
 Wait GPU NB nonloc.    7    3      10001       1.530         83.368   5.4
 Wait GPU NB local      7    3      10001       0.062          3.362   0.2
 NB X/F buffer ops.     7    3      39802       0.551         30.013   1.9
 Write traj.            7    3          1       0.030          1.616   0.1
 Update                 7    3      10001       0.221         12.016   0.8
 Constraints            7    3      10003       2.828        154.084   9.9
 Comm. energies         7    3       1001       0.150          8.188   0.5
-----------------------------------------------------------------------------
 Total                                         24.930       1552.106 100.0
-----------------------------------------------------------------------------
(*) Note that with separate PME ranks, the walltime column actually sums to
    twice the total reported, but the cycle count total and % are correct.
-----------------------------------------------------------------------------

               Core t (s)   Wall t (s)        (%)
       Time:      598.292       24.930     2399.9
                 (ns/day)    (hour/ns)
Performance:       69.320        0.346
Finished mdrun on rank 0 Sat Oct 31 10:43:39 2020

