                      :-) GROMACS - gmx mdrun, 2020.4 (-:

                            GROMACS is written by:
     Emile Apol      Rossen Apostolov      Paul Bauer     Herman J.C. Berendsen
    Par Bjelkmar      Christian Blau   Viacheslav Bolnykh     Kevin Boyd    
 Aldert van Buuren   Rudi van Drunen     Anton Feenstra       Alan Gray     
  Gerrit Groenhof     Anca Hamuraru    Vincent Hindriksen  M. Eric Irrgang  
  Aleksei Iupinov   Christoph Junghans     Joe Jordan     Dimitrios Karkoulis
    Peter Kasson        Jiri Kraus      Carsten Kutzner      Per Larsson    
  Justin A. Lemkul    Viveca Lindahl    Magnus Lundborg     Erik Marklund   
    Pascal Merz     Pieter Meulenhoff    Teemu Murtola       Szilard Pall   
    Sander Pronk      Roland Schulz      Michael Shirts    Alexey Shvetsov  
   Alfons Sijbers     Peter Tieleman      Jon Vincent      Teemu Virolainen 
 Christian Wennberg    Maarten Wolf      Artem Zhmurov   
                           and the project leaders:
        Mark Abraham, Berk Hess, Erik Lindahl, and David van der Spoel

Copyright (c) 1991-2000, University of Groningen, The Netherlands.
Copyright (c) 2001-2019, The GROMACS development team at
Uppsala University, Stockholm University and
the Royal Institute of Technology, Sweden.
check out http://www.gromacs.org for more information.

GROMACS is free software; you can redistribute it and/or modify it
under the terms of the GNU Lesser General Public License
as published by the Free Software Foundation; either version 2.1
of the License, or (at your option) any later version.

GROMACS:      gmx mdrun, version 2020.4
Executable:   /shared/home/ccuser/gromacs2020/bin/gmx_mpi
Data prefix:  /shared/home/ccuser/gromacs2020
Working dir:  /shared/home/ccuser/Task2/Amber03
Process ID:   99510
Command line:
  gmx_mpi mdrun -s pr.tpr -v -c 7C22_amber03_pr.gro -ntomp 4

GROMACS version:    2020.4
Verified release checksum is 79c2857291b034542c26e90512b92fd4b184a1c9d6fa59c55f2e24ccf14e7281
Precision:          single
Memory model:       64 bit
MPI library:        MPI
OpenMP support:     enabled (GMX_OPENMP_MAX_THREADS = 64)
GPU support:        disabled
SIMD instructions:  AVX2_256
FFT library:        fftw-3.3.8-sse2-avx-avx2-avx2_128
RDTSCP usage:       enabled
TNG support:        enabled
Hwloc support:      hwloc-2.1.0
Tracing support:    disabled
C compiler:         /opt/intel/compilers_and_libraries_2018.5.274/linux/mpi/intel64/bin/mpicc GNU 9.2.0
C compiler flags:   -mavx2 -mfma -fexcess-precision=fast -funroll-all-loops -O2 -DNDEBUG
C++ compiler:       /opt/intel/compilers_and_libraries_2018.5.274/linux/mpi/intel64/bin/mpicxx GNU 9.2.0
C++ compiler flags: -mavx2 -mfma -fexcess-precision=fast -funroll-all-loops -fopenmp -O2 -DNDEBUG


Running on 1 node with total 120 cores, 120 logical cores
Hardware detected on host ip-0A000005 (the node of MPI rank 0):
  CPU info:
    Vendor: AMD
    Brand:  AMD EPYC 7V12 64-Core Processor                
    Family: 23   Model: 49   Stepping: 0
    Features: aes amd apic avx avx2 clfsh cmov cx8 cx16 f16c fma htt lahf misalignsse mmx msr pclmuldq pdpe1gb popcnt pse rdrnd rdtscp sha sse2 sse3 sse4a sse4.1 sse4.2 ssse3
  Hardware topology: Full, with devices
    Sockets, cores, and logical processors:
      Socket  0: [   0] [   1] [   2] [   3] [   4] [   5] [   6] [   7] [   8] [   9] [  10] [  11] [  12] [  13] [  14] [  15] [  16] [  17] [  18] [  19] [  20] [  21] [  22] [  23] [  24] [  25] [  26] [  27] [  28] [  29] [  30] [  31] [  32] [  33] [  34] [  35] [  36] [  37] [  38] [  39] [  40] [  41] [  42] [  43] [  44] [  45] [  46] [  47] [  48] [  49] [  50] [  51] [  52] [  53] [  54] [  55] [  56] [  57] [  58] [  59]
      Socket  1: [  60] [  61] [  62] [  63] [  64] [  65] [  66] [  67] [  68] [  69] [  70] [  71] [  72] [  73] [  74] [  75] [  76] [  77] [  78] [  79] [  80] [  81] [  82] [  83] [  84] [  85] [  86] [  87] [  88] [  89] [  90] [  91] [  92] [  93] [  94] [  95] [  96] [  97] [  98] [  99] [ 100] [ 101] [ 102] [ 103] [ 104] [ 105] [ 106] [ 107] [ 108] [ 109] [ 110] [ 111] [ 112] [ 113] [ 114] [ 115] [ 116] [ 117] [ 118] [ 119]
    Numa nodes:
      Node  0 (15997485056 bytes mem):   0   1   2   3
      Node  1 (16065388544 bytes mem):   4   5   6   7
      Node  2 (16067485696 bytes mem):   8   9  10  11
      Node  3 (16065384448 bytes mem):  12  13  14  15
      Node  4 (16065392640 bytes mem):  16  17  18  19
      Node  5 (16067485696 bytes mem):  20  21  22  23
      Node  6 (16065388544 bytes mem):  24  25  26  27
      Node  7 (16067485696 bytes mem):  28  29  30  31
      Node  8 (16065384448 bytes mem):  32  33  34  35
      Node  9 (16065388544 bytes mem):  36  37  38  39
      Node 10 (16067485696 bytes mem):  40  41  42  43
      Node 11 (16065388544 bytes mem):  44  45  46  47
      Node 12 (16065384448 bytes mem):  48  49  50  51
      Node 13 (16063291392 bytes mem):  52  53  54  55
      Node 14 (16063291392 bytes mem):  56  57  58  59
      Node 15 (16065388544 bytes mem):  60  61  62  63
      Node 16 (16063287296 bytes mem):  64  65  66  67
      Node 17 (16065388544 bytes mem):  68  69  70  71
      Node 18 (16063291392 bytes mem):  72  73  74  75
      Node 19 (16063291392 bytes mem):  76  77  78  79
      Node 20 (16065384448 bytes mem):  80  81  82  83
      Node 21 (16063291392 bytes mem):  84  85  86  87
      Node 22 (16065388544 bytes mem):  88  89  90  91
      Node 23 (16063291392 bytes mem):  92  93  94  95
      Node 24 (16063295488 bytes mem):  96  97  98  99
      Node 25 (16065384448 bytes mem): 100 101 102 103
      Node 26 (16063291392 bytes mem): 104 105 106 107
      Node 27 (16065388544 bytes mem): 108 109 110 111
      Node 28 (16046907392 bytes mem): 112 113 114 115
      Node 29 (16064913408 bytes mem): 116 117 118 119
      Latency:
               0     1     2     3     4     5     6     7     8     9    10    11    12    13    14    15    16    17    18    19    20    21    22    23    24    25    26    27    28    29
         0  1.00  2.00  2.00  2.00  2.00  2.00  2.00  2.00  2.00  2.00  2.00  2.00  2.00  2.00  2.00  2.00  2.00  2.00  2.00  2.00  2.00  2.00  2.00  2.00  2.00  2.00  2.00  2.00  2.00  2.00
         1  2.00  1.00  2.00  2.00  2.00  2.00  2.00  2.00  2.00  2.00  2.00  2.00  2.00  2.00  2.00  2.00  2.00  2.00  2.00  2.00  2.00  2.00  2.00  2.00  2.00  2.00  2.00  2.00  2.00  2.00
         2  2.00  2.00  1.00  2.00  2.00  2.00  2.00  2.00  2.00  2.00  2.00  2.00  2.00  2.00  2.00  2.00  2.00  2.00  2.00  2.00  2.00  2.00  2.00  2.00  2.00  2.00  2.00  2.00  2.00  2.00
         3  2.00  2.00  2.00  1.00  2.00  2.00  2.00  2.00  2.00  2.00  2.00  2.00  2.00  2.00  2.00  2.00  2.00  2.00  2.00  2.00  2.00  2.00  2.00  2.00  2.00  2.00  2.00  2.00  2.00  2.00
         4  2.00  2.00  2.00  2.00  1.00  2.00  2.00  2.00  2.00  2.00  2.00  2.00  2.00  2.00  2.00  2.00  2.00  2.00  2.00  2.00  2.00  2.00  2.00  2.00  2.00  2.00  2.00  2.00  2.00  2.00
         5  2.00  2.00  2.00  2.00  2.00  1.00  2.00  2.00  2.00  2.00  2.00  2.00  2.00  2.00  2.00  2.00  2.00  2.00  2.00  2.00  2.00  2.00  2.00  2.00  2.00  2.00  2.00  2.00  2.00  2.00
         6  2.00  2.00  2.00  2.00  2.00  2.00  1.00  2.00  2.00  2.00  2.00  2.00  2.00  2.00  2.00  2.00  2.00  2.00  2.00  2.00  2.00  2.00  2.00  2.00  2.00  2.00  2.00  2.00  2.00  2.00
         7  2.00  2.00  2.00  2.00  2.00  2.00  2.00  1.00  2.00  2.00  2.00  2.00  2.00  2.00  2.00  2.00  2.00  2.00  2.00  2.00  2.00  2.00  2.00  2.00  2.00  2.00  2.00  2.00  2.00  2.00
         8  2.00  2.00  2.00  2.00  2.00  2.00  2.00  2.00  1.00  2.00  2.00  2.00  2.00  2.00  2.00  2.00  2.00  2.00  2.00  2.00  2.00  2.00  2.00  2.00  2.00  2.00  2.00  2.00  2.00  2.00
         9  2.00  2.00  2.00  2.00  2.00  2.00  2.00  2.00  2.00  1.00  2.00  2.00  2.00  2.00  2.00  2.00  2.00  2.00  2.00  2.00  2.00  2.00  2.00  2.00  2.00  2.00  2.00  2.00  2.00  2.00
        10  2.00  2.00  2.00  2.00  2.00  2.00  2.00  2.00  2.00  2.00  1.00  2.00  2.00  2.00  2.00  2.00  2.00  2.00  2.00  2.00  2.00  2.00  2.00  2.00  2.00  2.00  2.00  2.00  2.00  2.00
        11  2.00  2.00  2.00  2.00  2.00  2.00  2.00  2.00  2.00  2.00  2.00  1.00  2.00  2.00  2.00  2.00  2.00  2.00  2.00  2.00  2.00  2.00  2.00  2.00  2.00  2.00  2.00  2.00  2.00  2.00
        12  2.00  2.00  2.00  2.00  2.00  2.00  2.00  2.00  2.00  2.00  2.00  2.00  1.00  2.00  2.00  2.00  2.00  2.00  2.00  2.00  2.00  2.00  2.00  2.00  2.00  2.00  2.00  2.00  2.00  2.00
        13  2.00  2.00  2.00  2.00  2.00  2.00  2.00  2.00  2.00  2.00  2.00  2.00  2.00  1.00  2.00  2.00  2.00  2.00  2.00  2.00  2.00  2.00  2.00  2.00  2.00  2.00  2.00  2.00  2.00  2.00
        14  2.00  2.00  2.00  2.00  2.00  2.00  2.00  2.00  2.00  2.00  2.00  2.00  2.00  2.00  1.00  2.00  2.00  2.00  2.00  2.00  2.00  2.00  2.00  2.00  2.00  2.00  2.00  2.00  2.00  2.00
        15  2.00  2.00  2.00  2.00  2.00  2.00  2.00  2.00  2.00  2.00  2.00  2.00  2.00  2.00  2.00  1.00  2.00  2.00  2.00  2.00  2.00  2.00  2.00  2.00  2.00  2.00  2.00  2.00  2.00  2.00
        16  2.00  2.00  2.00  2.00  2.00  2.00  2.00  2.00  2.00  2.00  2.00  2.00  2.00  2.00  2.00  2.00  1.00  2.00  2.00  2.00  2.00  2.00  2.00  2.00  2.00  2.00  2.00  2.00  2.00  2.00
        17  2.00  2.00  2.00  2.00  2.00  2.00  2.00  2.00  2.00  2.00  2.00  2.00  2.00  2.00  2.00  2.00  2.00  1.00  2.00  2.00  2.00  2.00  2.00  2.00  2.00  2.00  2.00  2.00  2.00  2.00
        18  2.00  2.00  2.00  2.00  2.00  2.00  2.00  2.00  2.00  2.00  2.00  2.00  2.00  2.00  2.00  2.00  2.00  2.00  1.00  2.00  2.00  2.00  2.00  2.00  2.00  2.00  2.00  2.00  2.00  2.00
        19  2.00  2.00  2.00  2.00  2.00  2.00  2.00  2.00  2.00  2.00  2.00  2.00  2.00  2.00  2.00  2.00  2.00  2.00  2.00  1.00  2.00  2.00  2.00  2.00  2.00  2.00  2.00  2.00  2.00  2.00
        20  2.00  2.00  2.00  2.00  2.00  2.00  2.00  2.00  2.00  2.00  2.00  2.00  2.00  2.00  2.00  2.00  2.00  2.00  2.00  2.00  1.00  2.00  2.00  2.00  2.00  2.00  2.00  2.00  2.00  2.00
        21  2.00  2.00  2.00  2.00  2.00  2.00  2.00  2.00  2.00  2.00  2.00  2.00  2.00  2.00  2.00  2.00  2.00  2.00  2.00  2.00  2.00  1.00  2.00  2.00  2.00  2.00  2.00  2.00  2.00  2.00
        22  2.00  2.00  2.00  2.00  2.00  2.00  2.00  2.00  2.00  2.00  2.00  2.00  2.00  2.00  2.00  2.00  2.00  2.00  2.00  2.00  2.00  2.00  1.00  2.00  2.00  2.00  2.00  2.00  2.00  2.00
        23  2.00  2.00  2.00  2.00  2.00  2.00  2.00  2.00  2.00  2.00  2.00  2.00  2.00  2.00  2.00  2.00  2.00  2.00  2.00  2.00  2.00  2.00  2.00  1.00  2.00  2.00  2.00  2.00  2.00  2.00
        24  2.00  2.00  2.00  2.00  2.00  2.00  2.00  2.00  2.00  2.00  2.00  2.00  2.00  2.00  2.00  2.00  2.00  2.00  2.00  2.00  2.00  2.00  2.00  2.00  1.00  2.00  2.00  2.00  2.00  2.00
        25  2.00  2.00  2.00  2.00  2.00  2.00  2.00  2.00  2.00  2.00  2.00  2.00  2.00  2.00  2.00  2.00  2.00  2.00  2.00  2.00  2.00  2.00  2.00  2.00  2.00  1.00  2.00  2.00  2.00  2.00
        26  2.00  2.00  2.00  2.00  2.00  2.00  2.00  2.00  2.00  2.00  2.00  2.00  2.00  2.00  2.00  2.00  2.00  2.00  2.00  2.00  2.00  2.00  2.00  2.00  2.00  2.00  1.00  2.00  2.00  2.00
        27  2.00  2.00  2.00  2.00  2.00  2.00  2.00  2.00  2.00  2.00  2.00  2.00  2.00  2.00  2.00  2.00  2.00  2.00  2.00  2.00  2.00  2.00  2.00  2.00  2.00  2.00  2.00  1.00  2.00  2.00
        28  2.00  2.00  2.00  2.00  2.00  2.00  2.00  2.00  2.00  2.00  2.00  2.00  2.00  2.00  2.00  2.00  2.00  2.00  2.00  2.00  2.00  2.00  2.00  2.00  2.00  2.00  2.00  2.00  1.00  2.00
        29  2.00  2.00  2.00  2.00  2.00  2.00  2.00  2.00  2.00  2.00  2.00  2.00  2.00  2.00  2.00  2.00  2.00  2.00  2.00  2.00  2.00  2.00  2.00  2.00  2.00  2.00  2.00  2.00  2.00  1.00
    Caches:
      L1: 32768 bytes, linesize 64 bytes, assoc. 8, shared 1 ways
      L2: 524288 bytes, linesize 64 bytes, assoc. 8, shared 1 ways
      L3: 16777216 bytes, linesize 64 bytes, assoc. 16, shared 4 ways
    PCI devices:
      e810:00:00.0  Id: 1414:b111  Class: 0x0108  Numa: 0
      0000:00:07.1  Id: 8086:7111  Class: 0x0101  Numa: -1
      0000:00:08.0  Id: 1414:5353  Class: 0x0300  Numa: -1
      7526:00:02.0  Id: 15b3:101c  Class: 0x0207  Numa: -1


++++ PLEASE READ AND CITE THE FOLLOWING REFERENCE ++++
M. J. Abraham, T. Murtola, R. Schulz, S. Páll, J. C. Smith, B. Hess, E.
Lindahl
GROMACS: High performance molecular simulations through multi-level
parallelism from laptops to supercomputers
SoftwareX 1 (2015) pp. 19-25
-------- -------- --- Thank You --- -------- --------


++++ PLEASE READ AND CITE THE FOLLOWING REFERENCE ++++
S. Páll, M. J. Abraham, C. Kutzner, B. Hess, E. Lindahl
Tackling Exascale Software Challenges in Molecular Dynamics Simulations with
GROMACS
In S. Markidis & E. Laure (Eds.), Solving Software Challenges for Exascale 8759 (2015) pp. 3-27
-------- -------- --- Thank You --- -------- --------


++++ PLEASE READ AND CITE THE FOLLOWING REFERENCE ++++
S. Pronk, S. Páll, R. Schulz, P. Larsson, P. Bjelkmar, R. Apostolov, M. R.
Shirts, J. C. Smith, P. M. Kasson, D. van der Spoel, B. Hess, and E. Lindahl
GROMACS 4.5: a high-throughput and highly parallel open source molecular
simulation toolkit
Bioinformatics 29 (2013) pp. 845-54
-------- -------- --- Thank You --- -------- --------


++++ PLEASE READ AND CITE THE FOLLOWING REFERENCE ++++
B. Hess and C. Kutzner and D. van der Spoel and E. Lindahl
GROMACS 4: Algorithms for highly efficient, load-balanced, and scalable
molecular simulation
J. Chem. Theory Comput. 4 (2008) pp. 435-447
-------- -------- --- Thank You --- -------- --------


++++ PLEASE READ AND CITE THE FOLLOWING REFERENCE ++++
D. van der Spoel, E. Lindahl, B. Hess, G. Groenhof, A. E. Mark and H. J. C.
Berendsen
GROMACS: Fast, Flexible and Free
J. Comp. Chem. 26 (2005) pp. 1701-1719
-------- -------- --- Thank You --- -------- --------


++++ PLEASE READ AND CITE THE FOLLOWING REFERENCE ++++
E. Lindahl and B. Hess and D. van der Spoel
GROMACS 3.0: A package for molecular simulation and trajectory analysis
J. Mol. Mod. 7 (2001) pp. 306-317
-------- -------- --- Thank You --- -------- --------


++++ PLEASE READ AND CITE THE FOLLOWING REFERENCE ++++
H. J. C. Berendsen, D. van der Spoel and R. van Drunen
GROMACS: A message-passing parallel molecular dynamics implementation
Comp. Phys. Comm. 91 (1995) pp. 43-56
-------- -------- --- Thank You --- -------- --------


++++ PLEASE CITE THE DOI FOR THIS VERSION OF GROMACS ++++
https://doi.org/10.5281/zenodo.4054979
-------- -------- --- Thank You --- -------- --------

Input Parameters:
   integrator                     = md
   tinit                          = 0
   dt                             = 0.001
   nsteps                         = 5000
   init-step                      = 0
   simulation-part                = 1
   comm-mode                      = Linear
   nstcomm                        = 100
   bd-fric                        = 0
   ld-seed                        = 1300260091
   emtol                          = 10
   emstep                         = 0.01
   niter                          = 20
   fcstep                         = 0
   nstcgsteep                     = 1000
   nbfgscorr                      = 10
   rtpi                           = 0.05
   nstxout                        = 0
   nstvout                        = 5000
   nstfout                        = 5000
   nstlog                         = 1000
   nstcalcenergy                  = 100
   nstenergy                      = 1000
   nstxout-compressed             = 5000
   compressed-x-precision         = 1000
   cutoff-scheme                  = Verlet
   nstlist                        = 20
   pbc                            = xyz
   periodic-molecules             = false
   verlet-buffer-tolerance        = 0.005
   rlist                          = 1.2
   coulombtype                    = PME
   coulomb-modifier               = Potential-shift
   rcoulomb-switch                = 0
   rcoulomb                       = 1.2
   epsilon-r                      = 1
   epsilon-rf                     = inf
   vdw-type                       = Cut-off
   vdw-modifier                   = Force-switch
   rvdw-switch                    = 0.8
   rvdw                           = 0.9
   DispCorr                       = No
   table-extension                = 1
   fourierspacing                 = 0.12
   fourier-nx                     = 160
   fourier-ny                     = 160
   fourier-nz                     = 160
   pme-order                      = 4
   ewald-rtol                     = 1e-05
   ewald-rtol-lj                  = 0.001
   lj-pme-comb-rule               = Geometric
   ewald-geometry                 = 0
   epsilon-surface                = 0
   tcoupl                         = Berendsen
   nsttcouple                     = 20
   nh-chain-length                = 0
   print-nose-hoover-chain-variables = false
   pcoupl                         = No
   pcoupltype                     = Isotropic
   nstpcouple                     = -1
   tau-p                          = 1
   compressibility (3x3):
      compressibility[    0]={ 0.00000e+00,  0.00000e+00,  0.00000e+00}
      compressibility[    1]={ 0.00000e+00,  0.00000e+00,  0.00000e+00}
      compressibility[    2]={ 0.00000e+00,  0.00000e+00,  0.00000e+00}
   ref-p (3x3):
      ref-p[    0]={ 0.00000e+00,  0.00000e+00,  0.00000e+00}
      ref-p[    1]={ 0.00000e+00,  0.00000e+00,  0.00000e+00}
      ref-p[    2]={ 0.00000e+00,  0.00000e+00,  0.00000e+00}
   refcoord-scaling               = COM
   posres-com (3):
      posres-com[0]= 5.02386e-01
      posres-com[1]= 4.99480e-01
      posres-com[2]= 5.00154e-01
   posres-comB (3):
      posres-comB[0]= 5.02386e-01
      posres-comB[1]= 4.99480e-01
      posres-comB[2]= 5.00154e-01
   QMMM                           = false
   QMconstraints                  = 0
   QMMMscheme                     = 0
   MMChargeScaleFactor            = 1
qm-opts:
   ngQM                           = 0
   constraint-algorithm           = Lincs
   continuation                   = false
   Shake-SOR                      = false
   shake-tol                      = 0.0001
   lincs-order                    = 4
   lincs-iter                     = 1
   lincs-warnangle                = 30
   nwall                          = 0
   wall-type                      = 9-3
   wall-r-linpot                  = -1
   wall-atomtype[0]               = -1
   wall-atomtype[1]               = -1
   wall-density[0]                = 0
   wall-density[1]                = 0
   wall-ewald-zfac                = 3
   pull                           = false
   awh                            = false
   rotation                       = false
   interactiveMD                  = false
   disre                          = No
   disre-weighting                = Conservative
   disre-mixed                    = false
   dr-fc                          = 1000
   dr-tau                         = 0
   nstdisreout                    = 100
   orire-fc                       = 0
   orire-tau                      = 0
   nstorireout                    = 100
   free-energy                    = no
   cos-acceleration               = 0
   deform (3x3):
      deform[    0]={ 0.00000e+00,  0.00000e+00,  0.00000e+00}
      deform[    1]={ 0.00000e+00,  0.00000e+00,  0.00000e+00}
      deform[    2]={ 0.00000e+00,  0.00000e+00,  0.00000e+00}
   simulated-tempering            = false
   swapcoords                     = no
   userint1                       = 0
   userint2                       = 0
   userint3                       = 0
   userint4                       = 0
   userreal1                      = 0
   userreal2                      = 0
   userreal3                      = 0
   userreal4                      = 0
   applied-forces:
     electric-field:
       x:
         E0                       = 0
         omega                    = 0
         t0                       = 0
         sigma                    = 0
       y:
         E0                       = 0
         omega                    = 0
         t0                       = 0
         sigma                    = 0
       z:
         E0                       = 0
         omega                    = 0
         t0                       = 0
         sigma                    = 0
     density-guided-simulation:
       active                     = false
       group                      = protein
       similarity-measure         = inner-product
       atom-spreading-weight      = unity
       force-constant             = 1e+09
       gaussian-transform-spreading-width = 0.2
       gaussian-transform-spreading-range-in-multiples-of-width = 4
       reference-density-filename = reference.mrc
       nst                        = 1
       normalize-densities        = true
       adaptive-force-scaling     = false
       adaptive-force-scaling-time-constant = 4
grpopts:
   nrdf:  1.22268e+06
   ref-t:      303.15
   tau-t:           1
annealing:          No
annealing-npoints:           0
   acc:	           0           0           0
   nfreeze:           N           N           N
   energygrp-flags[  0]: 0

Changing nstlist from 20 to 100, rlist from 1.2 to 1.308


Initializing Domain Decomposition on 30 ranks
Dynamic load balancing: auto
Using update groups, nr 204401, average size 3.0 atoms, max. radius 0.104 nm
Minimum cell size due to atom displacement: 0.403 nm
Initial maximum distances in bonded interactions:
    two-body bonded interactions: 0.425 nm, LJ-14, atoms 969 977
  multi-body bonded interactions: 0.425 nm, Proper Dih., atoms 969 977
Minimum cell size due to bonded interactions: 0.468 nm
Scaling the initial minimum size with 1/0.8 (option -dds) = 1.25
Guess for relative PME load: 0.17
Will use 25 particle-particle and 5 PME only ranks
This is a guess, check the performance at the end of the log file
Using 5 separate PME ranks, as guessed by mdrun
Optimizing the DD grid for 25 cells with a minimum initial size of 0.585 nm
The maximum allowed number of cells is: X 31 Y 31 Z 31
Domain decomposition grid 5 x 5 x 1, separate PME ranks 5
PME domain decomposition: 5 x 1 x 1
Interleaving PP and PME ranks
This rank does only particle-particle work.
Domain decomposition rank 0, coordinates 0 0 0

The initial number of communication pulses is: X 1 Y 1
The initial domain decomposition cell size is: X 3.68 nm Y 3.68 nm

The maximum allowed distance for atom groups involved in interactions is:
                 non-bonded interactions           1.516 nm
            two-body bonded interactions  (-rdd)   1.516 nm
          multi-body bonded interactions  (-rdd)   1.516 nm

When dynamic load balancing gets turned on, these settings will change to:
The maximum number of communication pulses is: X 1 Y 1
The minimum size for domain decomposition cells is 1.516 nm
The requested allowed shrink of DD cells (option -dds) is: 0.80
The allowed shrink of domain decomposition cells is: X 0.41 Y 0.41
The maximum allowed distance for atom groups involved in interactions is:
                 non-bonded interactions           1.516 nm
            two-body bonded interactions  (-rdd)   1.516 nm
          multi-body bonded interactions  (-rdd)   1.516 nm

Using 30 MPI processes

Non-default thread affinity set, disabling internal thread affinity

Using 4 OpenMP threads per MPI process

System total charge: -0.000
Will do PME sum in reciprocal space for electrostatic interactions.

++++ PLEASE READ AND CITE THE FOLLOWING REFERENCE ++++
U. Essmann, L. Perera, M. L. Berkowitz, T. Darden, H. Lee and L. G. Pedersen 
A smooth particle mesh Ewald method
J. Chem. Phys. 103 (1995) pp. 8577-8592
-------- -------- --- Thank You --- -------- --------

Using a Gaussian width (1/beta) of 0.384195 nm for Ewald
Potential shift: LJ r^-12: -6.469e+00 r^-6: -2.590e+00, Ewald -8.333e-06
Initialized non-bonded Ewald tables, spacing: 1.02e-03 size: 1176

Generated table with 1154 data points for 1-4 COUL.
Tabscale = 500 points/nm
Generated table with 1154 data points for 1-4 LJ6.
Tabscale = 500 points/nm
Generated table with 1154 data points for 1-4 LJ12.
Tabscale = 500 points/nm

Using SIMD 4x8 nonbonded short-range kernels

Using a dual 4x8 pair-list setup updated with dynamic pruning:
  outer list: updated every 100 steps, buffer 0.108 nm, rlist 1.308 nm
  inner list: updated every  22 steps, buffer 0.001 nm, rlist 1.201 nm
At tolerance 0.005 kJ/mol/ps per atom, equivalent classical 1x1 list would be:
  outer list: updated every 100 steps, buffer 0.240 nm, rlist 1.440 nm
  inner list: updated every  22 steps, buffer 0.045 nm, rlist 1.245 nm

Removing pbc first time

Initializing LINear Constraint Solver

++++ PLEASE READ AND CITE THE FOLLOWING REFERENCE ++++
B. Hess and H. Bekker and H. J. C. Berendsen and J. G. E. M. Fraaije
LINCS: A Linear Constraint Solver for molecular simulations
J. Comp. Chem. 18 (1997) pp. 1463-1472
-------- -------- --- Thank You --- -------- --------

The number of constraints is 3472

++++ PLEASE READ AND CITE THE FOLLOWING REFERENCE ++++
S. Miyamoto and P. A. Kollman
SETTLE: An Analytical Version of the SHAKE and RATTLE Algorithms for Rigid
Water Models
J. Comp. Chem. 13 (1992) pp. 952-962
-------- -------- --- Thank You --- -------- --------


Linking all bonded interactions to atoms


Intra-simulation communication will occur every 20 steps.

++++ PLEASE READ AND CITE THE FOLLOWING REFERENCE ++++
H. J. C. Berendsen, J. P. M. Postma, A. DiNola and J. R. Haak
Molecular dynamics with coupling to an external bath
J. Chem. Phys. 81 (1984) pp. 3684-3690
-------- -------- --- Thank You --- -------- --------

There are: 609561 Atoms
Atom distribution over 25 domains: av 24382 stddev 307 min 23729 max 24822

Constraining the starting coordinates (step 0)

Constraining the coordinates at t0-dt (step 0)
Center of mass motion removal mode is Linear
We have the following groups for center of mass motion removal:
  0:  System
RMS relative constraint deviation after constraining: 0.00e+00
Initial temperature: 303.477 K

Started mdrun on rank 0 Tue Nov 10 04:29:14 2020

           Step           Time
              0        0.00000

   Energies (kJ/mol)
           Bond          Angle    Proper Dih.  Improper Dih.          LJ-14
    9.26226e+02    3.79490e+03    1.73211e+04    2.08170e+02    6.19545e+03
     Coulomb-14        LJ (SR)   Coulomb (SR)   Coul. recip. Position Rest.
    7.37836e+04    2.10009e+06   -1.32236e+07    1.55632e+04    1.68265e-03
      Potential    Kinetic En.   Total Energy  Conserved En.    Temperature
   -1.10057e+07    1.54258e+06   -9.46314e+06   -9.46314e+06    3.03481e+02
 Pressure (bar)   Constr. rmsd
   -4.24691e+03    3.90133e-06


DD  step 99 load imb.: force 19.4%  pme mesh/force 0.984

step 200 Turning on dynamic load balancing, because the performance loss due to load imbalance is 14.5 %.
step  800: timed with pme grid 160 160 160, coulomb cutoff 1.200: 2409.5 M-cycles
step 1000: timed with pme grid 128 128 128, coulomb cutoff 1.437: 3333.6 M-cycles

DD  step 999  vol min/aver 0.672  load imb.: force  1.9%  pme mesh/force 0.571
           Step           Time
           1000        1.00000

   Energies (kJ/mol)
           Bond          Angle    Proper Dih.  Improper Dih.          LJ-14
    4.08364e+03    1.12081e+04    1.86970e+04    6.96614e+02    6.69233e+03
     Coulomb-14        LJ (SR)   Coulomb (SR)   Coul. recip. Position Rest.
    7.36113e+04    2.06056e+06   -1.21790e+07    1.72885e+04    1.55252e+03
      Potential    Kinetic En.   Total Energy  Conserved En.    Temperature
   -9.98456e+06    1.10462e+06   -8.87995e+06   -9.46037e+06    2.17318e+02
 Pressure (bar)   Constr. rmsd
   -1.26659e+03    3.79121e-06

step 1200: timed with pme grid 144 144 144, coulomb cutoff 1.277: 3118.4 M-cycles
step 1400: timed with pme grid 160 160 160, coulomb cutoff 1.200: 2477.6 M-cycles
              optimal pme grid 160 160 160, coulomb cutoff 1.200

DD  step 1999  vol min/aver 0.658  load imb.: force  2.6%  pme mesh/force 1.118
           Step           Time
           2000        2.00000

   Energies (kJ/mol)
           Bond          Angle    Proper Dih.  Improper Dih.          LJ-14
    4.63038e+03    1.26664e+04    1.91765e+04    8.43064e+02    6.81789e+03
     Coulomb-14        LJ (SR)   Coulomb (SR)   Coul. recip. Position Rest.
    7.33694e+04    2.04566e+06   -1.19895e+07    2.27033e+04    1.69032e+03
      Potential    Kinetic En.   Total Energy  Conserved En.    Temperature
   -9.80199e+06    1.26972e+06   -8.53227e+06   -9.45992e+06    2.49801e+02
 Pressure (bar)   Constr. rmsd
   -6.00040e+02    3.86525e-06


DD  step 2999  vol min/aver 0.654  load imb.: force  1.9%  pme mesh/force 1.143
           Step           Time
           3000        3.00000

   Energies (kJ/mol)
           Bond          Angle    Proper Dih.  Improper Dih.          LJ-14
    4.96181e+03    1.34039e+04    1.92326e+04    8.02096e+02    6.77674e+03
     Coulomb-14        LJ (SR)   Coulomb (SR)   Coul. recip. Position Rest.
    7.35185e+04    2.00439e+06   -1.18194e+07    2.36885e+04    1.70874e+03
      Potential    Kinetic En.   Total Energy  Conserved En.    Temperature
   -9.67087e+06    1.36071e+06   -8.31017e+06   -9.45989e+06    2.67700e+02
 Pressure (bar)   Constr. rmsd
   -4.18991e+02    3.87308e-06


DD  step 3999  vol min/aver 0.644  load imb.: force  1.7%  pme mesh/force 1.139
           Step           Time
           4000        4.00000

   Energies (kJ/mol)
           Bond          Angle    Proper Dih.  Improper Dih.          LJ-14
    5.23600e+03    1.41422e+04    1.91238e+04    8.90375e+02    6.97312e+03
     Coulomb-14        LJ (SR)   Coulomb (SR)   Coul. recip. Position Rest.
    7.34665e+04    1.97943e+06   -1.16990e+07    2.46013e+04    1.80825e+03
      Potential    Kinetic En.   Total Energy  Conserved En.    Temperature
   -9.57333e+06    1.41422e+06   -8.15911e+06   -9.45986e+06    2.78229e+02
 Pressure (bar)   Constr. rmsd
   -2.29497e+02    3.82374e-06


DD  step 4999  vol min/aver 0.646  load imb.: force  1.8%  pme mesh/force 1.131
           Step           Time
           5000        5.00000

Writing checkpoint, step 5000 at Tue Nov 10 04:30:26 2020


   Energies (kJ/mol)
           Bond          Angle    Proper Dih.  Improper Dih.          LJ-14
    5.34737e+03    1.40980e+04    1.92244e+04    8.56681e+02    7.05245e+03
     Coulomb-14        LJ (SR)   Coulomb (SR)   Coul. recip. Position Rest.
    7.33471e+04    1.94523e+06   -1.15908e+07    2.51765e+04    1.73934e+03
      Potential    Kinetic En.   Total Energy  Conserved En.    Temperature
   -9.49870e+06    1.44794e+06   -8.05076e+06   -9.45983e+06    2.84862e+02
 Pressure (bar)   Constr. rmsd
   -2.23289e+02    3.92634e-06


	<======  ###############  ==>
	<====  A V E R A G E S  ====>
	<==  ###############  ======>

	Statistics over 5001 steps using 51 frames

   Energies (kJ/mol)
           Bond          Angle    Proper Dih.  Improper Dih.          LJ-14
    4.55970e+03    1.25544e+04    1.89830e+04    7.67058e+02    6.80335e+03
     Coulomb-14        LJ (SR)   Coulomb (SR)   Coul. recip. Position Rest.
    7.34788e+04    2.01486e+06   -1.19466e+07    2.24207e+04    1.59674e+03
      Potential    Kinetic En.   Total Energy  Conserved En.    Temperature
   -9.79055e+06    1.26884e+06   -8.52171e+06   -9.46004e+06    2.49628e+02
 Pressure (bar)   Constr. rmsd
   -8.26604e+02    0.00000e+00

   Total Virial (kJ/mol)
    5.82741e+05   -7.27031e+03    4.64238e+02
   -7.22503e+03    5.84341e+05   -2.87537e+03
    6.96719e+02   -2.56058e+03    5.66146e+05

   Pressure (bar)
   -8.46784e+02    3.86711e+01    6.45834e+00
    3.84293e+01   -8.60397e+02    2.05897e+01
    5.21689e+00    1.89087e+01   -7.72629e+02


	M E G A - F L O P S   A C C O U N T I N G

 NB=Group-cutoff nonbonded kernels    NxN=N-by-N cluster Verlet kernels
 RF=Reaction-Field  VdW=Van der Waals  QSTab=quadratic-spline table
 W3=SPC/TIP3p  W4=TIP4p (single or pairs)
 V&F=Potential and force  V=Potential only  F=Force only

 Computing:                               M-Number         M-Flops  % Flops
-----------------------------------------------------------------------------
 Pair Search distance check           22025.464256      198229.178     0.1
 NxN Ewald Elec. + LJ [F]           1340737.931808   104577558.681    53.4
 NxN Ewald Elec. + LJ [V&F]           13806.823472     1781080.228     0.9
 NxN Ewald Elec. [F]                1291410.486432    78776039.672    40.2
 NxN Ewald Elec. [V&F]                13298.738448     1117094.030     0.6
 1,4 nonbonded interactions              92.328462        8309.562     0.0
 Calc Weights                          9145.243683      329228.773     0.2
 Spread Q Bspline                    195098.531904      390197.064     0.2
 Gather F Bspline                    195098.531904     1170591.191     0.6
 3D-FFT                              871228.194904     6969825.559     3.6
 Solve PME                              125.209600        8013.414     0.0
 Reset In Box                            31.087611          93.263     0.0
 CG-CoM                                  31.697172          95.092     0.0
 Bonds                                   18.143628        1070.474     0.0
 Angles                                  64.032804       10757.511     0.0
 Propers                                 99.669930       22824.414     0.0
 Impropers                                7.371474        1533.267     0.0
 Pos. Restr.                             17.788557         889.428     0.0
 Virial                                  31.144986         560.610     0.0
 Stop-CM                                 31.697172         316.972     0.0
 Calc-Ekin                              305.999622        8261.990     0.0
 Lincs                                   17.370416        1042.225     0.0
 Lincs-Mat                               87.412416         349.650     0.0
 Constraint-V                          3048.598952       24388.792     0.0
 Constraint-Vir                          30.906204         741.749     0.0
 Settle                                1004.822532      324557.678     0.2
-----------------------------------------------------------------------------
 Total                                               195723650.464   100.0
-----------------------------------------------------------------------------


    D O M A I N   D E C O M P O S I T I O N   S T A T I S T I C S

 av. #atoms communicated per step for force:  2 x 561736.1


Dynamic load balancing report:
 DLB was turned on during the run due to measured imbalance.
 Average load imbalance: 3.9%.
 The balanceable part of the MD step is 72%, load imbalance is computed from this.
 Part of the total run time spent waiting due to load imbalance: 2.8%.
 Steps where the load balancing was limited by -rdd, -rcon and/or -dds: X 0 % Y 0 %
 Average PME mesh/force load: 1.063
 Part of the total run time spent waiting due to PP/PME imbalance: 4.1 %


     R E A L   C Y C L E   A N D   T I M E   A C C O U N T I N G

On 25 MPI ranks doing PP, each using 4 OpenMP threads, and
on 5 MPI ranks doing PME, each using 4 OpenMP threads

 Computing:          Num   Num      Call    Wall time         Giga-Cycles
                     Ranks Threads  Count      (s)         total sum    %
-----------------------------------------------------------------------------
 Domain decomp.        25    4         51       5.230       1278.970   6.0
 DD comm. load         25    4         50       0.001          0.289   0.0
 DD comm. bounds       25    4         49       0.012          2.853   0.0
 Send X to PME         25    4       5001       1.880        459.654   2.1
 Neighbor search       25    4         51       0.765        187.069   0.9
 Comm. coord.          25    4       4950       2.316        566.368   2.6
 Force                 25    4       5001      47.037      11501.967  53.7
 Wait + Comm. F        25    4       5001       4.737       1158.248   5.4
 PME mesh *             5    4       5001      58.330       2852.669  13.3
 PME wait for PP *                             14.535        710.861   3.3
 Wait + Recv. PME F    25    4       5001       7.724       1888.643   8.8
 NB X/F buffer ops.    25    4      14901       0.492        120.280   0.6
 Write traj.           25    4          2       0.090         22.124   0.1
 Update                25    4       5001       0.271         66.366   0.3
 Constraints           25    4       5003       0.464        113.413   0.5
 Comm. energies        25    4        251       1.868        456.714   2.1
 Rest                                           0.046         11.269   0.1
-----------------------------------------------------------------------------
 Total                                         72.933      21401.072 100.0
-----------------------------------------------------------------------------
(*) Note that with separate PME ranks, the walltime column actually sums to
    twice the total reported, but the cycle count total and % are correct.
-----------------------------------------------------------------------------
 Breakdown of PME mesh computation
-----------------------------------------------------------------------------
 PME redist. X/F        5    4      10002      10.631        519.894   2.4
 PME spread             5    4       5001      13.095        640.399   3.0
 PME gather             5    4       5001      10.621        519.422   2.4
 PME 3D-FFT             5    4      10002      11.089        542.314   2.5
 PME 3D-FFT Comm.       5    4      10002      10.376        507.421   2.4
 PME solve Elec         5    4       5001       2.490        121.755   0.6
-----------------------------------------------------------------------------

               Core t (s)   Wall t (s)        (%)
       Time:     8751.937       72.933    11999.9
                 (ns/day)    (hour/ns)
Performance:        5.924        4.051
Finished mdrun on rank 0 Tue Nov 10 04:30:27 2020

