                      :-) GROMACS - gmx mdrun, 2020.4 (-:

                            GROMACS is written by:
     Emile Apol      Rossen Apostolov      Paul Bauer     Herman J.C. Berendsen
    Par Bjelkmar      Christian Blau   Viacheslav Bolnykh     Kevin Boyd    
 Aldert van Buuren   Rudi van Drunen     Anton Feenstra       Alan Gray     
  Gerrit Groenhof     Anca Hamuraru    Vincent Hindriksen  M. Eric Irrgang  
  Aleksei Iupinov   Christoph Junghans     Joe Jordan     Dimitrios Karkoulis
    Peter Kasson        Jiri Kraus      Carsten Kutzner      Per Larsson    
  Justin A. Lemkul    Viveca Lindahl    Magnus Lundborg     Erik Marklund   
    Pascal Merz     Pieter Meulenhoff    Teemu Murtola       Szilard Pall   
    Sander Pronk      Roland Schulz      Michael Shirts    Alexey Shvetsov  
   Alfons Sijbers     Peter Tieleman      Jon Vincent      Teemu Virolainen 
 Christian Wennberg    Maarten Wolf      Artem Zhmurov   
                           and the project leaders:
        Mark Abraham, Berk Hess, Erik Lindahl, and David van der Spoel

Copyright (c) 1991-2000, University of Groningen, The Netherlands.
Copyright (c) 2001-2019, The GROMACS development team at
Uppsala University, Stockholm University and
the Royal Institute of Technology, Sweden.
check out http://www.gromacs.org for more information.

GROMACS is free software; you can redistribute it and/or modify it
under the terms of the GNU Lesser General Public License
as published by the Free Software Foundation; either version 2.1
of the License, or (at your option) any later version.

GROMACS:      gmx mdrun, version 2020.4
Executable:   /shared/home/ccuser/gromacs2020/bin/gmx_mpi
Data prefix:  /shared/home/ccuser/gromacs2020
Working dir:  /shared/home/ccuser/Task2/OPLS
Process ID:   104008
Command line:
  gmx_mpi mdrun -s pr.tpr -v -c 7C22_OPLS_pr.gro -ntomp 2

GROMACS version:    2020.4
Verified release checksum is 79c2857291b034542c26e90512b92fd4b184a1c9d6fa59c55f2e24ccf14e7281
Precision:          single
Memory model:       64 bit
MPI library:        MPI
OpenMP support:     enabled (GMX_OPENMP_MAX_THREADS = 64)
GPU support:        disabled
SIMD instructions:  AVX2_256
FFT library:        fftw-3.3.8-sse2-avx-avx2-avx2_128
RDTSCP usage:       enabled
TNG support:        enabled
Hwloc support:      hwloc-2.1.0
Tracing support:    disabled
C compiler:         /opt/intel/compilers_and_libraries_2018.5.274/linux/mpi/intel64/bin/mpicc GNU 9.2.0
C compiler flags:   -mavx2 -mfma -fexcess-precision=fast -funroll-all-loops -O2 -DNDEBUG
C++ compiler:       /opt/intel/compilers_and_libraries_2018.5.274/linux/mpi/intel64/bin/mpicxx GNU 9.2.0
C++ compiler flags: -mavx2 -mfma -fexcess-precision=fast -funroll-all-loops -fopenmp -O2 -DNDEBUG


Running on 1 node with total 120 cores, 120 logical cores
Hardware detected on host ip-0A000005 (the node of MPI rank 0):
  CPU info:
    Vendor: AMD
    Brand:  AMD EPYC 7V12 64-Core Processor                
    Family: 23   Model: 49   Stepping: 0
    Features: aes amd apic avx avx2 clfsh cmov cx8 cx16 f16c fma htt lahf misalignsse mmx msr pclmuldq pdpe1gb popcnt pse rdrnd rdtscp sha sse2 sse3 sse4a sse4.1 sse4.2 ssse3
  Hardware topology: Full, with devices
    Sockets, cores, and logical processors:
      Socket  0: [   0] [   1] [   2] [   3] [   4] [   5] [   6] [   7] [   8] [   9] [  10] [  11] [  12] [  13] [  14] [  15] [  16] [  17] [  18] [  19] [  20] [  21] [  22] [  23] [  24] [  25] [  26] [  27] [  28] [  29] [  30] [  31] [  32] [  33] [  34] [  35] [  36] [  37] [  38] [  39] [  40] [  41] [  42] [  43] [  44] [  45] [  46] [  47] [  48] [  49] [  50] [  51] [  52] [  53] [  54] [  55] [  56] [  57] [  58] [  59]
      Socket  1: [  60] [  61] [  62] [  63] [  64] [  65] [  66] [  67] [  68] [  69] [  70] [  71] [  72] [  73] [  74] [  75] [  76] [  77] [  78] [  79] [  80] [  81] [  82] [  83] [  84] [  85] [  86] [  87] [  88] [  89] [  90] [  91] [  92] [  93] [  94] [  95] [  96] [  97] [  98] [  99] [ 100] [ 101] [ 102] [ 103] [ 104] [ 105] [ 106] [ 107] [ 108] [ 109] [ 110] [ 111] [ 112] [ 113] [ 114] [ 115] [ 116] [ 117] [ 118] [ 119]
    Numa nodes:
      Node  0 (15997485056 bytes mem):   0   1   2   3
      Node  1 (16065388544 bytes mem):   4   5   6   7
      Node  2 (16067485696 bytes mem):   8   9  10  11
      Node  3 (16065384448 bytes mem):  12  13  14  15
      Node  4 (16065392640 bytes mem):  16  17  18  19
      Node  5 (16067485696 bytes mem):  20  21  22  23
      Node  6 (16065388544 bytes mem):  24  25  26  27
      Node  7 (16067485696 bytes mem):  28  29  30  31
      Node  8 (16065384448 bytes mem):  32  33  34  35
      Node  9 (16065388544 bytes mem):  36  37  38  39
      Node 10 (16067485696 bytes mem):  40  41  42  43
      Node 11 (16065388544 bytes mem):  44  45  46  47
      Node 12 (16065384448 bytes mem):  48  49  50  51
      Node 13 (16063291392 bytes mem):  52  53  54  55
      Node 14 (16063291392 bytes mem):  56  57  58  59
      Node 15 (16065388544 bytes mem):  60  61  62  63
      Node 16 (16063287296 bytes mem):  64  65  66  67
      Node 17 (16065388544 bytes mem):  68  69  70  71
      Node 18 (16063291392 bytes mem):  72  73  74  75
      Node 19 (16063291392 bytes mem):  76  77  78  79
      Node 20 (16065384448 bytes mem):  80  81  82  83
      Node 21 (16063291392 bytes mem):  84  85  86  87
      Node 22 (16065388544 bytes mem):  88  89  90  91
      Node 23 (16063291392 bytes mem):  92  93  94  95
      Node 24 (16063295488 bytes mem):  96  97  98  99
      Node 25 (16065384448 bytes mem): 100 101 102 103
      Node 26 (16063291392 bytes mem): 104 105 106 107
      Node 27 (16065388544 bytes mem): 108 109 110 111
      Node 28 (16046907392 bytes mem): 112 113 114 115
      Node 29 (16064913408 bytes mem): 116 117 118 119
      Latency:
               0     1     2     3     4     5     6     7     8     9    10    11    12    13    14    15    16    17    18    19    20    21    22    23    24    25    26    27    28    29
         0  1.00  2.00  2.00  2.00  2.00  2.00  2.00  2.00  2.00  2.00  2.00  2.00  2.00  2.00  2.00  2.00  2.00  2.00  2.00  2.00  2.00  2.00  2.00  2.00  2.00  2.00  2.00  2.00  2.00  2.00
         1  2.00  1.00  2.00  2.00  2.00  2.00  2.00  2.00  2.00  2.00  2.00  2.00  2.00  2.00  2.00  2.00  2.00  2.00  2.00  2.00  2.00  2.00  2.00  2.00  2.00  2.00  2.00  2.00  2.00  2.00
         2  2.00  2.00  1.00  2.00  2.00  2.00  2.00  2.00  2.00  2.00  2.00  2.00  2.00  2.00  2.00  2.00  2.00  2.00  2.00  2.00  2.00  2.00  2.00  2.00  2.00  2.00  2.00  2.00  2.00  2.00
         3  2.00  2.00  2.00  1.00  2.00  2.00  2.00  2.00  2.00  2.00  2.00  2.00  2.00  2.00  2.00  2.00  2.00  2.00  2.00  2.00  2.00  2.00  2.00  2.00  2.00  2.00  2.00  2.00  2.00  2.00
         4  2.00  2.00  2.00  2.00  1.00  2.00  2.00  2.00  2.00  2.00  2.00  2.00  2.00  2.00  2.00  2.00  2.00  2.00  2.00  2.00  2.00  2.00  2.00  2.00  2.00  2.00  2.00  2.00  2.00  2.00
         5  2.00  2.00  2.00  2.00  2.00  1.00  2.00  2.00  2.00  2.00  2.00  2.00  2.00  2.00  2.00  2.00  2.00  2.00  2.00  2.00  2.00  2.00  2.00  2.00  2.00  2.00  2.00  2.00  2.00  2.00
         6  2.00  2.00  2.00  2.00  2.00  2.00  1.00  2.00  2.00  2.00  2.00  2.00  2.00  2.00  2.00  2.00  2.00  2.00  2.00  2.00  2.00  2.00  2.00  2.00  2.00  2.00  2.00  2.00  2.00  2.00
         7  2.00  2.00  2.00  2.00  2.00  2.00  2.00  1.00  2.00  2.00  2.00  2.00  2.00  2.00  2.00  2.00  2.00  2.00  2.00  2.00  2.00  2.00  2.00  2.00  2.00  2.00  2.00  2.00  2.00  2.00
         8  2.00  2.00  2.00  2.00  2.00  2.00  2.00  2.00  1.00  2.00  2.00  2.00  2.00  2.00  2.00  2.00  2.00  2.00  2.00  2.00  2.00  2.00  2.00  2.00  2.00  2.00  2.00  2.00  2.00  2.00
         9  2.00  2.00  2.00  2.00  2.00  2.00  2.00  2.00  2.00  1.00  2.00  2.00  2.00  2.00  2.00  2.00  2.00  2.00  2.00  2.00  2.00  2.00  2.00  2.00  2.00  2.00  2.00  2.00  2.00  2.00
        10  2.00  2.00  2.00  2.00  2.00  2.00  2.00  2.00  2.00  2.00  1.00  2.00  2.00  2.00  2.00  2.00  2.00  2.00  2.00  2.00  2.00  2.00  2.00  2.00  2.00  2.00  2.00  2.00  2.00  2.00
        11  2.00  2.00  2.00  2.00  2.00  2.00  2.00  2.00  2.00  2.00  2.00  1.00  2.00  2.00  2.00  2.00  2.00  2.00  2.00  2.00  2.00  2.00  2.00  2.00  2.00  2.00  2.00  2.00  2.00  2.00
        12  2.00  2.00  2.00  2.00  2.00  2.00  2.00  2.00  2.00  2.00  2.00  2.00  1.00  2.00  2.00  2.00  2.00  2.00  2.00  2.00  2.00  2.00  2.00  2.00  2.00  2.00  2.00  2.00  2.00  2.00
        13  2.00  2.00  2.00  2.00  2.00  2.00  2.00  2.00  2.00  2.00  2.00  2.00  2.00  1.00  2.00  2.00  2.00  2.00  2.00  2.00  2.00  2.00  2.00  2.00  2.00  2.00  2.00  2.00  2.00  2.00
        14  2.00  2.00  2.00  2.00  2.00  2.00  2.00  2.00  2.00  2.00  2.00  2.00  2.00  2.00  1.00  2.00  2.00  2.00  2.00  2.00  2.00  2.00  2.00  2.00  2.00  2.00  2.00  2.00  2.00  2.00
        15  2.00  2.00  2.00  2.00  2.00  2.00  2.00  2.00  2.00  2.00  2.00  2.00  2.00  2.00  2.00  1.00  2.00  2.00  2.00  2.00  2.00  2.00  2.00  2.00  2.00  2.00  2.00  2.00  2.00  2.00
        16  2.00  2.00  2.00  2.00  2.00  2.00  2.00  2.00  2.00  2.00  2.00  2.00  2.00  2.00  2.00  2.00  1.00  2.00  2.00  2.00  2.00  2.00  2.00  2.00  2.00  2.00  2.00  2.00  2.00  2.00
        17  2.00  2.00  2.00  2.00  2.00  2.00  2.00  2.00  2.00  2.00  2.00  2.00  2.00  2.00  2.00  2.00  2.00  1.00  2.00  2.00  2.00  2.00  2.00  2.00  2.00  2.00  2.00  2.00  2.00  2.00
        18  2.00  2.00  2.00  2.00  2.00  2.00  2.00  2.00  2.00  2.00  2.00  2.00  2.00  2.00  2.00  2.00  2.00  2.00  1.00  2.00  2.00  2.00  2.00  2.00  2.00  2.00  2.00  2.00  2.00  2.00
        19  2.00  2.00  2.00  2.00  2.00  2.00  2.00  2.00  2.00  2.00  2.00  2.00  2.00  2.00  2.00  2.00  2.00  2.00  2.00  1.00  2.00  2.00  2.00  2.00  2.00  2.00  2.00  2.00  2.00  2.00
        20  2.00  2.00  2.00  2.00  2.00  2.00  2.00  2.00  2.00  2.00  2.00  2.00  2.00  2.00  2.00  2.00  2.00  2.00  2.00  2.00  1.00  2.00  2.00  2.00  2.00  2.00  2.00  2.00  2.00  2.00
        21  2.00  2.00  2.00  2.00  2.00  2.00  2.00  2.00  2.00  2.00  2.00  2.00  2.00  2.00  2.00  2.00  2.00  2.00  2.00  2.00  2.00  1.00  2.00  2.00  2.00  2.00  2.00  2.00  2.00  2.00
        22  2.00  2.00  2.00  2.00  2.00  2.00  2.00  2.00  2.00  2.00  2.00  2.00  2.00  2.00  2.00  2.00  2.00  2.00  2.00  2.00  2.00  2.00  1.00  2.00  2.00  2.00  2.00  2.00  2.00  2.00
        23  2.00  2.00  2.00  2.00  2.00  2.00  2.00  2.00  2.00  2.00  2.00  2.00  2.00  2.00  2.00  2.00  2.00  2.00  2.00  2.00  2.00  2.00  2.00  1.00  2.00  2.00  2.00  2.00  2.00  2.00
        24  2.00  2.00  2.00  2.00  2.00  2.00  2.00  2.00  2.00  2.00  2.00  2.00  2.00  2.00  2.00  2.00  2.00  2.00  2.00  2.00  2.00  2.00  2.00  2.00  1.00  2.00  2.00  2.00  2.00  2.00
        25  2.00  2.00  2.00  2.00  2.00  2.00  2.00  2.00  2.00  2.00  2.00  2.00  2.00  2.00  2.00  2.00  2.00  2.00  2.00  2.00  2.00  2.00  2.00  2.00  2.00  1.00  2.00  2.00  2.00  2.00
        26  2.00  2.00  2.00  2.00  2.00  2.00  2.00  2.00  2.00  2.00  2.00  2.00  2.00  2.00  2.00  2.00  2.00  2.00  2.00  2.00  2.00  2.00  2.00  2.00  2.00  2.00  1.00  2.00  2.00  2.00
        27  2.00  2.00  2.00  2.00  2.00  2.00  2.00  2.00  2.00  2.00  2.00  2.00  2.00  2.00  2.00  2.00  2.00  2.00  2.00  2.00  2.00  2.00  2.00  2.00  2.00  2.00  2.00  1.00  2.00  2.00
        28  2.00  2.00  2.00  2.00  2.00  2.00  2.00  2.00  2.00  2.00  2.00  2.00  2.00  2.00  2.00  2.00  2.00  2.00  2.00  2.00  2.00  2.00  2.00  2.00  2.00  2.00  2.00  2.00  1.00  2.00
        29  2.00  2.00  2.00  2.00  2.00  2.00  2.00  2.00  2.00  2.00  2.00  2.00  2.00  2.00  2.00  2.00  2.00  2.00  2.00  2.00  2.00  2.00  2.00  2.00  2.00  2.00  2.00  2.00  2.00  1.00
    Caches:
      L1: 32768 bytes, linesize 64 bytes, assoc. 8, shared 1 ways
      L2: 524288 bytes, linesize 64 bytes, assoc. 8, shared 1 ways
      L3: 16777216 bytes, linesize 64 bytes, assoc. 16, shared 4 ways
    PCI devices:
      e810:00:00.0  Id: 1414:b111  Class: 0x0108  Numa: 0
      0000:00:07.1  Id: 8086:7111  Class: 0x0101  Numa: -1
      0000:00:08.0  Id: 1414:5353  Class: 0x0300  Numa: -1
      7526:00:02.0  Id: 15b3:101c  Class: 0x0207  Numa: -1


++++ PLEASE READ AND CITE THE FOLLOWING REFERENCE ++++
M. J. Abraham, T. Murtola, R. Schulz, S. Páll, J. C. Smith, B. Hess, E.
Lindahl
GROMACS: High performance molecular simulations through multi-level
parallelism from laptops to supercomputers
SoftwareX 1 (2015) pp. 19-25
-------- -------- --- Thank You --- -------- --------


++++ PLEASE READ AND CITE THE FOLLOWING REFERENCE ++++
S. Páll, M. J. Abraham, C. Kutzner, B. Hess, E. Lindahl
Tackling Exascale Software Challenges in Molecular Dynamics Simulations with
GROMACS
In S. Markidis & E. Laure (Eds.), Solving Software Challenges for Exascale 8759 (2015) pp. 3-27
-------- -------- --- Thank You --- -------- --------


++++ PLEASE READ AND CITE THE FOLLOWING REFERENCE ++++
S. Pronk, S. Páll, R. Schulz, P. Larsson, P. Bjelkmar, R. Apostolov, M. R.
Shirts, J. C. Smith, P. M. Kasson, D. van der Spoel, B. Hess, and E. Lindahl
GROMACS 4.5: a high-throughput and highly parallel open source molecular
simulation toolkit
Bioinformatics 29 (2013) pp. 845-54
-------- -------- --- Thank You --- -------- --------


++++ PLEASE READ AND CITE THE FOLLOWING REFERENCE ++++
B. Hess and C. Kutzner and D. van der Spoel and E. Lindahl
GROMACS 4: Algorithms for highly efficient, load-balanced, and scalable
molecular simulation
J. Chem. Theory Comput. 4 (2008) pp. 435-447
-------- -------- --- Thank You --- -------- --------


++++ PLEASE READ AND CITE THE FOLLOWING REFERENCE ++++
D. van der Spoel, E. Lindahl, B. Hess, G. Groenhof, A. E. Mark and H. J. C.
Berendsen
GROMACS: Fast, Flexible and Free
J. Comp. Chem. 26 (2005) pp. 1701-1719
-------- -------- --- Thank You --- -------- --------


++++ PLEASE READ AND CITE THE FOLLOWING REFERENCE ++++
E. Lindahl and B. Hess and D. van der Spoel
GROMACS 3.0: A package for molecular simulation and trajectory analysis
J. Mol. Mod. 7 (2001) pp. 306-317
-------- -------- --- Thank You --- -------- --------


++++ PLEASE READ AND CITE THE FOLLOWING REFERENCE ++++
H. J. C. Berendsen, D. van der Spoel and R. van Drunen
GROMACS: A message-passing parallel molecular dynamics implementation
Comp. Phys. Comm. 91 (1995) pp. 43-56
-------- -------- --- Thank You --- -------- --------


++++ PLEASE CITE THE DOI FOR THIS VERSION OF GROMACS ++++
https://doi.org/10.5281/zenodo.4054979
-------- -------- --- Thank You --- -------- --------

Input Parameters:
   integrator                     = md
   tinit                          = 0
   dt                             = 0.001
   nsteps                         = 5000
   init-step                      = 0
   simulation-part                = 1
   comm-mode                      = Linear
   nstcomm                        = 100
   bd-fric                        = 0
   ld-seed                        = 311127958
   emtol                          = 10
   emstep                         = 0.01
   niter                          = 20
   fcstep                         = 0
   nstcgsteep                     = 1000
   nbfgscorr                      = 10
   rtpi                           = 0.05
   nstxout                        = 0
   nstvout                        = 5000
   nstfout                        = 5000
   nstlog                         = 1000
   nstcalcenergy                  = 100
   nstenergy                      = 1000
   nstxout-compressed             = 5000
   compressed-x-precision         = 1000
   cutoff-scheme                  = Verlet
   nstlist                        = 20
   pbc                            = xyz
   periodic-molecules             = false
   verlet-buffer-tolerance        = 0.005
   rlist                          = 1.2
   coulombtype                    = PME
   coulomb-modifier               = Potential-shift
   rcoulomb-switch                = 0
   rcoulomb                       = 1.2
   epsilon-r                      = 1
   epsilon-rf                     = inf
   vdw-type                       = Cut-off
   vdw-modifier                   = Force-switch
   rvdw-switch                    = 0.8
   rvdw                           = 0.85
   DispCorr                       = No
   table-extension                = 1
   fourierspacing                 = 0.12
   fourier-nx                     = 160
   fourier-ny                     = 160
   fourier-nz                     = 160
   pme-order                      = 4
   ewald-rtol                     = 1e-05
   ewald-rtol-lj                  = 0.001
   lj-pme-comb-rule               = Geometric
   ewald-geometry                 = 0
   epsilon-surface                = 0
   tcoupl                         = Berendsen
   nsttcouple                     = 20
   nh-chain-length                = 0
   print-nose-hoover-chain-variables = false
   pcoupl                         = No
   pcoupltype                     = Isotropic
   nstpcouple                     = -1
   tau-p                          = 1
   compressibility (3x3):
      compressibility[    0]={ 0.00000e+00,  0.00000e+00,  0.00000e+00}
      compressibility[    1]={ 0.00000e+00,  0.00000e+00,  0.00000e+00}
      compressibility[    2]={ 0.00000e+00,  0.00000e+00,  0.00000e+00}
   ref-p (3x3):
      ref-p[    0]={ 0.00000e+00,  0.00000e+00,  0.00000e+00}
      ref-p[    1]={ 0.00000e+00,  0.00000e+00,  0.00000e+00}
      ref-p[    2]={ 0.00000e+00,  0.00000e+00,  0.00000e+00}
   refcoord-scaling               = COM
   posres-com (3):
      posres-com[0]= 5.02377e-01
      posres-com[1]= 4.99497e-01
      posres-com[2]= 5.00145e-01
   posres-comB (3):
      posres-comB[0]= 5.02377e-01
      posres-comB[1]= 4.99497e-01
      posres-comB[2]= 5.00145e-01
   QMMM                           = false
   QMconstraints                  = 0
   QMMMscheme                     = 0
   MMChargeScaleFactor            = 1
qm-opts:
   ngQM                           = 0
   constraint-algorithm           = Lincs
   continuation                   = false
   Shake-SOR                      = false
   shake-tol                      = 0.0001
   lincs-order                    = 4
   lincs-iter                     = 1
   lincs-warnangle                = 30
   nwall                          = 0
   wall-type                      = 9-3
   wall-r-linpot                  = -1
   wall-atomtype[0]               = -1
   wall-atomtype[1]               = -1
   wall-density[0]                = 0
   wall-density[1]                = 0
   wall-ewald-zfac                = 3
   pull                           = false
   awh                            = false
   rotation                       = false
   interactiveMD                  = false
   disre                          = No
   disre-weighting                = Conservative
   disre-mixed                    = false
   dr-fc                          = 1000
   dr-tau                         = 0
   nstdisreout                    = 100
   orire-fc                       = 0
   orire-tau                      = 0
   nstorireout                    = 100
   free-energy                    = no
   cos-acceleration               = 0
   deform (3x3):
      deform[    0]={ 0.00000e+00,  0.00000e+00,  0.00000e+00}
      deform[    1]={ 0.00000e+00,  0.00000e+00,  0.00000e+00}
      deform[    2]={ 0.00000e+00,  0.00000e+00,  0.00000e+00}
   simulated-tempering            = false
   swapcoords                     = no
   userint1                       = 0
   userint2                       = 0
   userint3                       = 0
   userint4                       = 0
   userreal1                      = 0
   userreal2                      = 0
   userreal3                      = 0
   userreal4                      = 0
   applied-forces:
     electric-field:
       x:
         E0                       = 0
         omega                    = 0
         t0                       = 0
         sigma                    = 0
       y:
         E0                       = 0
         omega                    = 0
         t0                       = 0
         sigma                    = 0
       z:
         E0                       = 0
         omega                    = 0
         t0                       = 0
         sigma                    = 0
     density-guided-simulation:
       active                     = false
       group                      = protein
       similarity-measure         = inner-product
       atom-spreading-weight      = unity
       force-constant             = 1e+09
       gaussian-transform-spreading-width = 0.2
       gaussian-transform-spreading-range-in-multiples-of-width = 4
       reference-density-filename = reference.mrc
       nst                        = 1
       normalize-densities        = true
       adaptive-force-scaling     = false
       adaptive-force-scaling-time-constant = 4
grpopts:
   nrdf:  1.22268e+06
   ref-t:      303.15
   tau-t:           1
annealing:          No
annealing-npoints:           0
   acc:	           0           0           0
   nfreeze:           N           N           N
   energygrp-flags[  0]: 0

Changing nstlist from 20 to 100, rlist from 1.2 to 1.308


Initializing Domain Decomposition on 60 ranks
Dynamic load balancing: auto
Using update groups, nr 204401, average size 3.0 atoms, max. radius 0.103 nm
Minimum cell size due to atom displacement: 0.403 nm
Initial maximum distances in bonded interactions:
    two-body bonded interactions: 0.425 nm, LJ-14, atoms 969 977
  multi-body bonded interactions: 0.425 nm, Ryckaert-Bell., atoms 969 977
Minimum cell size due to bonded interactions: 0.468 nm
Scaling the initial minimum size with 1/0.8 (option -dds) = 1.25
Guess for relative PME load: 0.17
Will use 50 particle-particle and 10 PME only ranks
This is a guess, check the performance at the end of the log file
Using 10 separate PME ranks, as guessed by mdrun
Optimizing the DD grid for 50 cells with a minimum initial size of 0.584 nm
The maximum allowed number of cells is: X 31 Y 31 Z 31
Domain decomposition grid 10 x 5 x 1, separate PME ranks 10
PME domain decomposition: 10 x 1 x 1
Interleaving PP and PME ranks
This rank does only particle-particle work.
Domain decomposition rank 0, coordinates 0 0 0

The initial number of communication pulses is: X 1 Y 1
The initial domain decomposition cell size is: X 1.84 nm Y 3.68 nm

The maximum allowed distance for atom groups involved in interactions is:
                 non-bonded interactions           1.515 nm
            two-body bonded interactions  (-rdd)   1.515 nm
          multi-body bonded interactions  (-rdd)   1.515 nm

When dynamic load balancing gets turned on, these settings will change to:
The maximum number of communication pulses is: X 2 Y 2
The minimum size for domain decomposition cells is 1.153 nm
The requested allowed shrink of DD cells (option -dds) is: 0.80
The allowed shrink of domain decomposition cells is: X 0.63 Y 0.31
The maximum allowed distance for atom groups involved in interactions is:
                 non-bonded interactions           1.515 nm
            two-body bonded interactions  (-rdd)   1.515 nm
          multi-body bonded interactions  (-rdd)   1.153 nm

Using 60 MPI processes

Non-default thread affinity set, disabling internal thread affinity

Using 2 OpenMP threads per MPI process

System total charge: 0.000
Will do PME sum in reciprocal space for electrostatic interactions.

++++ PLEASE READ AND CITE THE FOLLOWING REFERENCE ++++
U. Essmann, L. Perera, M. L. Berkowitz, T. Darden, H. Lee and L. G. Pedersen 
A smooth particle mesh Ewald method
J. Chem. Phys. 103 (1995) pp. 8577-8592
-------- -------- --- Thank You --- -------- --------

Using a Gaussian width (1/beta) of 0.384195 nm for Ewald
Potential shift: LJ r^-12: -9.828e+00 r^-6: -3.151e+00, Ewald -8.333e-06
Initialized non-bonded Ewald tables, spacing: 1.02e-03 size: 1176

Generated table with 1154 data points for 1-4 COUL.
Tabscale = 500 points/nm
Generated table with 1154 data points for 1-4 LJ6.
Tabscale = 500 points/nm
Generated table with 1154 data points for 1-4 LJ12.
Tabscale = 500 points/nm

Using SIMD 4x8 nonbonded short-range kernels

Using a dual 4x8 pair-list setup updated with dynamic pruning:
  outer list: updated every 100 steps, buffer 0.108 nm, rlist 1.308 nm
  inner list: updated every  22 steps, buffer 0.001 nm, rlist 1.201 nm
At tolerance 0.005 kJ/mol/ps per atom, equivalent classical 1x1 list would be:
  outer list: updated every 100 steps, buffer 0.240 nm, rlist 1.440 nm
  inner list: updated every  22 steps, buffer 0.045 nm, rlist 1.245 nm

Removing pbc first time

Initializing LINear Constraint Solver

++++ PLEASE READ AND CITE THE FOLLOWING REFERENCE ++++
B. Hess and H. Bekker and H. J. C. Berendsen and J. G. E. M. Fraaije
LINCS: A Linear Constraint Solver for molecular simulations
J. Comp. Chem. 18 (1997) pp. 1463-1472
-------- -------- --- Thank You --- -------- --------

The number of constraints is 3472

++++ PLEASE READ AND CITE THE FOLLOWING REFERENCE ++++
S. Miyamoto and P. A. Kollman
SETTLE: An Analytical Version of the SHAKE and RATTLE Algorithms for Rigid
Water Models
J. Comp. Chem. 13 (1992) pp. 952-962
-------- -------- --- Thank You --- -------- --------


Linking all bonded interactions to atoms


Intra-simulation communication will occur every 20 steps.

++++ PLEASE READ AND CITE THE FOLLOWING REFERENCE ++++
H. J. C. Berendsen, J. P. M. Postma, A. DiNola and J. R. Haak
Molecular dynamics with coupling to an external bath
J. Chem. Phys. 81 (1984) pp. 3684-3690
-------- -------- --- Thank You --- -------- --------

There are: 609561 Atoms
Atom distribution over 50 domains: av 12191 stddev 184 min 11675 max 12465

Constraining the starting coordinates (step 0)

Constraining the coordinates at t0-dt (step 0)
Center of mass motion removal mode is Linear
We have the following groups for center of mass motion removal:
  0:  System
RMS relative constraint deviation after constraining: 0.00e+00
Initial temperature: 303.479 K

Started mdrun on rank 0 Tue Nov 10 06:05:12 2020

           Step           Time
              0        0.00000

   Energies (kJ/mol)
           Bond          Angle    Proper Dih. Ryckaert-Bell.          LJ-14
    8.68039e+02    3.72810e+03    2.24318e+02    5.02706e+03    8.84948e+03
     Coulomb-14        LJ (SR)   Coulomb (SR)   Coul. recip. Position Rest.
    3.81829e+04    2.11614e+06   -1.32265e+07    1.55673e+04    1.61996e-03
      Potential    Kinetic En.   Total Energy  Conserved En.    Temperature
   -1.10379e+07    1.54260e+06   -9.49527e+06   -9.49527e+06    3.03485e+02
 Pressure (bar)   Constr. rmsd
   -4.20200e+03    3.86177e-06


DD  step 99 load imb.: force  5.0%  pme mesh/force 0.976

step 200 Turning on dynamic load balancing, because the performance loss due to load imbalance is 2.5 %.

DD  step 999  vol min/aver 0.908  load imb.: force  1.9%  pme mesh/force 0.932
           Step           Time
           1000        1.00000

   Energies (kJ/mol)
           Bond          Angle    Proper Dih. Ryckaert-Bell.          LJ-14
    3.99005e+03    1.10142e+04    6.51070e+02    6.55423e+03    9.24689e+03
     Coulomb-14        LJ (SR)   Coulomb (SR)   Coul. recip. Position Rest.
    3.81189e+04    2.07655e+06   -1.21849e+07    2.11355e+04    1.60040e+03
      Potential    Kinetic En.   Total Energy  Conserved En.    Temperature
   -1.00160e+07    1.10484e+06   -8.91118e+06   -9.49214e+06    2.17361e+02
 Pressure (bar)   Constr. rmsd
   -1.22663e+03    3.78147e-06


DD  step 1999  vol min/aver 0.896  load imb.: force  1.3%  pme mesh/force 0.934
           Step           Time
           2000        2.00000

   Energies (kJ/mol)
           Bond          Angle    Proper Dih. Ryckaert-Bell.          LJ-14
    4.42939e+03    1.21896e+04    7.76429e+02    6.86995e+03    9.54084e+03
     Coulomb-14        LJ (SR)   Coulomb (SR)   Coul. recip. Position Rest.
    3.81700e+04    2.05128e+06   -1.19825e+07    2.26630e+04    1.73474e+03
      Potential    Kinetic En.   Total Energy  Conserved En.    Temperature
   -9.83486e+06    1.27090e+06   -8.56396e+06   -9.49208e+06    2.50031e+02
 Pressure (bar)   Constr. rmsd
   -6.53345e+02    3.85206e-06


DD  step 2999  vol min/aver 0.892  load imb.: force  2.3%  pme mesh/force 0.955
           Step           Time
           3000        3.00000

   Energies (kJ/mol)
           Bond          Angle    Proper Dih. Ryckaert-Bell.          LJ-14
    4.91669e+03    1.32324e+04    8.07038e+02    6.79992e+03    9.60514e+03
     Coulomb-14        LJ (SR)   Coulomb (SR)   Coul. recip. Position Rest.
    3.80701e+04    2.02164e+06   -1.18224e+07    2.39610e+04    1.78350e+03
      Potential    Kinetic En.   Total Energy  Conserved En.    Temperature
   -9.70164e+06    1.36017e+06   -8.34147e+06   -9.49202e+06    2.67594e+02
 Pressure (bar)   Constr. rmsd
   -3.55416e+02    3.87553e-06


DD  step 3999  vol min/aver 0.896  load imb.: force  1.9%  pme mesh/force 0.929
           Step           Time
           4000        4.00000

   Energies (kJ/mol)
           Bond          Angle    Proper Dih. Ryckaert-Bell.          LJ-14
    5.02336e+03    1.39563e+04    8.02659e+02    6.95613e+03    9.63908e+03
     Coulomb-14        LJ (SR)   Coulomb (SR)   Coul. recip. Position Rest.
    3.80383e+04    1.99158e+06   -1.16995e+07    2.46487e+04    1.96809e+03
      Potential    Kinetic En.   Total Energy  Conserved En.    Temperature
   -9.60688e+06    1.41603e+06   -8.19085e+06   -9.49202e+06    2.78585e+02
 Pressure (bar)   Constr. rmsd
   -2.55930e+02    3.88479e-06


DD  step 4999  vol min/aver 0.897  load imb.: force  1.6%  pme mesh/force 0.929
           Step           Time
           5000        5.00000

Writing checkpoint, step 5000 at Tue Nov 10 06:06:09 2020


   Energies (kJ/mol)
           Bond          Angle    Proper Dih. Ryckaert-Bell.          LJ-14
    5.24196e+03    1.40825e+04    8.44074e+02    7.05036e+03    9.65340e+03
     Coulomb-14        LJ (SR)   Coulomb (SR)   Coul. recip. Position Rest.
    3.81310e+04    1.96409e+06   -1.15985e+07    2.52821e+04    1.81368e+03
      Potential    Kinetic En.   Total Energy  Conserved En.    Temperature
   -9.53231e+06    1.44828e+06   -8.08403e+06   -9.49198e+06    2.84929e+02
 Pressure (bar)   Constr. rmsd
   -1.65553e+02    3.83213e-06


	<======  ###############  ==>
	<====  A V E R A G E S  ====>
	<==  ###############  ======>

	Statistics over 5001 steps using 51 frames

   Energies (kJ/mol)
           Bond          Angle    Proper Dih. Ryckaert-Bell.          LJ-14
    4.49169e+03    1.23164e+04    7.43837e+02    6.67441e+03    9.45496e+03
     Coulomb-14        LJ (SR)   Coulomb (SR)   Coul. recip. Position Rest.
    3.80952e+04    2.02924e+06   -1.19483e+07    2.29119e+04    1.66626e+03
      Potential    Kinetic En.   Total Energy  Conserved En.    Temperature
   -9.82268e+06    1.26919e+06   -8.55349e+06   -9.49214e+06    2.49696e+02
 Pressure (bar)   Constr. rmsd
   -8.05443e+02    0.00000e+00

   Total Virial (kJ/mol)
    5.79927e+05   -8.49342e+03   -7.76340e+02
   -8.37483e+03    5.78908e+05   -2.35684e+03
   -8.20975e+02   -2.35553e+03    5.62852e+05

   Pressure (bar)
   -8.31437e+02    4.51744e+01    1.35088e+01
    4.45411e+01   -8.31907e+02    1.72763e+01
    1.37472e+01    1.72693e+01   -7.52985e+02


	M E G A - F L O P S   A C C O U N T I N G

 NB=Group-cutoff nonbonded kernels    NxN=N-by-N cluster Verlet kernels
 RF=Reaction-Field  VdW=Van der Waals  QSTab=quadratic-spline table
 W3=SPC/TIP3p  W4=TIP4p (single or pairs)
 V&F=Potential and force  V=Potential only  F=Force only

 Computing:                               M-Number         M-Flops  % Flops
-----------------------------------------------------------------------------
 Pair Search distance check           22058.140306      198523.263     0.1
 NxN Ewald Elec. + LJ [F]           1313517.420864   102454358.827    53.3
 NxN Ewald Elec. + LJ [V&F]           13533.329424     1745799.496     0.9
 NxN Ewald Elec. [F]                1268768.575008    77394883.075    40.2
 NxN Ewald Elec. [V&F]                13072.151088     1098060.691     0.6
 1,4 nonbonded interactions              92.328462        8309.562     0.0
 Calc Weights                          9145.243683      329228.773     0.2
 Spread Q Bspline                    195098.531904      390197.064     0.2
 Gather F Bspline                    195098.531904     1170591.191     0.6
 3D-FFT                              899898.463704     7199187.710     3.7
 Solve PME                              128.025600        8193.638     0.0
 Reset In Box                            31.087611          93.263     0.0
 CG-CoM                                  31.697172          95.092     0.0
 Bonds                                   18.143628        1070.474     0.0
 Angles                                  64.032804       10757.511     0.0
 Propers                                  7.371474        1688.068     0.0
 RB-Dihedrals                            72.324462       17864.142     0.0
 Pos. Restr.                             17.788557         889.428     0.0
 Virial                                  31.202361         561.642     0.0
 Stop-CM                                 31.697172         316.972     0.0
 Calc-Ekin                              305.999622        8261.990     0.0
 Lincs                                   17.370416        1042.225     0.0
 Lincs-Mat                               87.412416         349.650     0.0
 Constraint-V                          3048.598952       24388.792     0.0
 Constraint-Vir                          30.906204         741.749     0.0
 Settle                                1004.822532      324557.678     0.2
-----------------------------------------------------------------------------
 Total                                               192390011.964   100.0
-----------------------------------------------------------------------------


    D O M A I N   D E C O M P O S I T I O N   S T A T I S T I C S

 av. #atoms communicated per step for force:  2 x 848440.9


Dynamic load balancing report:
 DLB was turned on during the run due to measured imbalance.
 Average load imbalance: 2.0%.
 The balanceable part of the MD step is 88%, load imbalance is computed from this.
 Part of the total run time spent waiting due to load imbalance: 1.7%.
 Steps where the load balancing was limited by -rdd, -rcon and/or -dds: X 0 % Y 0 %
 Average PME mesh/force load: 0.940
 Part of the total run time spent waiting due to PP/PME imbalance: 0.9 %


     R E A L   C Y C L E   A N D   T I M E   A C C O U N T I N G

On 50 MPI ranks doing PP, each using 2 OpenMP threads, and
on 10 MPI ranks doing PME, each using 2 OpenMP threads

 Computing:          Num   Num      Call    Wall time         Giga-Cycles
                     Ranks Threads  Count      (s)         total sum    %
-----------------------------------------------------------------------------
 Domain decomp.        50    2         51       0.246         60.134   0.4
 DD comm. load         50    2         50       0.001          0.167   0.0
 DD comm. bounds       50    2         49       0.008          1.950   0.0
 Send X to PME         50    2       5001       3.544        866.551   5.1
 Neighbor search       50    2         51       0.738        180.416   1.1
 Comm. coord.          50    2       4950       1.503        367.520   2.2
 Force                 50    2       5001      46.758      11433.552  67.2
 Wait + Comm. F        50    2       5001       2.099        513.293   3.0
 PME mesh *            10    2       5001      46.065       2252.815  13.2
 PME wait for PP *                              9.799        479.243   2.8
 Wait + Recv. PME F    50    2       5001       0.444        108.458   0.6
 NB X/F buffer ops.    50    2      14901       0.563        137.672   0.8
 Write traj.           50    2          2       0.064         15.659   0.1
 Update                50    2       5001       0.244         59.660   0.4
 Constraints           50    2       5003       0.493        120.647   0.7
 Comm. energies        50    2        251       1.586        387.720   2.3
-----------------------------------------------------------------------------
 Total                                         57.949      17004.164 100.0
-----------------------------------------------------------------------------
(*) Note that with separate PME ranks, the walltime column actually sums to
    twice the total reported, but the cycle count total and % are correct.
-----------------------------------------------------------------------------
 Breakdown of PME mesh computation
-----------------------------------------------------------------------------
 PME redist. X/F       10    2      10002       4.831        236.278   1.4
 PME spread            10    2       5001      11.849        579.478   3.4
 PME gather            10    2       5001       8.752        428.008   2.5
 PME 3D-FFT            10    2      10002      10.632        519.944   3.1
 PME 3D-FFT Comm.      10    2      10002       7.282        356.124   2.1
 PME solve Elec        10    2       5001       2.696        131.863   0.8
-----------------------------------------------------------------------------

               Core t (s)   Wall t (s)        (%)
       Time:     6953.832       57.949    11999.9
                 (ns/day)    (hour/ns)
Performance:        7.456        3.219
Finished mdrun on rank 0 Tue Nov 10 06:06:10 2020

