                      :-) GROMACS - gmx mdrun, 2020.4 (-:

                            GROMACS is written by:
     Emile Apol      Rossen Apostolov      Paul Bauer     Herman J.C. Berendsen
    Par Bjelkmar      Christian Blau   Viacheslav Bolnykh     Kevin Boyd    
 Aldert van Buuren   Rudi van Drunen     Anton Feenstra       Alan Gray     
  Gerrit Groenhof     Anca Hamuraru    Vincent Hindriksen  M. Eric Irrgang  
  Aleksei Iupinov   Christoph Junghans     Joe Jordan     Dimitrios Karkoulis
    Peter Kasson        Jiri Kraus      Carsten Kutzner      Per Larsson    
  Justin A. Lemkul    Viveca Lindahl    Magnus Lundborg     Erik Marklund   
    Pascal Merz     Pieter Meulenhoff    Teemu Murtola       Szilard Pall   
    Sander Pronk      Roland Schulz      Michael Shirts    Alexey Shvetsov  
   Alfons Sijbers     Peter Tieleman      Jon Vincent      Teemu Virolainen 
 Christian Wennberg    Maarten Wolf      Artem Zhmurov   
                           and the project leaders:
        Mark Abraham, Berk Hess, Erik Lindahl, and David van der Spoel

Copyright (c) 1991-2000, University of Groningen, The Netherlands.
Copyright (c) 2001-2019, The GROMACS development team at
Uppsala University, Stockholm University and
the Royal Institute of Technology, Sweden.
check out http://www.gromacs.org for more information.

GROMACS is free software; you can redistribute it and/or modify it
under the terms of the GNU Lesser General Public License
as published by the Free Software Foundation; either version 2.1
of the License, or (at your option) any later version.

GROMACS:      gmx mdrun, version 2020.4
Executable:   /shared/home/ccuser/gromacs2020/bin/gmx_mpi
Data prefix:  /shared/home/ccuser/gromacs2020
Working dir:  /shared/home/ccuser/Task2/GROMOS
Process ID:   104800
Command line:
  gmx_mpi mdrun -s pr.tpr -v -c 7C22_GROMOS_pr.gro -ntomp 2

GROMACS version:    2020.4
Verified release checksum is 79c2857291b034542c26e90512b92fd4b184a1c9d6fa59c55f2e24ccf14e7281
Precision:          single
Memory model:       64 bit
MPI library:        MPI
OpenMP support:     enabled (GMX_OPENMP_MAX_THREADS = 64)
GPU support:        disabled
SIMD instructions:  AVX2_256
FFT library:        fftw-3.3.8-sse2-avx-avx2-avx2_128
RDTSCP usage:       enabled
TNG support:        enabled
Hwloc support:      hwloc-2.1.0
Tracing support:    disabled
C compiler:         /opt/intel/compilers_and_libraries_2018.5.274/linux/mpi/intel64/bin/mpicc GNU 9.2.0
C compiler flags:   -mavx2 -mfma -fexcess-precision=fast -funroll-all-loops -O2 -DNDEBUG
C++ compiler:       /opt/intel/compilers_and_libraries_2018.5.274/linux/mpi/intel64/bin/mpicxx GNU 9.2.0
C++ compiler flags: -mavx2 -mfma -fexcess-precision=fast -funroll-all-loops -fopenmp -O2 -DNDEBUG


Running on 1 node with total 120 cores, 120 logical cores
Hardware detected on host ip-0A000005 (the node of MPI rank 0):
  CPU info:
    Vendor: AMD
    Brand:  AMD EPYC 7V12 64-Core Processor                
    Family: 23   Model: 49   Stepping: 0
    Features: aes amd apic avx avx2 clfsh cmov cx8 cx16 f16c fma htt lahf misalignsse mmx msr pclmuldq pdpe1gb popcnt pse rdrnd rdtscp sha sse2 sse3 sse4a sse4.1 sse4.2 ssse3
  Hardware topology: Full, with devices
    Sockets, cores, and logical processors:
      Socket  0: [   0] [   1] [   2] [   3] [   4] [   5] [   6] [   7] [   8] [   9] [  10] [  11] [  12] [  13] [  14] [  15] [  16] [  17] [  18] [  19] [  20] [  21] [  22] [  23] [  24] [  25] [  26] [  27] [  28] [  29] [  30] [  31] [  32] [  33] [  34] [  35] [  36] [  37] [  38] [  39] [  40] [  41] [  42] [  43] [  44] [  45] [  46] [  47] [  48] [  49] [  50] [  51] [  52] [  53] [  54] [  55] [  56] [  57] [  58] [  59]
      Socket  1: [  60] [  61] [  62] [  63] [  64] [  65] [  66] [  67] [  68] [  69] [  70] [  71] [  72] [  73] [  74] [  75] [  76] [  77] [  78] [  79] [  80] [  81] [  82] [  83] [  84] [  85] [  86] [  87] [  88] [  89] [  90] [  91] [  92] [  93] [  94] [  95] [  96] [  97] [  98] [  99] [ 100] [ 101] [ 102] [ 103] [ 104] [ 105] [ 106] [ 107] [ 108] [ 109] [ 110] [ 111] [ 112] [ 113] [ 114] [ 115] [ 116] [ 117] [ 118] [ 119]
    Numa nodes:
      Node  0 (15997485056 bytes mem):   0   1   2   3
      Node  1 (16065388544 bytes mem):   4   5   6   7
      Node  2 (16067485696 bytes mem):   8   9  10  11
      Node  3 (16065384448 bytes mem):  12  13  14  15
      Node  4 (16065392640 bytes mem):  16  17  18  19
      Node  5 (16067485696 bytes mem):  20  21  22  23
      Node  6 (16065388544 bytes mem):  24  25  26  27
      Node  7 (16067485696 bytes mem):  28  29  30  31
      Node  8 (16065384448 bytes mem):  32  33  34  35
      Node  9 (16065388544 bytes mem):  36  37  38  39
      Node 10 (16067485696 bytes mem):  40  41  42  43
      Node 11 (16065388544 bytes mem):  44  45  46  47
      Node 12 (16065384448 bytes mem):  48  49  50  51
      Node 13 (16063291392 bytes mem):  52  53  54  55
      Node 14 (16063291392 bytes mem):  56  57  58  59
      Node 15 (16065388544 bytes mem):  60  61  62  63
      Node 16 (16063287296 bytes mem):  64  65  66  67
      Node 17 (16065388544 bytes mem):  68  69  70  71
      Node 18 (16063291392 bytes mem):  72  73  74  75
      Node 19 (16063291392 bytes mem):  76  77  78  79
      Node 20 (16065384448 bytes mem):  80  81  82  83
      Node 21 (16063291392 bytes mem):  84  85  86  87
      Node 22 (16065388544 bytes mem):  88  89  90  91
      Node 23 (16063291392 bytes mem):  92  93  94  95
      Node 24 (16063295488 bytes mem):  96  97  98  99
      Node 25 (16065384448 bytes mem): 100 101 102 103
      Node 26 (16063291392 bytes mem): 104 105 106 107
      Node 27 (16065388544 bytes mem): 108 109 110 111
      Node 28 (16046907392 bytes mem): 112 113 114 115
      Node 29 (16064913408 bytes mem): 116 117 118 119
      Latency:
               0     1     2     3     4     5     6     7     8     9    10    11    12    13    14    15    16    17    18    19    20    21    22    23    24    25    26    27    28    29
         0  1.00  2.00  2.00  2.00  2.00  2.00  2.00  2.00  2.00  2.00  2.00  2.00  2.00  2.00  2.00  2.00  2.00  2.00  2.00  2.00  2.00  2.00  2.00  2.00  2.00  2.00  2.00  2.00  2.00  2.00
         1  2.00  1.00  2.00  2.00  2.00  2.00  2.00  2.00  2.00  2.00  2.00  2.00  2.00  2.00  2.00  2.00  2.00  2.00  2.00  2.00  2.00  2.00  2.00  2.00  2.00  2.00  2.00  2.00  2.00  2.00
         2  2.00  2.00  1.00  2.00  2.00  2.00  2.00  2.00  2.00  2.00  2.00  2.00  2.00  2.00  2.00  2.00  2.00  2.00  2.00  2.00  2.00  2.00  2.00  2.00  2.00  2.00  2.00  2.00  2.00  2.00
         3  2.00  2.00  2.00  1.00  2.00  2.00  2.00  2.00  2.00  2.00  2.00  2.00  2.00  2.00  2.00  2.00  2.00  2.00  2.00  2.00  2.00  2.00  2.00  2.00  2.00  2.00  2.00  2.00  2.00  2.00
         4  2.00  2.00  2.00  2.00  1.00  2.00  2.00  2.00  2.00  2.00  2.00  2.00  2.00  2.00  2.00  2.00  2.00  2.00  2.00  2.00  2.00  2.00  2.00  2.00  2.00  2.00  2.00  2.00  2.00  2.00
         5  2.00  2.00  2.00  2.00  2.00  1.00  2.00  2.00  2.00  2.00  2.00  2.00  2.00  2.00  2.00  2.00  2.00  2.00  2.00  2.00  2.00  2.00  2.00  2.00  2.00  2.00  2.00  2.00  2.00  2.00
         6  2.00  2.00  2.00  2.00  2.00  2.00  1.00  2.00  2.00  2.00  2.00  2.00  2.00  2.00  2.00  2.00  2.00  2.00  2.00  2.00  2.00  2.00  2.00  2.00  2.00  2.00  2.00  2.00  2.00  2.00
         7  2.00  2.00  2.00  2.00  2.00  2.00  2.00  1.00  2.00  2.00  2.00  2.00  2.00  2.00  2.00  2.00  2.00  2.00  2.00  2.00  2.00  2.00  2.00  2.00  2.00  2.00  2.00  2.00  2.00  2.00
         8  2.00  2.00  2.00  2.00  2.00  2.00  2.00  2.00  1.00  2.00  2.00  2.00  2.00  2.00  2.00  2.00  2.00  2.00  2.00  2.00  2.00  2.00  2.00  2.00  2.00  2.00  2.00  2.00  2.00  2.00
         9  2.00  2.00  2.00  2.00  2.00  2.00  2.00  2.00  2.00  1.00  2.00  2.00  2.00  2.00  2.00  2.00  2.00  2.00  2.00  2.00  2.00  2.00  2.00  2.00  2.00  2.00  2.00  2.00  2.00  2.00
        10  2.00  2.00  2.00  2.00  2.00  2.00  2.00  2.00  2.00  2.00  1.00  2.00  2.00  2.00  2.00  2.00  2.00  2.00  2.00  2.00  2.00  2.00  2.00  2.00  2.00  2.00  2.00  2.00  2.00  2.00
        11  2.00  2.00  2.00  2.00  2.00  2.00  2.00  2.00  2.00  2.00  2.00  1.00  2.00  2.00  2.00  2.00  2.00  2.00  2.00  2.00  2.00  2.00  2.00  2.00  2.00  2.00  2.00  2.00  2.00  2.00
        12  2.00  2.00  2.00  2.00  2.00  2.00  2.00  2.00  2.00  2.00  2.00  2.00  1.00  2.00  2.00  2.00  2.00  2.00  2.00  2.00  2.00  2.00  2.00  2.00  2.00  2.00  2.00  2.00  2.00  2.00
        13  2.00  2.00  2.00  2.00  2.00  2.00  2.00  2.00  2.00  2.00  2.00  2.00  2.00  1.00  2.00  2.00  2.00  2.00  2.00  2.00  2.00  2.00  2.00  2.00  2.00  2.00  2.00  2.00  2.00  2.00
        14  2.00  2.00  2.00  2.00  2.00  2.00  2.00  2.00  2.00  2.00  2.00  2.00  2.00  2.00  1.00  2.00  2.00  2.00  2.00  2.00  2.00  2.00  2.00  2.00  2.00  2.00  2.00  2.00  2.00  2.00
        15  2.00  2.00  2.00  2.00  2.00  2.00  2.00  2.00  2.00  2.00  2.00  2.00  2.00  2.00  2.00  1.00  2.00  2.00  2.00  2.00  2.00  2.00  2.00  2.00  2.00  2.00  2.00  2.00  2.00  2.00
        16  2.00  2.00  2.00  2.00  2.00  2.00  2.00  2.00  2.00  2.00  2.00  2.00  2.00  2.00  2.00  2.00  1.00  2.00  2.00  2.00  2.00  2.00  2.00  2.00  2.00  2.00  2.00  2.00  2.00  2.00
        17  2.00  2.00  2.00  2.00  2.00  2.00  2.00  2.00  2.00  2.00  2.00  2.00  2.00  2.00  2.00  2.00  2.00  1.00  2.00  2.00  2.00  2.00  2.00  2.00  2.00  2.00  2.00  2.00  2.00  2.00
        18  2.00  2.00  2.00  2.00  2.00  2.00  2.00  2.00  2.00  2.00  2.00  2.00  2.00  2.00  2.00  2.00  2.00  2.00  1.00  2.00  2.00  2.00  2.00  2.00  2.00  2.00  2.00  2.00  2.00  2.00
        19  2.00  2.00  2.00  2.00  2.00  2.00  2.00  2.00  2.00  2.00  2.00  2.00  2.00  2.00  2.00  2.00  2.00  2.00  2.00  1.00  2.00  2.00  2.00  2.00  2.00  2.00  2.00  2.00  2.00  2.00
        20  2.00  2.00  2.00  2.00  2.00  2.00  2.00  2.00  2.00  2.00  2.00  2.00  2.00  2.00  2.00  2.00  2.00  2.00  2.00  2.00  1.00  2.00  2.00  2.00  2.00  2.00  2.00  2.00  2.00  2.00
        21  2.00  2.00  2.00  2.00  2.00  2.00  2.00  2.00  2.00  2.00  2.00  2.00  2.00  2.00  2.00  2.00  2.00  2.00  2.00  2.00  2.00  1.00  2.00  2.00  2.00  2.00  2.00  2.00  2.00  2.00
        22  2.00  2.00  2.00  2.00  2.00  2.00  2.00  2.00  2.00  2.00  2.00  2.00  2.00  2.00  2.00  2.00  2.00  2.00  2.00  2.00  2.00  2.00  1.00  2.00  2.00  2.00  2.00  2.00  2.00  2.00
        23  2.00  2.00  2.00  2.00  2.00  2.00  2.00  2.00  2.00  2.00  2.00  2.00  2.00  2.00  2.00  2.00  2.00  2.00  2.00  2.00  2.00  2.00  2.00  1.00  2.00  2.00  2.00  2.00  2.00  2.00
        24  2.00  2.00  2.00  2.00  2.00  2.00  2.00  2.00  2.00  2.00  2.00  2.00  2.00  2.00  2.00  2.00  2.00  2.00  2.00  2.00  2.00  2.00  2.00  2.00  1.00  2.00  2.00  2.00  2.00  2.00
        25  2.00  2.00  2.00  2.00  2.00  2.00  2.00  2.00  2.00  2.00  2.00  2.00  2.00  2.00  2.00  2.00  2.00  2.00  2.00  2.00  2.00  2.00  2.00  2.00  2.00  1.00  2.00  2.00  2.00  2.00
        26  2.00  2.00  2.00  2.00  2.00  2.00  2.00  2.00  2.00  2.00  2.00  2.00  2.00  2.00  2.00  2.00  2.00  2.00  2.00  2.00  2.00  2.00  2.00  2.00  2.00  2.00  1.00  2.00  2.00  2.00
        27  2.00  2.00  2.00  2.00  2.00  2.00  2.00  2.00  2.00  2.00  2.00  2.00  2.00  2.00  2.00  2.00  2.00  2.00  2.00  2.00  2.00  2.00  2.00  2.00  2.00  2.00  2.00  1.00  2.00  2.00
        28  2.00  2.00  2.00  2.00  2.00  2.00  2.00  2.00  2.00  2.00  2.00  2.00  2.00  2.00  2.00  2.00  2.00  2.00  2.00  2.00  2.00  2.00  2.00  2.00  2.00  2.00  2.00  2.00  1.00  2.00
        29  2.00  2.00  2.00  2.00  2.00  2.00  2.00  2.00  2.00  2.00  2.00  2.00  2.00  2.00  2.00  2.00  2.00  2.00  2.00  2.00  2.00  2.00  2.00  2.00  2.00  2.00  2.00  2.00  2.00  1.00
    Caches:
      L1: 32768 bytes, linesize 64 bytes, assoc. 8, shared 1 ways
      L2: 524288 bytes, linesize 64 bytes, assoc. 8, shared 1 ways
      L3: 16777216 bytes, linesize 64 bytes, assoc. 16, shared 4 ways
    PCI devices:
      e810:00:00.0  Id: 1414:b111  Class: 0x0108  Numa: 0
      0000:00:07.1  Id: 8086:7111  Class: 0x0101  Numa: -1
      0000:00:08.0  Id: 1414:5353  Class: 0x0300  Numa: -1
      7526:00:02.0  Id: 15b3:101c  Class: 0x0207  Numa: -1


++++ PLEASE READ AND CITE THE FOLLOWING REFERENCE ++++
M. J. Abraham, T. Murtola, R. Schulz, S. Páll, J. C. Smith, B. Hess, E.
Lindahl
GROMACS: High performance molecular simulations through multi-level
parallelism from laptops to supercomputers
SoftwareX 1 (2015) pp. 19-25
-------- -------- --- Thank You --- -------- --------


++++ PLEASE READ AND CITE THE FOLLOWING REFERENCE ++++
S. Páll, M. J. Abraham, C. Kutzner, B. Hess, E. Lindahl
Tackling Exascale Software Challenges in Molecular Dynamics Simulations with
GROMACS
In S. Markidis & E. Laure (Eds.), Solving Software Challenges for Exascale 8759 (2015) pp. 3-27
-------- -------- --- Thank You --- -------- --------


++++ PLEASE READ AND CITE THE FOLLOWING REFERENCE ++++
S. Pronk, S. Páll, R. Schulz, P. Larsson, P. Bjelkmar, R. Apostolov, M. R.
Shirts, J. C. Smith, P. M. Kasson, D. van der Spoel, B. Hess, and E. Lindahl
GROMACS 4.5: a high-throughput and highly parallel open source molecular
simulation toolkit
Bioinformatics 29 (2013) pp. 845-54
-------- -------- --- Thank You --- -------- --------


++++ PLEASE READ AND CITE THE FOLLOWING REFERENCE ++++
B. Hess and C. Kutzner and D. van der Spoel and E. Lindahl
GROMACS 4: Algorithms for highly efficient, load-balanced, and scalable
molecular simulation
J. Chem. Theory Comput. 4 (2008) pp. 435-447
-------- -------- --- Thank You --- -------- --------


++++ PLEASE READ AND CITE THE FOLLOWING REFERENCE ++++
D. van der Spoel, E. Lindahl, B. Hess, G. Groenhof, A. E. Mark and H. J. C.
Berendsen
GROMACS: Fast, Flexible and Free
J. Comp. Chem. 26 (2005) pp. 1701-1719
-------- -------- --- Thank You --- -------- --------


++++ PLEASE READ AND CITE THE FOLLOWING REFERENCE ++++
E. Lindahl and B. Hess and D. van der Spoel
GROMACS 3.0: A package for molecular simulation and trajectory analysis
J. Mol. Mod. 7 (2001) pp. 306-317
-------- -------- --- Thank You --- -------- --------


++++ PLEASE READ AND CITE THE FOLLOWING REFERENCE ++++
H. J. C. Berendsen, D. van der Spoel and R. van Drunen
GROMACS: A message-passing parallel molecular dynamics implementation
Comp. Phys. Comm. 91 (1995) pp. 43-56
-------- -------- --- Thank You --- -------- --------


++++ PLEASE CITE THE DOI FOR THIS VERSION OF GROMACS ++++
https://doi.org/10.5281/zenodo.4054979
-------- -------- --- Thank You --- -------- --------

Input Parameters:
   integrator                     = md
   tinit                          = 0
   dt                             = 0.001
   nsteps                         = 5000
   init-step                      = 0
   simulation-part                = 1
   comm-mode                      = Linear
   nstcomm                        = 100
   bd-fric                        = 0
   ld-seed                        = 2001213833
   emtol                          = 10
   emstep                         = 0.01
   niter                          = 20
   fcstep                         = 0
   nstcgsteep                     = 1000
   nbfgscorr                      = 10
   rtpi                           = 0.05
   nstxout                        = 0
   nstvout                        = 5000
   nstfout                        = 5000
   nstlog                         = 1000
   nstcalcenergy                  = 100
   nstenergy                      = 1000
   nstxout-compressed             = 5000
   compressed-x-precision         = 1000
   cutoff-scheme                  = Verlet
   nstlist                        = 20
   pbc                            = xyz
   periodic-molecules             = false
   verlet-buffer-tolerance        = 0.005
   rlist                          = 1.2
   coulombtype                    = PME
   coulomb-modifier               = Potential-shift
   rcoulomb-switch                = 0
   rcoulomb                       = 1.2
   epsilon-r                      = 1
   epsilon-rf                     = inf
   vdw-type                       = Cut-off
   vdw-modifier                   = Force-switch
   rvdw-switch                    = 0.8
   rvdw                           = 1
   DispCorr                       = No
   table-extension                = 1
   fourierspacing                 = 0.12
   fourier-nx                     = 160
   fourier-ny                     = 160
   fourier-nz                     = 160
   pme-order                      = 4
   ewald-rtol                     = 1e-05
   ewald-rtol-lj                  = 0.001
   lj-pme-comb-rule               = Geometric
   ewald-geometry                 = 0
   epsilon-surface                = 0
   tcoupl                         = Berendsen
   nsttcouple                     = 20
   nh-chain-length                = 0
   print-nose-hoover-chain-variables = false
   pcoupl                         = No
   pcoupltype                     = Isotropic
   nstpcouple                     = -1
   tau-p                          = 1
   compressibility (3x3):
      compressibility[    0]={ 0.00000e+00,  0.00000e+00,  0.00000e+00}
      compressibility[    1]={ 0.00000e+00,  0.00000e+00,  0.00000e+00}
      compressibility[    2]={ 0.00000e+00,  0.00000e+00,  0.00000e+00}
   ref-p (3x3):
      ref-p[    0]={ 0.00000e+00,  0.00000e+00,  0.00000e+00}
      ref-p[    1]={ 0.00000e+00,  0.00000e+00,  0.00000e+00}
      ref-p[    2]={ 0.00000e+00,  0.00000e+00,  0.00000e+00}
   refcoord-scaling               = COM
   posres-com (3):
      posres-com[0]= 5.01958e-01
      posres-com[1]= 4.99155e-01
      posres-com[2]= 5.00066e-01
   posres-comB (3):
      posres-comB[0]= 5.01958e-01
      posres-comB[1]= 4.99155e-01
      posres-comB[2]= 5.00066e-01
   QMMM                           = false
   QMconstraints                  = 0
   QMMMscheme                     = 0
   MMChargeScaleFactor            = 1
qm-opts:
   ngQM                           = 0
   constraint-algorithm           = Lincs
   continuation                   = false
   Shake-SOR                      = false
   shake-tol                      = 0.0001
   lincs-order                    = 4
   lincs-iter                     = 1
   lincs-warnangle                = 30
   nwall                          = 0
   wall-type                      = 9-3
   wall-r-linpot                  = -1
   wall-atomtype[0]               = -1
   wall-atomtype[1]               = -1
   wall-density[0]                = 0
   wall-density[1]                = 0
   wall-ewald-zfac                = 3
   pull                           = false
   awh                            = false
   rotation                       = false
   interactiveMD                  = false
   disre                          = No
   disre-weighting                = Conservative
   disre-mixed                    = false
   dr-fc                          = 1000
   dr-tau                         = 0
   nstdisreout                    = 100
   orire-fc                       = 0
   orire-tau                      = 0
   nstorireout                    = 100
   free-energy                    = no
   cos-acceleration               = 0
   deform (3x3):
      deform[    0]={ 0.00000e+00,  0.00000e+00,  0.00000e+00}
      deform[    1]={ 0.00000e+00,  0.00000e+00,  0.00000e+00}
      deform[    2]={ 0.00000e+00,  0.00000e+00,  0.00000e+00}
   simulated-tempering            = false
   swapcoords                     = no
   userint1                       = 0
   userint2                       = 0
   userint3                       = 0
   userint4                       = 0
   userreal1                      = 0
   userreal2                      = 0
   userreal3                      = 0
   userreal4                      = 0
   applied-forces:
     electric-field:
       x:
         E0                       = 0
         omega                    = 0
         t0                       = 0
         sigma                    = 0
       y:
         E0                       = 0
         omega                    = 0
         t0                       = 0
         sigma                    = 0
       z:
         E0                       = 0
         omega                    = 0
         t0                       = 0
         sigma                    = 0
     density-guided-simulation:
       active                     = false
       group                      = protein
       similarity-measure         = inner-product
       atom-spreading-weight      = unity
       force-constant             = 1e+09
       gaussian-transform-spreading-width = 0.2
       gaussian-transform-spreading-range-in-multiples-of-width = 4
       reference-density-filename = reference.mrc
       nst                        = 1
       normalize-densities        = true
       adaptive-force-scaling     = false
       adaptive-force-scaling-time-constant = 4
grpopts:
   nrdf:  1.21936e+06
   ref-t:      303.15
   tau-t:           1
annealing:          No
annealing-npoints:           0
   acc:	           0           0           0
   nfreeze:           N           N           N
   energygrp-flags[  0]: 0

Changing nstlist from 20 to 100, rlist from 1.2 to 1.308


Initializing Domain Decomposition on 60 ranks
Dynamic load balancing: auto
Using update groups, nr 204634, average size 3.0 atoms, max. radius 0.125 nm
Minimum cell size due to atom displacement: 0.365 nm
Initial maximum distances in bonded interactions:
    two-body bonded interactions: 0.421 nm, LJ-14, atoms 1845 1848
  multi-body bonded interactions: 0.421 nm, Proper Dih., atoms 1845 1848
Minimum cell size due to bonded interactions: 0.463 nm
Scaling the initial minimum size with 1/0.8 (option -dds) = 1.25
Guess for relative PME load: 0.17
Will use 50 particle-particle and 10 PME only ranks
This is a guess, check the performance at the end of the log file
Using 10 separate PME ranks, as guessed by mdrun
Optimizing the DD grid for 50 cells with a minimum initial size of 0.579 nm
The maximum allowed number of cells is: X 31 Y 31 Z 31
Domain decomposition grid 10 x 5 x 1, separate PME ranks 10
PME domain decomposition: 10 x 1 x 1
Interleaving PP and PME ranks
This rank does only particle-particle work.
Domain decomposition rank 0, coordinates 0 0 0

The initial number of communication pulses is: X 1 Y 1
The initial domain decomposition cell size is: X 1.84 nm Y 3.68 nm

The maximum allowed distance for atom groups involved in interactions is:
                 non-bonded interactions           1.558 nm
            two-body bonded interactions  (-rdd)   1.558 nm
          multi-body bonded interactions  (-rdd)   1.558 nm

When dynamic load balancing gets turned on, these settings will change to:
The maximum number of communication pulses is: X 2 Y 2
The minimum size for domain decomposition cells is 1.151 nm
The requested allowed shrink of DD cells (option -dds) is: 0.80
The allowed shrink of domain decomposition cells is: X 0.63 Y 0.31
The maximum allowed distance for atom groups involved in interactions is:
                 non-bonded interactions           1.558 nm
            two-body bonded interactions  (-rdd)   1.558 nm
          multi-body bonded interactions  (-rdd)   1.151 nm

Using 60 MPI processes

Non-default thread affinity set, disabling internal thread affinity

Using 2 OpenMP threads per MPI process

System total charge: -0.000
Will do PME sum in reciprocal space for electrostatic interactions.

++++ PLEASE READ AND CITE THE FOLLOWING REFERENCE ++++
U. Essmann, L. Perera, M. L. Berkowitz, T. Darden, H. Lee and L. G. Pedersen 
A smooth particle mesh Ewald method
J. Chem. Phys. 103 (1995) pp. 8577-8592
-------- -------- --- Thank You --- -------- --------

Using a Gaussian width (1/beta) of 0.384195 nm for Ewald
Potential shift: LJ r^-12: -2.720e+00 r^-6: -1.740e+00, Ewald -8.333e-06
Initialized non-bonded Ewald tables, spacing: 1.02e-03 size: 1176

Generated table with 1154 data points for 1-4 COUL.
Tabscale = 500 points/nm
Generated table with 1154 data points for 1-4 LJ6.
Tabscale = 500 points/nm
Generated table with 1154 data points for 1-4 LJ12.
Tabscale = 500 points/nm

Using SIMD 4x8 nonbonded short-range kernels

Using a dual 4x8 pair-list setup updated with dynamic pruning:
  outer list: updated every 100 steps, buffer 0.108 nm, rlist 1.308 nm
  inner list: updated every  22 steps, buffer 0.001 nm, rlist 1.201 nm
At tolerance 0.005 kJ/mol/ps per atom, equivalent classical 1x1 list would be:
  outer list: updated every 100 steps, buffer 0.240 nm, rlist 1.440 nm
  inner list: updated every  22 steps, buffer 0.045 nm, rlist 1.245 nm

Removing pbc first time

Initializing LINear Constraint Solver

++++ PLEASE READ AND CITE THE FOLLOWING REFERENCE ++++
B. Hess and H. Bekker and H. J. C. Berendsen and J. G. E. M. Fraaije
LINCS: A Linear Constraint Solver for molecular simulations
J. Comp. Chem. 18 (1997) pp. 1463-1472
-------- -------- --- Thank You --- -------- --------

The number of constraints is 1113

++++ PLEASE READ AND CITE THE FOLLOWING REFERENCE ++++
S. Miyamoto and P. A. Kollman
SETTLE: An Analytical Version of the SHAKE and RATTLE Algorithms for Rigid
Water Models
J. Comp. Chem. 13 (1992) pp. 952-962
-------- -------- --- Thank You --- -------- --------


Linking all bonded interactions to atoms


Intra-simulation communication will occur every 20 steps.

++++ PLEASE READ AND CITE THE FOLLOWING REFERENCE ++++
H. J. C. Berendsen, J. P. M. Postma, A. DiNola and J. R. Haak
Molecular dynamics with coupling to an external bath
J. Chem. Phys. 81 (1984) pp. 3684-3690
-------- -------- --- Thank You --- -------- --------

There are: 607901 Atoms
Atom distribution over 50 domains: av 12158 stddev 215 min 11613 max 12474

Constraining the starting coordinates (step 0)

Constraining the coordinates at t0-dt (step 0)
Center of mass motion removal mode is Linear
We have the following groups for center of mass motion removal:
  0:  System
RMS relative constraint deviation after constraining: 0.00e+00
Initial temperature: 303.894 K

Started mdrun on rank 0 Tue Nov 10 06:19:09 2020

           Step           Time
              0        0.00000

   Energies (kJ/mol)
        G96Bond       G96Angle    Proper Dih.  Improper Dih.          LJ-14
    4.45989e+02    2.63221e+03    4.09639e+03    9.30491e+02   -1.43954e+02
     Coulomb-14        LJ (SR)   Coulomb (SR)   Coul. recip. Position Rest.
    6.07441e+04    1.90407e+06   -1.28608e+07    1.78941e+04    4.55658e-04
      Potential    Kinetic En.   Total Energy  Conserved En.    Temperature
   -1.08701e+07    1.54049e+06   -9.32961e+06   -9.32961e+06    3.03896e+02
 Pressure (bar)   Constr. rmsd
   -5.25183e+03    3.84066e-06


DD  step 99 load imb.: force  3.5%  pme mesh/force 0.968

DD  step 999 load imb.: force  3.2%  pme mesh/force 0.913
           Step           Time
           1000        1.00000

   Energies (kJ/mol)
        G96Bond       G96Angle    Proper Dih.  Improper Dih.          LJ-14
    3.49441e+03    6.60531e+03    4.81110e+03    2.06101e+03   -7.93983e+01
     Coulomb-14        LJ (SR)   Coulomb (SR)   Coul. recip. Position Rest.
    6.03275e+04    2.03192e+06   -1.20806e+07    2.20655e+04    2.56477e+03
      Potential    Kinetic En.   Total Energy  Conserved En.    Temperature
   -9.94685e+06    1.14919e+06   -8.79766e+06   -9.32655e+06    2.26703e+02
 Pressure (bar)   Constr. rmsd
   -1.07887e+03    3.61942e-06


DD  step 1999 load imb.: force  2.9%  pme mesh/force 0.948
           Step           Time
           2000        2.00000

   Energies (kJ/mol)
        G96Bond       G96Angle    Proper Dih.  Improper Dih.          LJ-14
    3.99263e+03    7.08347e+03    4.83948e+03    2.19849e+03   -2.41265e+01
     Coulomb-14        LJ (SR)   Coulomb (SR)   Coul. recip. Position Rest.
    6.02418e+04    2.00325e+06   -1.18922e+07    2.33060e+04    2.18537e+03
      Potential    Kinetic En.   Total Energy  Conserved En.    Temperature
   -9.78511e+06    1.29593e+06   -8.48918e+06   -9.32646e+06    2.55650e+02
 Pressure (bar)   Constr. rmsd
   -6.27490e+02    3.71849e-06


DD  step 2999 load imb.: force  2.2%  pme mesh/force 0.927
           Step           Time
           3000        3.00000

   Energies (kJ/mol)
        G96Bond       G96Angle    Proper Dih.  Improper Dih.          LJ-14
    4.43252e+03    7.55520e+03    4.79997e+03    2.37857e+03   -2.87054e+00
     Coulomb-14        LJ (SR)   Coulomb (SR)   Coul. recip. Position Rest.
    6.04036e+04    1.98155e+06   -1.17597e+07    2.44695e+04    2.20297e+03
      Potential    Kinetic En.   Total Energy  Conserved En.    Temperature
   -9.67193e+06    1.37894e+06   -8.29299e+06   -9.32642e+06    2.72027e+02
 Pressure (bar)   Constr. rmsd
   -3.40738e+02    3.81266e-06


DD  step 3999 load imb.: force  2.8%  pme mesh/force 0.952
           Step           Time
           4000        4.00000

   Energies (kJ/mol)
        G96Bond       G96Angle    Proper Dih.  Improper Dih.          LJ-14
    4.57554e+03    7.64687e+03    4.90309e+03    2.40556e+03    1.29186e+02
     Coulomb-14        LJ (SR)   Coulomb (SR)   Coul. recip. Position Rest.
    6.03708e+04    1.94848e+06   -1.16400e+07    2.53248e+04    2.22389e+03
      Potential    Kinetic En.   Total Energy  Conserved En.    Temperature
   -9.58396e+06    1.42459e+06   -8.15937e+06   -9.32640e+06    2.81031e+02
 Pressure (bar)   Constr. rmsd
   -3.04801e+02    3.89533e-06


DD  step 4999 load imb.: force  2.1%  pme mesh/force 0.927
           Step           Time
           5000        5.00000

Writing checkpoint, step 5000 at Tue Nov 10 06:20:05 2020


   Energies (kJ/mol)
        G96Bond       G96Angle    Proper Dih.  Improper Dih.          LJ-14
    4.62045e+03    7.79736e+03    4.79611e+03    2.42365e+03    1.34458e+02
     Coulomb-14        LJ (SR)   Coulomb (SR)   Coul. recip. Position Rest.
    6.02687e+04    1.91935e+06   -1.15465e+07    2.56752e+04    2.39911e+03
      Potential    Kinetic En.   Total Energy  Conserved En.    Temperature
   -9.51906e+06    1.45527e+06   -8.06380e+06   -9.32635e+06    2.87084e+02
 Pressure (bar)   Constr. rmsd
   -2.94046e+02    3.78245e-06


	<======  ###############  ==>
	<====  A V E R A G E S  ====>
	<==  ###############  ======>

	Statistics over 5001 steps using 51 frames

   Energies (kJ/mol)
        G96Bond       G96Angle    Proper Dih.  Improper Dih.          LJ-14
    3.95024e+03    7.05751e+03    4.80263e+03    2.19591e+03    3.86476e+01
     Coulomb-14        LJ (SR)   Coulomb (SR)   Coul. recip. Position Rest.
    6.04090e+04    1.97745e+06   -1.18568e+07    2.37111e+04    2.26718e+03
      Potential    Kinetic En.   Total Energy  Conserved En.    Temperature
   -9.77496e+06    1.29362e+06   -8.48135e+06   -9.32653e+06    2.55195e+02
 Pressure (bar)   Constr. rmsd
   -8.25497e+02    0.00000e+00

   Total Virial (kJ/mol)
    5.88163e+05   -5.11828e+03   -7.09434e+02
   -4.81713e+03    5.94010e+05   -2.02972e+03
   -7.84875e+02   -2.39609e+03    5.75208e+05

   Pressure (bar)
   -8.31411e+02    2.49146e+01    1.29807e+01
    2.33064e+01   -8.69101e+02    1.15044e+01
    1.33835e+01    1.34608e+01   -7.75978e+02


	M E G A - F L O P S   A C C O U N T I N G

 NB=Group-cutoff nonbonded kernels    NxN=N-by-N cluster Verlet kernels
 RF=Reaction-Field  VdW=Van der Waals  QSTab=quadratic-spline table
 W3=SPC/TIP3p  W4=TIP4p (single or pairs)
 V&F=Potential and force  V=Potential only  F=Force only

 Computing:                               M-Number         M-Flops  % Flops
-----------------------------------------------------------------------------
 Pair Search distance check           22163.366660      199470.300     0.1
 NxN Ewald Elec. + LJ [F]           1303435.157904   101667942.317    53.0
 NxN Ewald Elec. + LJ [V&F]           13429.270800     1732375.933     0.9
 NxN LJ [F]                             298.625184       13438.133     0.0
 NxN LJ [V&F]                             3.065344         199.247     0.0
 NxN Ewald Elec. [F]                1271785.577040    77578920.199    40.5
 NxN Ewald Elec. [V&F]                13103.191472     1100668.084     0.6
 1,4 nonbonded interactions              37.147428        3343.269     0.0
 Calc Weights                          9120.338703      328332.193     0.2
 Spread Q Bspline                    194567.225664      389134.451     0.2
 Gather F Bspline                    194567.225664     1167403.354     0.6
 3D-FFT                              899898.463704     7199187.710     3.8
 Solve PME                              128.025600        8193.638     0.0
 Reset In Box                            31.002951          93.009     0.0
 CG-CoM                                  31.610852          94.833     0.0
 Bonds                                   18.143628        1070.474     0.0
 Angles                                  34.776954        5842.528     0.0
 Propers                                 16.718343        3828.501     0.0
 Impropers                               11.922384        2479.856     0.0
 Pos. Restr.                             17.788557         889.428     0.0
 Virial                                  31.117701         560.119     0.0
 Stop-CM                                 31.610852         316.109     0.0
 Calc-Ekin                              305.166302        8239.490     0.0
 Lincs                                    5.568339         334.100     0.0
 Lincs-Mat                               13.748244          54.993     0.0
 Constraint-V                          3028.495914       24227.967     0.0
 Constraint-Vir                          30.821544         739.717     0.0
 Settle                                1005.988231      324934.199     0.2
-----------------------------------------------------------------------------
 Total                                               191762314.150   100.0
-----------------------------------------------------------------------------


    D O M A I N   D E C O M P O S I T I O N   S T A T I S T I C S

 av. #atoms communicated per step for force:  2 x 857266.2


Dynamic load balancing report:
 DLB was off during the run due to low measured imbalance.
 Average load imbalance: 2.8%.
 The balanceable part of the MD step is 88%, load imbalance is computed from this.
 Part of the total run time spent waiting due to load imbalance: 2.5%.
 Average PME mesh/force load: 0.943
 Part of the total run time spent waiting due to PP/PME imbalance: 0.8 %


     R E A L   C Y C L E   A N D   T I M E   A C C O U N T I N G

On 50 MPI ranks doing PP, each using 2 OpenMP threads, and
on 10 MPI ranks doing PME, each using 2 OpenMP threads

 Computing:          Num   Num      Call    Wall time         Giga-Cycles
                     Ranks Threads  Count      (s)         total sum    %
-----------------------------------------------------------------------------
 Domain decomp.        50    2         51       0.261         63.709   0.4
 DD comm. load         50    2         50       0.001          0.160   0.0
 Send X to PME         50    2       5001       3.447        842.769   5.0
 Neighbor search       50    2         51       0.734        179.481   1.1
 Comm. coord.          50    2       4950       1.429        349.345   2.1
 Force                 50    2       5001      46.128      11279.663  67.2
 Wait + Comm. F        50    2       5001       2.152        526.245   3.1
 PME mesh *            10    2       5001      45.634       2231.764  13.3
 PME wait for PP *                              9.506        464.878   2.8
 Wait + Recv. PME F    50    2       5001       0.417        102.063   0.6
 NB X/F buffer ops.    50    2      14901       0.565        138.205   0.8
 Write traj.           50    2          2       0.068         16.680   0.1
 Update                50    2       5001       0.238         58.290   0.3
 Constraints           50    2       5003       0.483        118.038   0.7
 Comm. energies        50    2        251       1.646        402.433   2.4
-----------------------------------------------------------------------------
 Total                                         57.227      16792.443 100.0
-----------------------------------------------------------------------------
(*) Note that with separate PME ranks, the walltime column actually sums to
    twice the total reported, but the cycle count total and % are correct.
-----------------------------------------------------------------------------
 Breakdown of PME mesh computation
-----------------------------------------------------------------------------
 PME redist. X/F       10    2      10002       4.560        223.017   1.3
 PME spread            10    2       5001      11.863        580.191   3.5
 PME gather            10    2       5001       8.768        428.782   2.6
 PME 3D-FFT            10    2      10002      10.568        516.855   3.1
 PME 3D-FFT Comm.      10    2      10002       7.178        351.066   2.1
 PME solve Elec        10    2       5001       2.673        130.716   0.8
-----------------------------------------------------------------------------

               Core t (s)   Wall t (s)        (%)
       Time:     6867.236       57.227    11999.9
                 (ns/day)    (hour/ns)
Performance:        7.550        3.179
Finished mdrun on rank 0 Tue Nov 10 06:20:06 2020

